{"/Users/mac-guest1/Downloads/Git/mvp_projects/mvp_1/app/error.tsx": {"path":"/Users/mac-guest1/Downloads/Git/mvp_projects/mvp_1/app/error.tsx","statementMap":{"0":{"start":{"line":7,"column":24},"end":{"line":7,"column":30}},"1":{"start":{"line":2,"column":26},"end":{"line":2,"column":null}},"2":{"start":{"line":3,"column":23},"end":{"line":3,"column":null}},"3":{"start":{"line":4,"column":47},"end":{"line":4,"column":null}},"4":{"start":{"line":5,"column":17},"end":{"line":5,"column":null}},"5":{"start":{"line":14,"column":2},"end":{"line":17,"column":null}},"6":{"start":{"line":16,"column":4},"end":{"line":16,"column":null}},"7":{"start":{"line":47,"column":27},"end":{"line":47,"column":null}}},"fnMap":{"0":{"name":"Error","decl":{"start":{"line":7,"column":24},"end":{"line":7,"column":30}},"loc":{"start":{"line":13,"column":1},"end":{"line":105,"column":null}}},"1":{"name":"(anonymous_3)","decl":{"start":{"line":14,"column":12},"end":{"line":14,"column":null}},"loc":{"start":{"line":14,"column":12},"end":{"line":17,"column":5}}},"2":{"name":"(anonymous_4)","decl":{"start":{"line":47,"column":21},"end":{"line":47,"column":27}},"loc":{"start":{"line":47,"column":27},"end":{"line":47,"column":null}}}},"branchMap":{"0":{"loc":{"start":{"line":35,"column":13},"end":{"line":35,"column":null}},"type":"binary-expr","locations":[{"start":{"line":35,"column":13},"end":{"line":35,"column":26}},{"start":{"line":35,"column":30},"end":{"line":35,"column":null}}]},"1":{"loc":{"start":{"line":37,"column":11},"end":{"line":37,"column":23}},"type":"binary-expr","locations":[{"start":{"line":37,"column":11},"end":{"line":37,"column":23}}]},"2":{"loc":{"start":{"line":92,"column":9},"end":{"line":92,"column":null}},"type":"binary-expr","locations":[{"start":{"line":92,"column":9},"end":{"line":92,"column":null}}]}},"s":{"0":0,"1":0,"2":0,"3":0,"4":0,"5":0,"6":0,"7":0},"f":{"0":0,"1":0,"2":0},"b":{"0":[0,0],"1":[0],"2":[0]}}
,"/Users/mac-guest1/Downloads/Git/mvp_projects/mvp_1/app/layout.tsx": {"path":"/Users/mac-guest1/Downloads/Git/mvp_projects/mvp_1/app/layout.tsx","statementMap":{"0":{"start":{"line":33,"column":24},"end":{"line":33,"column":35}},"1":{"start":{"line":12,"column":13},"end":{"line":12,"column":21}},"2":{"start":{"line":2,"column":22},"end":{"line":2,"column":null}},"3":{"start":{"line":3,"column":7},"end":{"line":3,"column":null}},"4":{"start":{"line":4,"column":26},"end":{"line":4,"column":null}},"5":{"start":{"line":5,"column":24},"end":{"line":5,"column":null}},"6":{"start":{"line":6,"column":30},"end":{"line":6,"column":null}},"7":{"start":{"line":7,"column":36},"end":{"line":7,"column":null}},"8":{"start":{"line":8,"column":21},"end":{"line":8,"column":null}},"9":{"start":{"line":10,"column":14},"end":{"line":10,"column":null}},"10":{"start":{"line":12,"column":34},"end":{"line":28,"column":null}},"11":{"start":{"line":31,"column":36},"end":{"line":31,"column":null}},"12":{"start":{"line":38,"column":24},"end":{"line":38,"column":null}}},"fnMap":{"0":{"name":"RootLayout","decl":{"start":{"line":33,"column":24},"end":{"line":33,"column":35}},"loc":{"start":{"line":37,"column":1},"end":{"line":59,"column":1}}}},"branchMap":{"0":{"loc":{"start":{"line":50,"column":15},"end":{"line":51,"column":null}},"type":"binary-expr","locations":[{"start":{"line":50,"column":15},"end":{"line":50,"column":null}},{"start":{"line":51,"column":16},"end":{"line":51,"column":null}}]}},"s":{"0":0,"1":0,"2":0,"3":0,"4":0,"5":0,"6":0,"7":0,"8":0,"9":0,"10":0,"11":0,"12":0},"f":{"0":0},"b":{"0":[0,0]}}
,"/Users/mac-guest1/Downloads/Git/mvp_projects/mvp_1/app/not-found.tsx": {"path":"/Users/mac-guest1/Downloads/Git/mvp_projects/mvp_1/app/not-found.tsx","statementMap":{"0":{"start":{"line":5,"column":24},"end":{"line":5,"column":null}},"1":{"start":{"line":1,"column":17},"end":{"line":1,"column":null}},"2":{"start":{"line":2,"column":23},"end":{"line":2,"column":null}},"3":{"start":{"line":3,"column":40},"end":{"line":3,"column":null}}},"fnMap":{"0":{"name":"NotFound","decl":{"start":{"line":5,"column":24},"end":{"line":5,"column":null}},"loc":{"start":{"line":5,"column":24},"end":{"line":86,"column":null}}}},"branchMap":{},"s":{"0":0,"1":0,"2":0,"3":0},"f":{"0":0},"b":{}}
,"/Users/mac-guest1/Downloads/Git/mvp_projects/mvp_1/app/page.tsx": {"path":"/Users/mac-guest1/Downloads/Git/mvp_projects/mvp_1/app/page.tsx","statementMap":{"0":{"start":{"line":7,"column":24},"end":{"line":7,"column":null}},"1":{"start":{"line":1,"column":23},"end":{"line":1,"column":null}},"2":{"start":{"line":2,"column":74},"end":{"line":2,"column":null}},"3":{"start":{"line":3,"column":22},"end":{"line":3,"column":null}},"4":{"start":{"line":4,"column":145},"end":{"line":4,"column":null}},"5":{"start":{"line":5,"column":17},"end":{"line":5,"column":null}},"6":{"start":{"line":21,"column":10},"end":{"line":22,"column":null}}},"fnMap":{"0":{"name":"HomePage","decl":{"start":{"line":7,"column":24},"end":{"line":7,"column":null}},"loc":{"start":{"line":7,"column":24},"end":{"line":291,"column":null}}},"1":{"name":"(anonymous_3)","decl":{"start":{"line":20,"column":28},"end":{"line":20,"column":29}},"loc":{"start":{"line":21,"column":10},"end":{"line":22,"column":null}}}},"branchMap":{},"s":{"0":0,"1":0,"2":0,"3":0,"4":0,"5":0,"6":0},"f":{"0":0,"1":0},"b":{}}
,"/Users/mac-guest1/Downloads/Git/mvp_projects/mvp_1/app/(ops)/ops/page.tsx": {"path":"/Users/mac-guest1/Downloads/Git/mvp_projects/mvp_1/app/(ops)/ops/page.tsx","statementMap":{"0":{"start":{"line":57,"column":24},"end":{"line":57,"column":null}},"1":{"start":{"line":3,"column":36},"end":{"line":3,"column":null}},"2":{"start":{"line":4,"column":24},"end":{"line":4,"column":null}},"3":{"start":{"line":5,"column":74},"end":{"line":5,"column":null}},"4":{"start":{"line":6,"column":23},"end":{"line":6,"column":null}},"5":{"start":{"line":7,"column":57},"end":{"line":7,"column":null}},"6":{"start":{"line":8,"column":22},"end":{"line":8,"column":null}},"7":{"start":{"line":9,"column":25},"end":{"line":9,"column":null}},"8":{"start":{"line":21,"column":7},"end":{"line":21,"column":null}},"9":{"start":{"line":58,"column":19},"end":{"line":58,"column":null}},"10":{"start":{"line":59,"column":20},"end":{"line":59,"column":null}},"11":{"start":{"line":60,"column":28},"end":{"line":60,"column":null}},"12":{"start":{"line":61,"column":42},"end":{"line":61,"column":null}},"13":{"start":{"line":62,"column":42},"end":{"line":62,"column":null}},"14":{"start":{"line":63,"column":38},"end":{"line":63,"column":null}},"15":{"start":{"line":64,"column":32},"end":{"line":64,"column":null}},"16":{"start":{"line":67,"column":22},"end":{"line":67,"column":76}},"17":{"start":{"line":68,"column":18},"end":{"line":68,"column":null}},"18":{"start":{"line":70,"column":2},"end":{"line":81,"column":null}},"19":{"start":{"line":71,"column":4},"end":{"line":78,"column":null}},"20":{"start":{"line":72,"column":6},"end":{"line":76,"column":null}},"21":{"start":{"line":77,"column":6},"end":{"line":77,"column":null}},"22":{"start":{"line":80,"column":4},"end":{"line":80,"column":null}},"23":{"start":{"line":83,"column":28},"end":{"line":101,"column":null}},"24":{"start":{"line":84,"column":4},"end":{"line":84,"column":null}},"25":{"start":{"line":85,"column":4},"end":{"line":100,"column":null}},"26":{"start":{"line":86,"column":6},"end":{"line":91,"column":null}},"27":{"start":{"line":93,"column":6},"end":{"line":97,"column":null}},"28":{"start":{"line":99,"column":6},"end":{"line":99,"column":null}},"29":{"start":{"line":103,"column":20},"end":{"line":109,"column":null}},"30":{"start":{"line":104,"column":21},"end":{"line":104,"column":null}},"31":{"start":{"line":105,"column":4},"end":{"line":108,"column":null}},"32":{"start":{"line":106,"column":19},"end":{"line":106,"column":null}},"33":{"start":{"line":107,"column":6},"end":{"line":107,"column":null}},"34":{"start":{"line":111,"column":27},"end":{"line":117,"column":null}},"35":{"start":{"line":112,"column":21},"end":{"line":112,"column":null}},"36":{"start":{"line":113,"column":4},"end":{"line":116,"column":null}},"37":{"start":{"line":114,"column":19},"end":{"line":114,"column":null}},"38":{"start":{"line":115,"column":6},"end":{"line":115,"column":null}},"39":{"start":{"line":119,"column":27},"end":{"line":125,"column":null}},"40":{"start":{"line":120,"column":21},"end":{"line":120,"column":null}},"41":{"start":{"line":121,"column":4},"end":{"line":124,"column":null}},"42":{"start":{"line":122,"column":19},"end":{"line":122,"column":null}},"43":{"start":{"line":123,"column":6},"end":{"line":123,"column":null}},"44":{"start":{"line":127,"column":25},"end":{"line":133,"column":null}},"45":{"start":{"line":128,"column":21},"end":{"line":128,"column":null}},"46":{"start":{"line":129,"column":4},"end":{"line":132,"column":null}},"47":{"start":{"line":130,"column":19},"end":{"line":130,"column":null}},"48":{"start":{"line":131,"column":6},"end":{"line":131,"column":null}},"49":{"start":{"line":135,"column":18},"end":{"line":155,"column":null}},"50":{"start":{"line":136,"column":4},"end":{"line":154,"column":null}},"51":{"start":{"line":137,"column":23},"end":{"line":139,"column":null}},"52":{"start":{"line":141,"column":6},"end":{"line":147,"column":null}},"53":{"start":{"line":142,"column":8},"end":{"line":145,"column":null}},"54":{"start":{"line":146,"column":8},"end":{"line":146,"column":null}},"55":{"start":{"line":149,"column":6},"end":{"line":153,"column":null}},"56":{"start":{"line":157,"column":20},"end":{"line":177,"column":null}},"57":{"start":{"line":158,"column":4},"end":{"line":176,"column":null}},"58":{"start":{"line":159,"column":23},"end":{"line":161,"column":null}},"59":{"start":{"line":163,"column":6},"end":{"line":169,"column":null}},"60":{"start":{"line":164,"column":8},"end":{"line":167,"column":null}},"61":{"start":{"line":168,"column":8},"end":{"line":168,"column":null}},"62":{"start":{"line":171,"column":6},"end":{"line":175,"column":null}},"63":{"start":{"line":179,"column":2},"end":{"line":192,"column":null}},"64":{"start":{"line":194,"column":2},"end":{"line":203,"column":null}},"65":{"start":{"line":227,"column":35},"end":{"line":227,"column":47}},"66":{"start":{"line":240,"column":31},"end":{"line":240,"column":null}},"67":{"start":{"line":241,"column":38},"end":{"line":241,"column":52}},"68":{"start":{"line":245,"column":42},"end":{"line":245,"column":68}},"69":{"start":{"line":258,"column":42},"end":{"line":258,"column":68}},"70":{"start":{"line":299,"column":20},"end":{"line":299,"column":39}},"71":{"start":{"line":314,"column":41},"end":{"line":314,"column":null}},"72":{"start":{"line":340,"column":20},"end":{"line":340,"column":46}},"73":{"start":{"line":369,"column":20},"end":{"line":369,"column":42}},"74":{"start":{"line":411,"column":26},"end":{"line":411,"column":45}}},"fnMap":{"0":{"name":"AdminDashboard","decl":{"start":{"line":57,"column":24},"end":{"line":57,"column":null}},"loc":{"start":{"line":57,"column":24},"end":{"line":426,"column":null}}},"1":{"name":"(anonymous_2)","decl":{"start":{"line":70,"column":12},"end":{"line":70,"column":null}},"loc":{"start":{"line":70,"column":12},"end":{"line":81,"column":5}}},"2":{"name":"(anonymous_3)","decl":{"start":{"line":83,"column":28},"end":{"line":83,"column":null}},"loc":{"start":{"line":83,"column":28},"end":{"line":101,"column":null}}},"3":{"name":"(anonymous_4)","decl":{"start":{"line":103,"column":20},"end":{"line":103,"column":null}},"loc":{"start":{"line":103,"column":20},"end":{"line":109,"column":null}}},"4":{"name":"(anonymous_5)","decl":{"start":{"line":111,"column":27},"end":{"line":111,"column":null}},"loc":{"start":{"line":111,"column":27},"end":{"line":117,"column":null}}},"5":{"name":"(anonymous_6)","decl":{"start":{"line":119,"column":27},"end":{"line":119,"column":null}},"loc":{"start":{"line":119,"column":27},"end":{"line":125,"column":null}}},"6":{"name":"(anonymous_7)","decl":{"start":{"line":127,"column":25},"end":{"line":127,"column":null}},"loc":{"start":{"line":127,"column":25},"end":{"line":133,"column":null}}},"7":{"name":"(anonymous_8)","decl":{"start":{"line":135,"column":18},"end":{"line":135,"column":25}},"loc":{"start":{"line":135,"column":25},"end":{"line":155,"column":null}}},"8":{"name":"(anonymous_9)","decl":{"start":{"line":157,"column":20},"end":{"line":157,"column":27}},"loc":{"start":{"line":157,"column":27},"end":{"line":177,"column":null}}},"9":{"name":"(anonymous_10)","decl":{"start":{"line":227,"column":30},"end":{"line":227,"column":35}},"loc":{"start":{"line":227,"column":35},"end":{"line":227,"column":47}}},"10":{"name":"(anonymous_11)","decl":{"start":{"line":240,"column":26},"end":{"line":240,"column":31}},"loc":{"start":{"line":240,"column":31},"end":{"line":240,"column":null}}},"11":{"name":"(anonymous_12)","decl":{"start":{"line":241,"column":26},"end":{"line":241,"column":27}},"loc":{"start":{"line":241,"column":38},"end":{"line":241,"column":52}}},"12":{"name":"(anonymous_13)","decl":{"start":{"line":245,"column":37},"end":{"line":245,"column":42}},"loc":{"start":{"line":245,"column":42},"end":{"line":245,"column":68}}},"13":{"name":"(anonymous_14)","decl":{"start":{"line":258,"column":37},"end":{"line":258,"column":42}},"loc":{"start":{"line":258,"column":42},"end":{"line":258,"column":68}}},"14":{"name":"(anonymous_15)","decl":{"start":{"line":298,"column":29},"end":{"line":298,"column":30}},"loc":{"start":{"line":299,"column":20},"end":{"line":299,"column":39}}},"15":{"name":"(anonymous_16)","decl":{"start":{"line":314,"column":35},"end":{"line":314,"column":41}},"loc":{"start":{"line":314,"column":41},"end":{"line":314,"column":null}}},"16":{"name":"(anonymous_17)","decl":{"start":{"line":339,"column":36},"end":{"line":339,"column":37}},"loc":{"start":{"line":340,"column":20},"end":{"line":340,"column":46}}},"17":{"name":"(anonymous_18)","decl":{"start":{"line":368,"column":49},"end":{"line":368,"column":50}},"loc":{"start":{"line":369,"column":20},"end":{"line":369,"column":42}}},"18":{"name":"(anonymous_19)","decl":{"start":{"line":410,"column":53},"end":{"line":410,"column":54}},"loc":{"start":{"line":411,"column":26},"end":{"line":411,"column":45}}}},"branchMap":{"0":{"loc":{"start":{"line":67,"column":22},"end":{"line":67,"column":76}},"type":"binary-expr","locations":[{"start":{"line":67,"column":22},"end":{"line":67,"column":74}},{"start":{"line":67,"column":74},"end":{"line":67,"column":76}}]},"1":{"loc":{"start":{"line":68,"column":18},"end":{"line":68,"column":null}},"type":"binary-expr","locations":[{"start":{"line":68,"column":18},"end":{"line":68,"column":26}},{"start":{"line":68,"column":26},"end":{"line":68,"column":null}}]},"2":{"loc":{"start":{"line":68,"column":47},"end":{"line":68,"column":null}},"type":"binary-expr","locations":[{"start":{"line":68,"column":47},"end":{"line":68,"column":57}},{"start":{"line":68,"column":61},"end":{"line":68,"column":null}}]},"3":{"loc":{"start":{"line":71,"column":4},"end":{"line":78,"column":null}},"type":"if","locations":[{"start":{"line":71,"column":4},"end":{"line":78,"column":null}}]},"4":{"loc":{"start":{"line":105,"column":4},"end":{"line":108,"column":null}},"type":"if","locations":[{"start":{"line":105,"column":4},"end":{"line":108,"column":null}}]},"5":{"loc":{"start":{"line":113,"column":4},"end":{"line":116,"column":null}},"type":"if","locations":[{"start":{"line":113,"column":4},"end":{"line":116,"column":null}}]},"6":{"loc":{"start":{"line":121,"column":4},"end":{"line":124,"column":null}},"type":"if","locations":[{"start":{"line":121,"column":4},"end":{"line":124,"column":null}}]},"7":{"loc":{"start":{"line":129,"column":4},"end":{"line":132,"column":null}},"type":"if","locations":[{"start":{"line":129,"column":4},"end":{"line":132,"column":null}}]},"8":{"loc":{"start":{"line":141,"column":6},"end":{"line":147,"column":null}},"type":"if","locations":[{"start":{"line":141,"column":6},"end":{"line":147,"column":null}}]},"9":{"loc":{"start":{"line":163,"column":6},"end":{"line":169,"column":null}},"type":"if","locations":[{"start":{"line":163,"column":6},"end":{"line":169,"column":null}}]},"10":{"loc":{"start":{"line":179,"column":2},"end":{"line":192,"column":null}},"type":"if","locations":[{"start":{"line":179,"column":2},"end":{"line":192,"column":null}}]},"11":{"loc":{"start":{"line":194,"column":2},"end":{"line":203,"column":null}},"type":"if","locations":[{"start":{"line":194,"column":2},"end":{"line":203,"column":null}}]},"12":{"loc":{"start":{"line":270,"column":17},"end":{"line":270,"column":null}},"type":"cond-expr","locations":[{"start":{"line":270,"column":30},"end":{"line":270,"column":109}},{"start":{"line":270,"column":112},"end":{"line":270,"column":null}}]},"13":{"loc":{"start":{"line":273,"column":17},"end":{"line":273,"column":52}},"type":"binary-expr","locations":[{"start":{"line":273,"column":17},"end":{"line":273,"column":50}},{"start":{"line":273,"column":50},"end":{"line":273,"column":52}}]},"14":{"loc":{"start":{"line":308,"column":25},"end":{"line":308,"column":39}},"type":"binary-expr","locations":[{"start":{"line":308,"column":25},"end":{"line":308,"column":39}}]},"15":{"loc":{"start":{"line":314,"column":41},"end":{"line":314,"column":null}},"type":"cond-expr","locations":[{"start":{"line":314,"column":58},"end":{"line":314,"column":79}},{"start":{"line":314,"column":79},"end":{"line":314,"column":null}}]},"16":{"loc":{"start":{"line":316,"column":44},"end":{"line":316,"column":78}},"type":"cond-expr","locations":[{"start":{"line":316,"column":44},"end":{"line":316,"column":78}}]},"17":{"loc":{"start":{"line":348,"column":38},"end":{"line":348,"column":null}},"type":"cond-expr","locations":[{"start":{"line":348,"column":75},"end":{"line":348,"column":87}},{"start":{"line":348,"column":87},"end":{"line":348,"column":null}}]},"18":{"loc":{"start":{"line":393,"column":17},"end":{"line":393,"column":null}},"type":"binary-expr","locations":[{"start":{"line":393,"column":17},"end":{"line":393,"column":null}}]}},"s":{"0":0,"1":0,"2":0,"3":0,"4":0,"5":0,"6":0,"7":0,"8":0,"9":0,"10":0,"11":0,"12":0,"13":0,"14":0,"15":0,"16":0,"17":0,"18":0,"19":0,"20":0,"21":0,"22":0,"23":0,"24":0,"25":0,"26":0,"27":0,"28":0,"29":0,"30":0,"31":0,"32":0,"33":0,"34":0,"35":0,"36":0,"37":0,"38":0,"39":0,"40":0,"41":0,"42":0,"43":0,"44":0,"45":0,"46":0,"47":0,"48":0,"49":0,"50":0,"51":0,"52":0,"53":0,"54":0,"55":0,"56":0,"57":0,"58":0,"59":0,"60":0,"61":0,"62":0,"63":0,"64":0,"65":0,"66":0,"67":0,"68":0,"69":0,"70":0,"71":0,"72":0,"73":0,"74":0},"f":{"0":0,"1":0,"2":0,"3":0,"4":0,"5":0,"6":0,"7":0,"8":0,"9":0,"10":0,"11":0,"12":0,"13":0,"14":0,"15":0,"16":0,"17":0,"18":0},"b":{"0":[0,0],"1":[0,0],"2":[0,0],"3":[0],"4":[0],"5":[0],"6":[0],"7":[0],"8":[0],"9":[0],"10":[0],"11":[0],"12":[0,0],"13":[0,0],"14":[0],"15":[0,0],"16":[0],"17":[0,0],"18":[0]}}
,"/Users/mac-guest1/Downloads/Git/mvp_projects/mvp_1/app/about/page.tsx": {"path":"/Users/mac-guest1/Downloads/Git/mvp_projects/mvp_1/app/about/page.tsx","statementMap":{"0":{"start":{"line":16,"column":24},"end":{"line":16,"column":null}},"1":{"start":{"line":1,"column":17},"end":{"line":1,"column":null}},"2":{"start":{"line":2,"column":23},"end":{"line":2,"column":null}},"3":{"start":{"line":3,"column":74},"end":{"line":3,"column":null}},"4":{"start":{"line":14,"column":7},"end":{"line":14,"column":null}}},"fnMap":{"0":{"name":"AboutPage","decl":{"start":{"line":16,"column":24},"end":{"line":16,"column":null}},"loc":{"start":{"line":16,"column":24},"end":{"line":321,"column":null}}}},"branchMap":{},"s":{"0":0,"1":0,"2":0,"3":0,"4":0},"f":{"0":0},"b":{}}
,"/Users/mac-guest1/Downloads/Git/mvp_projects/mvp_1/app/api/chat/[chatId]/messages/route.ts": {"path":"/Users/mac-guest1/Downloads/Git/mvp_projects/mvp_1/app/api/chat/[chatId]/messages/route.ts","statementMap":{"0":{"start":{"line":5,"column":22},"end":{"line":5,"column":25}},"1":{"start":{"line":57,"column":22},"end":{"line":57,"column":26}},"2":{"start":{"line":2,"column":29},"end":{"line":2,"column":null}},"3":{"start":{"line":9,"column":2},"end":{"line":54,"column":null}},"4":{"start":{"line":10,"column":21},"end":{"line":10,"column":null}},"5":{"start":{"line":13,"column":49},"end":{"line":13,"column":null}},"6":{"start":{"line":15,"column":4},"end":{"line":20,"column":null}},"7":{"start":{"line":16,"column":6},"end":{"line":18,"column":null}},"8":{"start":{"line":23,"column":53},"end":{"line":37,"column":null}},"9":{"start":{"line":39,"column":4},"end":{"line":45,"column":null}},"10":{"start":{"line":40,"column":6},"end":{"line":40,"column":null}},"11":{"start":{"line":41,"column":6},"end":{"line":43,"column":null}},"12":{"start":{"line":47,"column":4},"end":{"line":47,"column":null}},"13":{"start":{"line":49,"column":4},"end":{"line":49,"column":null}},"14":{"start":{"line":50,"column":4},"end":{"line":52,"column":null}},"15":{"start":{"line":61,"column":2},"end":{"line":112,"column":null}},"16":{"start":{"line":62,"column":21},"end":{"line":62,"column":null}},"17":{"start":{"line":63,"column":46},"end":{"line":63,"column":null}},"18":{"start":{"line":66,"column":49},"end":{"line":66,"column":null}},"19":{"start":{"line":68,"column":4},"end":{"line":73,"column":null}},"20":{"start":{"line":69,"column":6},"end":{"line":71,"column":null}},"21":{"start":{"line":76,"column":51},"end":{"line":95,"column":null}},"22":{"start":{"line":97,"column":4},"end":{"line":103,"column":null}},"23":{"start":{"line":98,"column":6},"end":{"line":98,"column":null}},"24":{"start":{"line":99,"column":6},"end":{"line":101,"column":null}},"25":{"start":{"line":105,"column":4},"end":{"line":105,"column":null}},"26":{"start":{"line":107,"column":4},"end":{"line":107,"column":null}},"27":{"start":{"line":108,"column":4},"end":{"line":110,"column":null}}},"fnMap":{"0":{"name":"GET","decl":{"start":{"line":5,"column":22},"end":{"line":5,"column":25}},"loc":{"start":{"line":7,"column":44},"end":{"line":55,"column":null}}},"1":{"name":"POST","decl":{"start":{"line":57,"column":22},"end":{"line":57,"column":26}},"loc":{"start":{"line":59,"column":44},"end":{"line":113,"column":null}}}},"branchMap":{"0":{"loc":{"start":{"line":15,"column":4},"end":{"line":20,"column":null}},"type":"if","locations":[{"start":{"line":15,"column":4},"end":{"line":20,"column":null}}]},"1":{"loc":{"start":{"line":15,"column":8},"end":{"line":15,"column":28}},"type":"binary-expr","locations":[{"start":{"line":15,"column":8},"end":{"line":15,"column":21}},{"start":{"line":15,"column":21},"end":{"line":15,"column":28}}]},"2":{"loc":{"start":{"line":39,"column":4},"end":{"line":45,"column":null}},"type":"if","locations":[{"start":{"line":39,"column":4},"end":{"line":45,"column":null}}]},"3":{"loc":{"start":{"line":47,"column":41},"end":{"line":47,"column":55}},"type":"binary-expr","locations":[{"start":{"line":47,"column":41},"end":{"line":47,"column":53}},{"start":{"line":47,"column":53},"end":{"line":47,"column":55}}]},"4":{"loc":{"start":{"line":63,"column":21},"end":{"line":63,"column":41}},"type":"default-arg","locations":[{"start":{"line":63,"column":35},"end":{"line":63,"column":41}}]},"5":{"loc":{"start":{"line":68,"column":4},"end":{"line":73,"column":null}},"type":"if","locations":[{"start":{"line":68,"column":4},"end":{"line":73,"column":null}}]},"6":{"loc":{"start":{"line":68,"column":8},"end":{"line":68,"column":28}},"type":"binary-expr","locations":[{"start":{"line":68,"column":8},"end":{"line":68,"column":21}},{"start":{"line":68,"column":21},"end":{"line":68,"column":28}}]},"7":{"loc":{"start":{"line":97,"column":4},"end":{"line":103,"column":null}},"type":"if","locations":[{"start":{"line":97,"column":4},"end":{"line":103,"column":null}}]}},"s":{"0":0,"1":0,"2":0,"3":0,"4":0,"5":0,"6":0,"7":0,"8":0,"9":0,"10":0,"11":0,"12":0,"13":0,"14":0,"15":0,"16":0,"17":0,"18":0,"19":0,"20":0,"21":0,"22":0,"23":0,"24":0,"25":0,"26":0,"27":0},"f":{"0":0,"1":0},"b":{"0":[0],"1":[0,0],"2":[0],"3":[0,0],"4":[0],"5":[0],"6":[0,0],"7":[0]}}
,"/Users/mac-guest1/Downloads/Git/mvp_projects/mvp_1/app/api/chat/list/route.ts": {"path":"/Users/mac-guest1/Downloads/Git/mvp_projects/mvp_1/app/api/chat/list/route.ts","statementMap":{"0":{"start":{"line":4,"column":22},"end":{"line":4,"column":26}},"1":{"start":{"line":2,"column":29},"end":{"line":2,"column":null}},"2":{"start":{"line":5,"column":2},"end":{"line":65,"column":null}},"3":{"start":{"line":6,"column":21},"end":{"line":6,"column":null}},"4":{"start":{"line":9,"column":49},"end":{"line":9,"column":null}},"5":{"start":{"line":11,"column":4},"end":{"line":16,"column":null}},"6":{"start":{"line":12,"column":6},"end":{"line":14,"column":null}},"7":{"start":{"line":19,"column":47},"end":{"line":35,"column":null}},"8":{"start":{"line":37,"column":4},"end":{"line":43,"column":null}},"9":{"start":{"line":38,"column":6},"end":{"line":38,"column":null}},"10":{"start":{"line":39,"column":6},"end":{"line":41,"column":null}},"11":{"start":{"line":46,"column":29},"end":{"line":56,"column":13}},"12":{"start":{"line":46,"column":49},"end":{"line":56,"column":11}},"13":{"start":{"line":58,"column":4},"end":{"line":58,"column":null}},"14":{"start":{"line":60,"column":4},"end":{"line":60,"column":null}},"15":{"start":{"line":61,"column":4},"end":{"line":63,"column":null}}},"fnMap":{"0":{"name":"GET","decl":{"start":{"line":4,"column":22},"end":{"line":4,"column":26}},"loc":{"start":{"line":4,"column":46},"end":{"line":66,"column":null}}},"1":{"name":"(anonymous_3)","decl":{"start":{"line":46,"column":40},"end":{"line":46,"column":49}},"loc":{"start":{"line":46,"column":49},"end":{"line":56,"column":11}}}},"branchMap":{"0":{"loc":{"start":{"line":11,"column":4},"end":{"line":16,"column":null}},"type":"if","locations":[{"start":{"line":11,"column":4},"end":{"line":16,"column":null}}]},"1":{"loc":{"start":{"line":11,"column":8},"end":{"line":11,"column":28}},"type":"binary-expr","locations":[{"start":{"line":11,"column":8},"end":{"line":11,"column":21}},{"start":{"line":11,"column":21},"end":{"line":11,"column":28}}]},"2":{"loc":{"start":{"line":37,"column":4},"end":{"line":43,"column":null}},"type":"if","locations":[{"start":{"line":37,"column":4},"end":{"line":43,"column":null}}]},"3":{"loc":{"start":{"line":46,"column":29},"end":{"line":56,"column":13}},"type":"binary-expr","locations":[{"start":{"line":46,"column":29},"end":{"line":56,"column":11}},{"start":{"line":56,"column":11},"end":{"line":56,"column":13}}]},"4":{"loc":{"start":{"line":48,"column":17},"end":{"line":53,"column":null}},"type":"cond-expr","locations":[{"start":{"line":48,"column":45},"end":{"line":48,"column":60}},{"start":{"line":48,"column":63},"end":{"line":53,"column":null}}]}},"s":{"0":0,"1":0,"2":0,"3":0,"4":0,"5":0,"6":0,"7":0,"8":0,"9":0,"10":0,"11":0,"12":0,"13":0,"14":0,"15":0},"f":{"0":0,"1":0},"b":{"0":[0],"1":[0,0],"2":[0],"3":[0,0],"4":[0,0]}}
,"/Users/mac-guest1/Downloads/Git/mvp_projects/mvp_1/app/api/db-test/route.ts": {"path":"/Users/mac-guest1/Downloads/Git/mvp_projects/mvp_1/app/api/db-test/route.ts","statementMap":{"0":{"start":{"line":34,"column":22},"end":{"line":34,"column":25}},"1":{"start":{"line":254,"column":22},"end":{"line":254,"column":26}},"2":{"start":{"line":2,"column":29},"end":{"line":2,"column":null}},"3":{"start":{"line":6,"column":17},"end":{"line":6,"column":null}},"4":{"start":{"line":9,"column":4},"end":{"line":13,"column":null}},"5":{"start":{"line":17,"column":4},"end":{"line":17,"column":null}},"6":{"start":{"line":21,"column":4},"end":{"line":21,"column":null}},"7":{"start":{"line":25,"column":4},"end":{"line":25,"column":null}},"8":{"start":{"line":26,"column":4},"end":{"line":30,"column":null}},"9":{"start":{"line":35,"column":20},"end":{"line":35,"column":null}},"10":{"start":{"line":37,"column":2},"end":{"line":251,"column":null}},"11":{"start":{"line":38,"column":4},"end":{"line":38,"column":null}},"12":{"start":{"line":40,"column":21},"end":{"line":40,"column":null}},"13":{"start":{"line":62,"column":8},"end":{"line":74,"column":null}},"14":{"start":{"line":77,"column":4},"end":{"line":77,"column":null}},"15":{"start":{"line":78,"column":28},"end":{"line":78,"column":null}},"16":{"start":{"line":79,"column":4},"end":{"line":92,"column":null}},"17":{"start":{"line":80,"column":30},"end":{"line":80,"column":null}},"18":{"start":{"line":81,"column":6},"end":{"line":85,"column":null}},"19":{"start":{"line":87,"column":6},"end":{"line":91,"column":null}},"20":{"start":{"line":95,"column":4},"end":{"line":95,"column":null}},"21":{"start":{"line":96,"column":19},"end":{"line":103,"column":null}},"22":{"start":{"line":105,"column":4},"end":{"line":105,"column":null}},"23":{"start":{"line":106,"column":4},"end":{"line":122,"column":null}},"24":{"start":{"line":107,"column":25},"end":{"line":107,"column":null}},"25":{"start":{"line":108,"column":6},"end":{"line":121,"column":null}},"26":{"start":{"line":109,"column":32},"end":{"line":109,"column":null}},"27":{"start":{"line":110,"column":8},"end":{"line":114,"column":null}},"28":{"start":{"line":116,"column":8},"end":{"line":120,"column":null}},"29":{"start":{"line":125,"column":4},"end":{"line":125,"column":null}},"30":{"start":{"line":126,"column":29},"end":{"line":131,"column":null}},"31":{"start":{"line":127,"column":44},"end":{"line":127,"column":104}},"32":{"start":{"line":128,"column":45},"end":{"line":128,"column":92}},"33":{"start":{"line":129,"column":42},"end":{"line":129,"column":84}},"34":{"start":{"line":130,"column":45},"end":{"line":130,"column":92}},"35":{"start":{"line":133,"column":4},"end":{"line":133,"column":null}},"36":{"start":{"line":134,"column":4},"end":{"line":151,"column":null}},"37":{"start":{"line":135,"column":24},"end":{"line":135,"column":null}},"38":{"start":{"line":136,"column":6},"end":{"line":150,"column":null}},"39":{"start":{"line":137,"column":32},"end":{"line":137,"column":null}},"40":{"start":{"line":138,"column":8},"end":{"line":143,"column":null}},"41":{"start":{"line":145,"column":8},"end":{"line":149,"column":null}},"42":{"start":{"line":154,"column":4},"end":{"line":154,"column":null}},"43":{"start":{"line":155,"column":28},"end":{"line":173,"column":null}},"44":{"start":{"line":156,"column":20},"end":{"line":156,"column":null}},"45":{"start":{"line":157,"column":6},"end":{"line":172,"column":null}},"46":{"start":{"line":158,"column":32},"end":{"line":158,"column":null}},"47":{"start":{"line":159,"column":8},"end":{"line":164,"column":null}},"48":{"start":{"line":166,"column":8},"end":{"line":171,"column":null}},"49":{"start":{"line":175,"column":30},"end":{"line":175,"column":null}},"50":{"start":{"line":176,"column":4},"end":{"line":182,"column":null}},"51":{"start":{"line":178,"column":48},"end":{"line":178,"column":57}},"52":{"start":{"line":179,"column":44},"end":{"line":179,"column":54}},"53":{"start":{"line":180,"column":64},"end":{"line":180,"column":84}},"54":{"start":{"line":185,"column":4},"end":{"line":185,"column":null}},"55":{"start":{"line":186,"column":21},"end":{"line":186,"column":null}},"56":{"start":{"line":187,"column":4},"end":{"line":200,"column":null}},"57":{"start":{"line":188,"column":30},"end":{"line":188,"column":null}},"58":{"start":{"line":189,"column":6},"end":{"line":193,"column":null}},"59":{"start":{"line":195,"column":6},"end":{"line":199,"column":null}},"60":{"start":{"line":203,"column":4},"end":{"line":203,"column":null}},"61":{"start":{"line":204,"column":28},"end":{"line":210,"column":null}},"62":{"start":{"line":212,"column":4},"end":{"line":212,"column":null}},"63":{"start":{"line":213,"column":4},"end":{"line":219,"column":null}},"64":{"start":{"line":214,"column":20},"end":{"line":214,"column":39}},"65":{"start":{"line":215,"column":6},"end":{"line":218,"column":null}},"66":{"start":{"line":222,"column":4},"end":{"line":222,"column":null}},"67":{"start":{"line":225,"column":30},"end":{"line":225,"column":null}},"68":{"start":{"line":226,"column":21},"end":{"line":232,"column":null}},"69":{"start":{"line":234,"column":24},"end":{"line":234,"column":80}},"70":{"start":{"line":234,"column":48},"end":{"line":234,"column":74}},"71":{"start":{"line":235,"column":23},"end":{"line":235,"column":38}},"72":{"start":{"line":237,"column":4},"end":{"line":243,"column":null}},"73":{"start":{"line":245,"column":4},"end":{"line":245,"column":null}},"74":{"start":{"line":246,"column":4},"end":{"line":246,"column":null}},"75":{"start":{"line":249,"column":4},"end":{"line":249,"column":null}},"76":{"start":{"line":250,"column":4},"end":{"line":250,"column":null}},"77":{"start":{"line":255,"column":2},"end":{"line":302,"column":null}},"78":{"start":{"line":256,"column":17},"end":{"line":256,"column":null}},"79":{"start":{"line":257,"column":29},"end":{"line":257,"column":null}},"80":{"start":{"line":259,"column":4},"end":{"line":297,"column":null}},"81":{"start":{"line":261,"column":8},"end":{"line":261,"column":null}},"82":{"start":{"line":262,"column":8},"end":{"line":265,"column":null}},"83":{"start":{"line":269,"column":25},"end":{"line":269,"column":null}},"84":{"start":{"line":270,"column":57},"end":{"line":277,"column":null}},"85":{"start":{"line":279,"column":8},"end":{"line":284,"column":null}},"86":{"start":{"line":280,"column":10},"end":{"line":283,"column":null}},"87":{"start":{"line":286,"column":8},"end":{"line":290,"column":null}},"88":{"start":{"line":293,"column":8},"end":{"line":296,"column":null}},"89":{"start":{"line":300,"column":4},"end":{"line":300,"column":null}},"90":{"start":{"line":301,"column":4},"end":{"line":301,"column":null}}},"fnMap":{"0":{"name":"(anonymous_4)","decl":{"start":{"line":8,"column":2},"end":{"line":8,"column":9}},"loc":{"start":{"line":8,"column":47},"end":{"line":14,"column":null}}},"1":{"name":"(anonymous_5)","decl":{"start":{"line":16,"column":2},"end":{"line":16,"column":9}},"loc":{"start":{"line":16,"column":23},"end":{"line":18,"column":null}}},"2":{"name":"(anonymous_6)","decl":{"start":{"line":20,"column":2},"end":{"line":20,"column":9}},"loc":{"start":{"line":20,"column":25},"end":{"line":22,"column":null}}},"3":{"name":"(anonymous_7)","decl":{"start":{"line":24,"column":2},"end":{"line":24,"column":9}},"loc":{"start":{"line":24,"column":58},"end":{"line":31,"column":null}}},"4":{"name":"GET","decl":{"start":{"line":34,"column":22},"end":{"line":34,"column":25}},"loc":{"start":{"line":34,"column":46},"end":{"line":252,"column":null}}},"5":{"name":"(anonymous_9)","decl":{"start":{"line":127,"column":38},"end":{"line":127,"column":44}},"loc":{"start":{"line":127,"column":44},"end":{"line":127,"column":104}}},"6":{"name":"(anonymous_10)","decl":{"start":{"line":128,"column":39},"end":{"line":128,"column":45}},"loc":{"start":{"line":128,"column":45},"end":{"line":128,"column":92}}},"7":{"name":"(anonymous_11)","decl":{"start":{"line":129,"column":36},"end":{"line":129,"column":42}},"loc":{"start":{"line":129,"column":42},"end":{"line":129,"column":84}}},"8":{"name":"(anonymous_12)","decl":{"start":{"line":130,"column":39},"end":{"line":130,"column":45}},"loc":{"start":{"line":130,"column":45},"end":{"line":130,"column":92}}},"9":{"name":"(anonymous_13)","decl":{"start":{"line":155,"column":52},"end":{"line":155,"column":59}},"loc":{"start":{"line":155,"column":62},"end":{"line":173,"column":null}}},"10":{"name":"(anonymous_14)","decl":{"start":{"line":178,"column":43},"end":{"line":178,"column":48}},"loc":{"start":{"line":178,"column":48},"end":{"line":178,"column":57}}},"11":{"name":"(anonymous_15)","decl":{"start":{"line":179,"column":39},"end":{"line":179,"column":44}},"loc":{"start":{"line":179,"column":44},"end":{"line":179,"column":54}}},"12":{"name":"(anonymous_16)","decl":{"start":{"line":180,"column":52},"end":{"line":180,"column":53}},"loc":{"start":{"line":180,"column":64},"end":{"line":180,"column":84}}},"13":{"name":"(anonymous_17)","decl":{"start":{"line":234,"column":40},"end":{"line":234,"column":48}},"loc":{"start":{"line":234,"column":48},"end":{"line":234,"column":74}}},"14":{"name":"POST","decl":{"start":{"line":254,"column":22},"end":{"line":254,"column":26}},"loc":{"start":{"line":254,"column":47},"end":{"line":303,"column":null}}}},"branchMap":{"0":{"loc":{"start":{"line":11,"column":13},"end":{"line":11,"column":null}},"type":"cond-expr","locations":[{"start":{"line":11,"column":38},"end":{"line":11,"column":51}},{"start":{"line":11,"column":54},"end":{"line":11,"column":null}}]},"1":{"loc":{"start":{"line":28,"column":13},"end":{"line":28,"column":null}},"type":"cond-expr","locations":[{"start":{"line":28,"column":38},"end":{"line":28,"column":51}},{"start":{"line":28,"column":54},"end":{"line":28,"column":null}}]},"2":{"loc":{"start":{"line":64,"column":19},"end":{"line":64,"column":null}},"type":"binary-expr","locations":[{"start":{"line":64,"column":19},"end":{"line":64,"column":40}},{"start":{"line":64,"column":86},"end":{"line":64,"column":null}}]},"3":{"loc":{"start":{"line":82,"column":16},"end":{"line":82,"column":null}},"type":"cond-expr","locations":[{"start":{"line":82,"column":24},"end":{"line":82,"column":35}},{"start":{"line":82,"column":35},"end":{"line":82,"column":null}}]},"4":{"loc":{"start":{"line":84,"column":15},"end":{"line":84,"column":null}},"type":"binary-expr","locations":[{"start":{"line":84,"column":15},"end":{"line":84,"column":33}},{"start":{"line":84,"column":33},"end":{"line":84,"column":null}}]},"5":{"loc":{"start":{"line":90,"column":15},"end":{"line":90,"column":null}},"type":"cond-expr","locations":[{"start":{"line":90,"column":38},"end":{"line":90,"column":49}},{"start":{"line":90,"column":52},"end":{"line":90,"column":null}}]},"6":{"loc":{"start":{"line":111,"column":18},"end":{"line":111,"column":null}},"type":"cond-expr","locations":[{"start":{"line":111,"column":26},"end":{"line":111,"column":37}},{"start":{"line":111,"column":37},"end":{"line":111,"column":null}}]},"7":{"loc":{"start":{"line":113,"column":17},"end":{"line":113,"column":null}},"type":"binary-expr","locations":[{"start":{"line":113,"column":17},"end":{"line":113,"column":35}},{"start":{"line":113,"column":35},"end":{"line":113,"column":null}}]},"8":{"loc":{"start":{"line":119,"column":17},"end":{"line":119,"column":null}},"type":"cond-expr","locations":[{"start":{"line":119,"column":40},"end":{"line":119,"column":51}},{"start":{"line":119,"column":54},"end":{"line":119,"column":null}}]},"9":{"loc":{"start":{"line":139,"column":18},"end":{"line":139,"column":null}},"type":"cond-expr","locations":[{"start":{"line":139,"column":26},"end":{"line":139,"column":37}},{"start":{"line":139,"column":37},"end":{"line":139,"column":null}}]},"10":{"loc":{"start":{"line":141,"column":23},"end":{"line":141,"column":null}},"type":"cond-expr","locations":[{"start":{"line":141,"column":45},"end":{"line":141,"column":56}},{"start":{"line":141,"column":59},"end":{"line":141,"column":null}}]},"11":{"loc":{"start":{"line":142,"column":17},"end":{"line":142,"column":null}},"type":"binary-expr","locations":[{"start":{"line":142,"column":17},"end":{"line":142,"column":35}},{"start":{"line":142,"column":35},"end":{"line":142,"column":null}}]},"12":{"loc":{"start":{"line":148,"column":17},"end":{"line":148,"column":null}},"type":"cond-expr","locations":[{"start":{"line":148,"column":40},"end":{"line":148,"column":51}},{"start":{"line":148,"column":54},"end":{"line":148,"column":null}}]},"13":{"loc":{"start":{"line":163,"column":17},"end":{"line":163,"column":null}},"type":"binary-expr","locations":[{"start":{"line":163,"column":17},"end":{"line":163,"column":35}},{"start":{"line":163,"column":35},"end":{"line":163,"column":null}}]},"14":{"loc":{"start":{"line":170,"column":17},"end":{"line":170,"column":null}},"type":"cond-expr","locations":[{"start":{"line":170,"column":40},"end":{"line":170,"column":51}},{"start":{"line":170,"column":54},"end":{"line":170,"column":null}}]},"15":{"loc":{"start":{"line":190,"column":16},"end":{"line":190,"column":null}},"type":"cond-expr","locations":[{"start":{"line":190,"column":60},"end":{"line":190,"column":72}},{"start":{"line":190,"column":72},"end":{"line":190,"column":null}}]},"16":{"loc":{"start":{"line":190,"column":16},"end":{"line":190,"column":60}},"type":"binary-expr","locations":[{"start":{"line":190,"column":16},"end":{"line":190,"column":25}},{"start":{"line":190,"column":25},"end":{"line":190,"column":60}}]},"17":{"loc":{"start":{"line":192,"column":15},"end":{"line":192,"column":null}},"type":"binary-expr","locations":[{"start":{"line":192,"column":15},"end":{"line":192,"column":33}},{"start":{"line":192,"column":33},"end":{"line":192,"column":null}}]},"18":{"loc":{"start":{"line":198,"column":15},"end":{"line":198,"column":null}},"type":"cond-expr","locations":[{"start":{"line":198,"column":38},"end":{"line":198,"column":49}},{"start":{"line":198,"column":52},"end":{"line":198,"column":null}}]},"19":{"loc":{"start":{"line":217,"column":15},"end":{"line":217,"column":null}},"type":"cond-expr","locations":[{"start":{"line":217,"column":23},"end":{"line":217,"column":53}},{"start":{"line":217,"column":56},"end":{"line":217,"column":null}}]},"20":{"loc":{"start":{"line":242,"column":21},"end":{"line":242,"column":null}},"type":"cond-expr","locations":[{"start":{"line":242,"column":41},"end":{"line":242,"column":53}},{"start":{"line":242,"column":53},"end":{"line":242,"column":null}}]},"21":{"loc":{"start":{"line":242,"column":53},"end":{"line":242,"column":null}},"type":"cond-expr","locations":[{"start":{"line":242,"column":71},"end":{"line":242,"column":84}},{"start":{"line":242,"column":84},"end":{"line":242,"column":null}}]},"22":{"loc":{"start":{"line":259,"column":4},"end":{"line":297,"column":null}},"type":"switch","locations":[{"start":{"line":260,"column":6},"end":{"line":265,"column":null}},{"start":{"line":267,"column":6},"end":{"line":290,"column":null}},{"start":{"line":292,"column":6},"end":{"line":296,"column":null}}]},"23":{"loc":{"start":{"line":279,"column":8},"end":{"line":284,"column":null}},"type":"if","locations":[{"start":{"line":279,"column":8},"end":{"line":284,"column":null}}]}},"s":{"0":0,"1":0,"2":0,"3":0,"4":0,"5":0,"6":0,"7":0,"8":0,"9":0,"10":0,"11":0,"12":0,"13":0,"14":0,"15":0,"16":0,"17":0,"18":0,"19":0,"20":0,"21":0,"22":0,"23":0,"24":0,"25":0,"26":0,"27":0,"28":0,"29":0,"30":0,"31":0,"32":0,"33":0,"34":0,"35":0,"36":0,"37":0,"38":0,"39":0,"40":0,"41":0,"42":0,"43":0,"44":0,"45":0,"46":0,"47":0,"48":0,"49":0,"50":0,"51":0,"52":0,"53":0,"54":0,"55":0,"56":0,"57":0,"58":0,"59":0,"60":0,"61":0,"62":0,"63":0,"64":0,"65":0,"66":0,"67":0,"68":0,"69":0,"70":0,"71":0,"72":0,"73":0,"74":0,"75":0,"76":0,"77":0,"78":0,"79":0,"80":0,"81":0,"82":0,"83":0,"84":0,"85":0,"86":0,"87":0,"88":0,"89":0,"90":0},"f":{"0":0,"1":0,"2":0,"3":0,"4":0,"5":0,"6":0,"7":0,"8":0,"9":0,"10":0,"11":0,"12":0,"13":0,"14":0},"b":{"0":[0,0],"1":[0,0],"2":[0,0],"3":[0,0],"4":[0,0],"5":[0,0],"6":[0,0],"7":[0,0],"8":[0,0],"9":[0,0],"10":[0,0],"11":[0,0],"12":[0,0],"13":[0,0],"14":[0,0],"15":[0,0],"16":[0,0],"17":[0,0],"18":[0,0],"19":[0,0],"20":[0,0],"21":[0,0],"22":[0,0,0],"23":[0]}}
,"/Users/mac-guest1/Downloads/Git/mvp_projects/mvp_1/app/api/health/route.ts": {"path":"/Users/mac-guest1/Downloads/Git/mvp_projects/mvp_1/app/api/health/route.ts","statementMap":{"0":{"start":{"line":4,"column":22},"end":{"line":4,"column":null}},"1":{"start":{"line":2,"column":25},"end":{"line":2,"column":null}},"2":{"start":{"line":5,"column":2},"end":{"line":33,"column":null}},"3":{"start":{"line":7,"column":22},"end":{"line":7,"column":null}},"4":{"start":{"line":9,"column":19},"end":{"line":9,"column":null}},"5":{"start":{"line":10,"column":21},"end":{"line":10,"column":null}},"6":{"start":{"line":12,"column":4},"end":{"line":20,"column":null}},"7":{"start":{"line":23,"column":4},"end":{"line":23,"column":null}},"8":{"start":{"line":24,"column":4},"end":{"line":31,"column":null}}},"fnMap":{"0":{"name":"GET","decl":{"start":{"line":4,"column":22},"end":{"line":4,"column":null}},"loc":{"start":{"line":4,"column":22},"end":{"line":34,"column":null}}}},"branchMap":{"0":{"loc":{"start":{"line":9,"column":19},"end":{"line":9,"column":null}},"type":"cond-expr","locations":[{"start":{"line":9,"column":27},"end":{"line":9,"column":40}},{"start":{"line":9,"column":40},"end":{"line":9,"column":null}}]},"1":{"loc":{"start":{"line":10,"column":21},"end":{"line":10,"column":null}},"type":"cond-expr","locations":[{"start":{"line":10,"column":29},"end":{"line":10,"column":46}},{"start":{"line":10,"column":46},"end":{"line":10,"column":null}}]},"2":{"loc":{"start":{"line":20,"column":16},"end":{"line":20,"column":34}},"type":"cond-expr","locations":[{"start":{"line":20,"column":24},"end":{"line":20,"column":30}},{"start":{"line":20,"column":30},"end":{"line":20,"column":34}}]}},"s":{"0":0,"1":0,"2":0,"3":0,"4":0,"5":0,"6":0,"7":0,"8":0},"f":{"0":0},"b":{"0":[0,0],"1":[0,0],"2":[0,0]}}
,"/Users/mac-guest1/Downloads/Git/mvp_projects/mvp_1/app/api/system/health/route.ts": {"path":"/Users/mac-guest1/Downloads/Git/mvp_projects/mvp_1/app/api/system/health/route.ts","statementMap":{"0":{"start":{"line":74,"column":22},"end":{"line":74,"column":25}},"1":{"start":{"line":225,"column":22},"end":{"line":225,"column":26}},"2":{"start":{"line":2,"column":39},"end":{"line":2,"column":null}},"3":{"start":{"line":3,"column":38},"end":{"line":3,"column":null}},"4":{"start":{"line":6,"column":0},"end":{"line":8,"column":null}},"5":{"start":{"line":7,"column":2},"end":{"line":7,"column":null}},"6":{"start":{"line":12,"column":14},"end":{"line":12,"column":null}},"7":{"start":{"line":13,"column":16},"end":{"line":13,"column":null}},"8":{"start":{"line":15,"column":2},"end":{"line":17,"column":null}},"9":{"start":{"line":16,"column":4},"end":{"line":16,"column":null}},"10":{"start":{"line":19,"column":20},"end":{"line":19,"column":null}},"11":{"start":{"line":20,"column":2},"end":{"line":20,"column":null}},"12":{"start":{"line":75,"column":20},"end":{"line":75,"column":null}},"13":{"start":{"line":77,"column":2},"end":{"line":106,"column":null}},"14":{"start":{"line":78,"column":33},"end":{"line":86,"column":null}},"15":{"start":{"line":89,"column":4},"end":{"line":89,"column":null}},"16":{"start":{"line":91,"column":25},"end":{"line":91,"column":null}},"17":{"start":{"line":93,"column":4},"end":{"line":96,"column":null}},"18":{"start":{"line":99,"column":4},"end":{"line":99,"column":null}},"19":{"start":{"line":100,"column":4},"end":{"line":105,"column":null}},"20":{"start":{"line":110,"column":18},"end":{"line":110,"column":null}},"21":{"start":{"line":111,"column":23},"end":{"line":111,"column":null}},"22":{"start":{"line":113,"column":2},"end":{"line":120,"column":null}},"23":{"start":{"line":125,"column":2},"end":{"line":156,"column":null}},"24":{"start":{"line":160,"column":17},"end":{"line":160,"column":null}},"25":{"start":{"line":161,"column":19},"end":{"line":161,"column":null}},"26":{"start":{"line":163,"column":2},"end":{"line":169,"column":null}},"27":{"start":{"line":165,"column":40},"end":{"line":165,"column":60}},"28":{"start":{"line":166,"column":45},"end":{"line":166,"column":70}},"29":{"start":{"line":167,"column":42},"end":{"line":167,"column":64}},"30":{"start":{"line":173,"column":2},"end":{"line":197,"column":null}},"31":{"start":{"line":174,"column":22},"end":{"line":174,"column":null}},"32":{"start":{"line":177,"column":4},"end":{"line":177,"column":null}},"33":{"start":{"line":178,"column":25},"end":{"line":178,"column":null}},"34":{"start":{"line":181,"column":24},"end":{"line":181,"column":27}},"35":{"start":{"line":183,"column":4},"end":{"line":188,"column":null}},"36":{"start":{"line":190,"column":4},"end":{"line":196,"column":null}},"37":{"start":{"line":203,"column":17},"end":{"line":203,"column":19}},"38":{"start":{"line":206,"column":2},"end":{"line":206,"column":null}},"39":{"start":{"line":206,"column":46},"end":{"line":206,"column":null}},"40":{"start":{"line":207,"column":2},"end":{"line":207,"column":null}},"41":{"start":{"line":207,"column":40},"end":{"line":207,"column":null}},"42":{"start":{"line":210,"column":2},"end":{"line":212,"column":null}},"43":{"start":{"line":211,"column":4},"end":{"line":211,"column":null}},"44":{"start":{"line":211,"column":35},"end":{"line":211,"column":null}},"45":{"start":{"line":215,"column":2},"end":{"line":215,"column":null}},"46":{"start":{"line":215,"column":49},"end":{"line":215,"column":null}},"47":{"start":{"line":218,"column":2},"end":{"line":218,"column":null}},"48":{"start":{"line":218,"column":39},"end":{"line":218,"column":null}},"49":{"start":{"line":220,"column":2},"end":{"line":220,"column":null}},"50":{"start":{"line":220,"column":27},"end":{"line":220,"column":null}},"51":{"start":{"line":221,"column":2},"end":{"line":221,"column":null}},"52":{"start":{"line":221,"column":26},"end":{"line":221,"column":null}},"53":{"start":{"line":222,"column":2},"end":{"line":222,"column":null}},"54":{"start":{"line":226,"column":2},"end":{"line":272,"column":null}},"55":{"start":{"line":227,"column":17},"end":{"line":227,"column":null}},"56":{"start":{"line":228,"column":23},"end":{"line":228,"column":null}},"57":{"start":{"line":230,"column":4},"end":{"line":264,"column":null}},"58":{"start":{"line":232,"column":8},"end":{"line":232,"column":null}},"59":{"start":{"line":233,"column":8},"end":{"line":236,"column":null}},"60":{"start":{"line":239,"column":8},"end":{"line":239,"column":null}},"61":{"start":{"line":240,"column":8},"end":{"line":243,"column":null}},"62":{"start":{"line":246,"column":8},"end":{"line":246,"column":null}},"63":{"start":{"line":247,"column":8},"end":{"line":250,"column":null}},"64":{"start":{"line":253,"column":8},"end":{"line":253,"column":null}},"65":{"start":{"line":254,"column":8},"end":{"line":257,"column":null}},"66":{"start":{"line":260,"column":8},"end":{"line":263,"column":null}},"67":{"start":{"line":267,"column":4},"end":{"line":267,"column":null}},"68":{"start":{"line":268,"column":4},"end":{"line":271,"column":null}}},"fnMap":{"0":{"name":"createRedisClient","decl":{"start":{"line":11,"column":9},"end":{"line":11,"column":null}},"loc":{"start":{"line":11,"column":9},"end":{"line":21,"column":null}}},"1":{"name":"GET","decl":{"start":{"line":74,"column":22},"end":{"line":74,"column":25}},"loc":{"start":{"line":74,"column":46},"end":{"line":107,"column":null}}},"2":{"name":"getDatabaseHealth","decl":{"start":{"line":109,"column":15},"end":{"line":109,"column":null}},"loc":{"start":{"line":109,"column":15},"end":{"line":121,"column":null}}},"3":{"name":"getApiModulesHealth","decl":{"start":{"line":123,"column":15},"end":{"line":123,"column":null}},"loc":{"start":{"line":123,"column":15},"end":{"line":157,"column":null}}},"4":{"name":"getCircuitBreakersHealth","decl":{"start":{"line":159,"column":9},"end":{"line":159,"column":null}},"loc":{"start":{"line":159,"column":9},"end":{"line":170,"column":null}}},"5":{"name":"(anonymous_9)","decl":{"start":{"line":165,"column":35},"end":{"line":165,"column":40}},"loc":{"start":{"line":165,"column":40},"end":{"line":165,"column":60}}},"6":{"name":"(anonymous_10)","decl":{"start":{"line":166,"column":40},"end":{"line":166,"column":45}},"loc":{"start":{"line":166,"column":45},"end":{"line":166,"column":70}}},"7":{"name":"(anonymous_11)","decl":{"start":{"line":167,"column":37},"end":{"line":167,"column":42}},"loc":{"start":{"line":167,"column":42},"end":{"line":167,"column":64}}},"8":{"name":"getRedisHealth","decl":{"start":{"line":172,"column":15},"end":{"line":172,"column":null}},"loc":{"start":{"line":172,"column":15},"end":{"line":198,"column":null}}},"9":{"name":"calculateOverallStatus","decl":{"start":{"line":202,"column":9},"end":{"line":202,"column":32}},"loc":{"start":{"line":202,"column":52},"end":{"line":223,"column":null}}},"10":{"name":"(anonymous_14)","decl":{"start":{"line":210,"column":45},"end":{"line":210,"column":46}},"loc":{"start":{"line":210,"column":63},"end":{"line":212,"column":null}}},"11":{"name":"POST","decl":{"start":{"line":225,"column":22},"end":{"line":225,"column":26}},"loc":{"start":{"line":225,"column":47},"end":{"line":273,"column":null}}}},"branchMap":{"0":{"loc":{"start":{"line":6,"column":0},"end":{"line":8,"column":null}},"type":"if","locations":[{"start":{"line":6,"column":0},"end":{"line":8,"column":null}}]},"1":{"loc":{"start":{"line":15,"column":2},"end":{"line":17,"column":null}},"type":"if","locations":[{"start":{"line":15,"column":2},"end":{"line":17,"column":null}}]},"2":{"loc":{"start":{"line":15,"column":6},"end":{"line":15,"column":22}},"type":"binary-expr","locations":[{"start":{"line":15,"column":6},"end":{"line":15,"column":14}},{"start":{"line":15,"column":14},"end":{"line":15,"column":22}}]},"3":{"loc":{"start":{"line":80,"column":19},"end":{"line":80,"column":null}},"type":"binary-expr","locations":[{"start":{"line":80,"column":19},"end":{"line":80,"column":39}},{"start":{"line":80,"column":43},"end":{"line":80,"column":null}}]},"4":{"loc":{"start":{"line":103,"column":15},"end":{"line":103,"column":null}},"type":"cond-expr","locations":[{"start":{"line":103,"column":40},"end":{"line":103,"column":53}},{"start":{"line":103,"column":56},"end":{"line":103,"column":null}}]},"5":{"loc":{"start":{"line":195,"column":18},"end":{"line":195,"column":null}},"type":"cond-expr","locations":[{"start":{"line":195,"column":43},"end":{"line":195,"column":56}},{"start":{"line":195,"column":59},"end":{"line":195,"column":null}}]},"6":{"loc":{"start":{"line":206,"column":2},"end":{"line":206,"column":null}},"type":"if","locations":[{"start":{"line":206,"column":2},"end":{"line":206,"column":null}}]},"7":{"loc":{"start":{"line":207,"column":2},"end":{"line":207,"column":null}},"type":"if","locations":[{"start":{"line":207,"column":2},"end":{"line":207,"column":null}}]},"8":{"loc":{"start":{"line":211,"column":4},"end":{"line":211,"column":null}},"type":"if","locations":[{"start":{"line":211,"column":4},"end":{"line":211,"column":null}}]},"9":{"loc":{"start":{"line":215,"column":2},"end":{"line":215,"column":null}},"type":"if","locations":[{"start":{"line":215,"column":2},"end":{"line":215,"column":null}}]},"10":{"loc":{"start":{"line":218,"column":2},"end":{"line":218,"column":null}},"type":"if","locations":[{"start":{"line":218,"column":2},"end":{"line":218,"column":null}}]},"11":{"loc":{"start":{"line":220,"column":2},"end":{"line":220,"column":null}},"type":"if","locations":[{"start":{"line":220,"column":2},"end":{"line":220,"column":null}}]},"12":{"loc":{"start":{"line":221,"column":2},"end":{"line":221,"column":null}},"type":"if","locations":[{"start":{"line":221,"column":2},"end":{"line":221,"column":null}}]},"13":{"loc":{"start":{"line":230,"column":4},"end":{"line":264,"column":null}},"type":"switch","locations":[{"start":{"line":231,"column":6},"end":{"line":236,"column":null}},{"start":{"line":238,"column":6},"end":{"line":243,"column":null}},{"start":{"line":245,"column":6},"end":{"line":250,"column":null}},{"start":{"line":252,"column":6},"end":{"line":257,"column":null}},{"start":{"line":259,"column":6},"end":{"line":263,"column":null}}]},"14":{"loc":{"start":{"line":270,"column":15},"end":{"line":270,"column":null}},"type":"cond-expr","locations":[{"start":{"line":270,"column":40},"end":{"line":270,"column":53}},{"start":{"line":270,"column":56},"end":{"line":270,"column":null}}]}},"s":{"0":0,"1":0,"2":0,"3":0,"4":0,"5":0,"6":0,"7":0,"8":0,"9":0,"10":0,"11":0,"12":0,"13":0,"14":0,"15":0,"16":0,"17":0,"18":0,"19":0,"20":0,"21":0,"22":0,"23":0,"24":0,"25":0,"26":0,"27":0,"28":0,"29":0,"30":0,"31":0,"32":0,"33":0,"34":0,"35":0,"36":0,"37":0,"38":0,"39":0,"40":0,"41":0,"42":0,"43":0,"44":0,"45":0,"46":0,"47":0,"48":0,"49":0,"50":0,"51":0,"52":0,"53":0,"54":0,"55":0,"56":0,"57":0,"58":0,"59":0,"60":0,"61":0,"62":0,"63":0,"64":0,"65":0,"66":0,"67":0,"68":0},"f":{"0":0,"1":0,"2":0,"3":0,"4":0,"5":0,"6":0,"7":0,"8":0,"9":0,"10":0,"11":0},"b":{"0":[0],"1":[0],"2":[0,0],"3":[0,0],"4":[0,0],"5":[0,0],"6":[0],"7":[0],"8":[0],"9":[0],"10":[0],"11":[0],"12":[0],"13":[0,0,0,0,0],"14":[0,0]}}
,"/Users/mac-guest1/Downloads/Git/mvp_projects/mvp_1/app/api/test-db/route.ts": {"path":"/Users/mac-guest1/Downloads/Git/mvp_projects/mvp_1/app/api/test-db/route.ts","statementMap":{"0":{"start":{"line":9,"column":22},"end":{"line":9,"column":25}},"1":{"start":{"line":104,"column":22},"end":{"line":104,"column":26}},"2":{"start":{"line":2,"column":29},"end":{"line":2,"column":null}},"3":{"start":{"line":4,"column":20},"end":{"line":4,"column":null}},"4":{"start":{"line":5,"column":20},"end":{"line":5,"column":null}},"5":{"start":{"line":7,"column":17},"end":{"line":7,"column":null}},"6":{"start":{"line":10,"column":2},"end":{"line":101,"column":null}},"7":{"start":{"line":11,"column":4},"end":{"line":11,"column":null}},"8":{"start":{"line":14,"column":61},"end":{"line":17,"column":null}},"9":{"start":{"line":19,"column":4},"end":{"line":25,"column":null}},"10":{"start":{"line":20,"column":6},"end":{"line":24,"column":null}},"11":{"start":{"line":28,"column":19},"end":{"line":40,"column":null}},"12":{"start":{"line":42,"column":24},"end":{"line":42,"column":26}},"13":{"start":{"line":43,"column":4},"end":{"line":58,"column":null}},"14":{"start":{"line":44,"column":6},"end":{"line":57,"column":null}},"15":{"start":{"line":45,"column":32},"end":{"line":45,"column":null}},"16":{"start":{"line":46,"column":8},"end":{"line":50,"column":null}},"17":{"start":{"line":52,"column":8},"end":{"line":56,"column":null}},"18":{"start":{"line":61,"column":22},"end":{"line":61,"column":null}},"19":{"start":{"line":62,"column":50},"end":{"line":65,"column":null}},"20":{"start":{"line":66,"column":22},"end":{"line":66,"column":null}},"21":{"start":{"line":69,"column":51},"end":{"line":71,"column":null}},"22":{"start":{"line":73,"column":23},"end":{"line":73,"column":null}},"23":{"start":{"line":75,"column":4},"end":{"line":92,"column":null}},"24":{"start":{"line":95,"column":4},"end":{"line":95,"column":null}},"25":{"start":{"line":96,"column":4},"end":{"line":100,"column":null}},"26":{"start":{"line":105,"column":2},"end":{"line":180,"column":null}},"27":{"start":{"line":106,"column":17},"end":{"line":106,"column":null}},"28":{"start":{"line":107,"column":29},"end":{"line":107,"column":null}},"29":{"start":{"line":109,"column":4},"end":{"line":171,"column":null}},"30":{"start":{"line":112,"column":55},"end":{"line":124,"column":null}},"31":{"start":{"line":126,"column":8},"end":{"line":132,"column":null}},"32":{"start":{"line":127,"column":10},"end":{"line":131,"column":null}},"33":{"start":{"line":134,"column":8},"end":{"line":138,"column":null}},"34":{"start":{"line":142,"column":51},"end":{"line":150,"column":null}},"35":{"start":{"line":152,"column":8},"end":{"line":158,"column":null}},"36":{"start":{"line":153,"column":10},"end":{"line":157,"column":null}},"37":{"start":{"line":160,"column":8},"end":{"line":164,"column":null}},"38":{"start":{"line":167,"column":8},"end":{"line":170,"column":null}},"39":{"start":{"line":174,"column":4},"end":{"line":174,"column":null}},"40":{"start":{"line":175,"column":4},"end":{"line":179,"column":null}}},"fnMap":{"0":{"name":"GET","decl":{"start":{"line":9,"column":22},"end":{"line":9,"column":25}},"loc":{"start":{"line":9,"column":46},"end":{"line":102,"column":null}}},"1":{"name":"POST","decl":{"start":{"line":104,"column":22},"end":{"line":104,"column":26}},"loc":{"start":{"line":104,"column":47},"end":{"line":181,"column":null}}}},"branchMap":{"0":{"loc":{"start":{"line":19,"column":4},"end":{"line":25,"column":null}},"type":"if","locations":[{"start":{"line":19,"column":4},"end":{"line":25,"column":null}}]},"1":{"loc":{"start":{"line":48,"column":18},"end":{"line":48,"column":null}},"type":"cond-expr","locations":[{"start":{"line":48,"column":26},"end":{"line":48,"column":36}},{"start":{"line":48,"column":36},"end":{"line":48,"column":null}}]},"2":{"loc":{"start":{"line":49,"column":17},"end":{"line":49,"column":null}},"type":"binary-expr","locations":[{"start":{"line":49,"column":17},"end":{"line":49,"column":35}},{"start":{"line":49,"column":35},"end":{"line":49,"column":null}}]},"3":{"loc":{"start":{"line":55,"column":17},"end":{"line":55,"column":null}},"type":"cond-expr","locations":[{"start":{"line":55,"column":40},"end":{"line":55,"column":51}},{"start":{"line":55,"column":54},"end":{"line":55,"column":null}}]},"4":{"loc":{"start":{"line":73,"column":23},"end":{"line":73,"column":null}},"type":"binary-expr","locations":[{"start":{"line":73,"column":23},"end":{"line":73,"column":35}},{"start":{"line":73,"column":35},"end":{"line":73,"column":null}}]},"5":{"loc":{"start":{"line":85,"column":25},"end":{"line":85,"column":null}},"type":"binary-expr","locations":[{"start":{"line":85,"column":25},"end":{"line":85,"column":45}},{"start":{"line":85,"column":45},"end":{"line":85,"column":null}}]},"6":{"loc":{"start":{"line":89,"column":19},"end":{"line":89,"column":null}},"type":"cond-expr","locations":[{"start":{"line":89,"column":32},"end":{"line":89,"column":63}},{"start":{"line":89,"column":63},"end":{"line":89,"column":null}}]},"7":{"loc":{"start":{"line":99,"column":13},"end":{"line":99,"column":null}},"type":"cond-expr","locations":[{"start":{"line":99,"column":38},"end":{"line":99,"column":51}},{"start":{"line":99,"column":54},"end":{"line":99,"column":null}}]},"8":{"loc":{"start":{"line":109,"column":4},"end":{"line":171,"column":null}},"type":"switch","locations":[{"start":{"line":110,"column":6},"end":{"line":138,"column":null}},{"start":{"line":140,"column":6},"end":{"line":164,"column":null}},{"start":{"line":166,"column":6},"end":{"line":170,"column":null}}]},"9":{"loc":{"start":{"line":126,"column":8},"end":{"line":132,"column":null}},"type":"if","locations":[{"start":{"line":126,"column":8},"end":{"line":132,"column":null}}]},"10":{"loc":{"start":{"line":147,"column":20},"end":{"line":147,"column":null}},"type":"binary-expr","locations":[{"start":{"line":147,"column":20},"end":{"line":147,"column":31}},{"start":{"line":147,"column":35},"end":{"line":147,"column":null}}]},"11":{"loc":{"start":{"line":152,"column":8},"end":{"line":158,"column":null}},"type":"if","locations":[{"start":{"line":152,"column":8},"end":{"line":158,"column":null}}]},"12":{"loc":{"start":{"line":178,"column":13},"end":{"line":178,"column":null}},"type":"cond-expr","locations":[{"start":{"line":178,"column":38},"end":{"line":178,"column":51}},{"start":{"line":178,"column":54},"end":{"line":178,"column":null}}]}},"s":{"0":0,"1":0,"2":0,"3":0,"4":0,"5":0,"6":0,"7":0,"8":0,"9":0,"10":0,"11":0,"12":0,"13":0,"14":0,"15":0,"16":0,"17":0,"18":0,"19":0,"20":0,"21":0,"22":0,"23":0,"24":0,"25":0,"26":0,"27":0,"28":0,"29":0,"30":0,"31":0,"32":0,"33":0,"34":0,"35":0,"36":0,"37":0,"38":0,"39":0,"40":0},"f":{"0":0,"1":0},"b":{"0":[0],"1":[0,0],"2":[0,0],"3":[0,0],"4":[0,0],"5":[0,0],"6":[0,0],"7":[0,0],"8":[0,0,0],"9":[0],"10":[0,0],"11":[0],"12":[0,0]}}
,"/Users/mac-guest1/Downloads/Git/mvp_projects/mvp_1/app/api/test-mock/route.ts": {"path":"/Users/mac-guest1/Downloads/Git/mvp_projects/mvp_1/app/api/test-mock/route.ts","statementMap":{"0":{"start":{"line":3,"column":22},"end":{"line":3,"column":26}},"1":{"start":{"line":4,"column":21},"end":{"line":4,"column":104}},"2":{"start":{"line":6,"column":2},"end":{"line":10,"column":null}}},"fnMap":{"0":{"name":"GET","decl":{"start":{"line":3,"column":22},"end":{"line":3,"column":26}},"loc":{"start":{"line":3,"column":46},"end":{"line":11,"column":null}}}},"branchMap":{"0":{"loc":{"start":{"line":4,"column":21},"end":{"line":4,"column":104}},"type":"binary-expr","locations":[{"start":{"line":4,"column":21},"end":{"line":4,"column":58}},{"start":{"line":4,"column":62},"end":{"line":4,"column":104}}]},"1":{"loc":{"start":{"line":8,"column":17},"end":{"line":8,"column":null}},"type":"binary-expr","locations":[{"start":{"line":8,"column":17},"end":{"line":8,"column":53}},{"start":{"line":8,"column":57},"end":{"line":8,"column":null}}]},"2":{"loc":{"start":{"line":9,"column":17},"end":{"line":9,"column":null}},"type":"cond-expr","locations":[{"start":{"line":9,"column":61},"end":{"line":9,"column":69}},{"start":{"line":9,"column":69},"end":{"line":9,"column":null}}]}},"s":{"0":0,"1":0,"2":0},"f":{"0":0},"b":{"0":[0,0],"1":[0,0],"2":[0,0]}}
,"/Users/mac-guest1/Downloads/Git/mvp_projects/mvp_1/app/auth/callback/route.ts": {"path":"/Users/mac-guest1/Downloads/Git/mvp_projects/mvp_1/app/auth/callback/route.ts","statementMap":{"0":{"start":{"line":5,"column":22},"end":{"line":5,"column":26}},"1":{"start":{"line":2,"column":35},"end":{"line":2,"column":null}},"2":{"start":{"line":3,"column":24},"end":{"line":3,"column":null}},"3":{"start":{"line":6,"column":21},"end":{"line":6,"column":null}},"4":{"start":{"line":7,"column":15},"end":{"line":7,"column":null}},"5":{"start":{"line":8,"column":16},"end":{"line":8,"column":null}},"6":{"start":{"line":9,"column":27},"end":{"line":9,"column":null}},"7":{"start":{"line":11,"column":2},"end":{"line":16,"column":null}},"8":{"start":{"line":12,"column":4},"end":{"line":12,"column":null}},"9":{"start":{"line":13,"column":4},"end":{"line":14,"column":null}},"10":{"start":{"line":18,"column":2},"end":{"line":58,"column":null}},"11":{"start":{"line":19,"column":24},"end":{"line":19,"column":null}},"12":{"start":{"line":20,"column":21},"end":{"line":35,"column":null}},"13":{"start":{"line":26,"column":12},"end":{"line":26,"column":null}},"14":{"start":{"line":29,"column":12},"end":{"line":29,"column":null}},"15":{"start":{"line":32,"column":12},"end":{"line":32,"column":null}},"16":{"start":{"line":38,"column":4},"end":{"line":57,"column":null}},"17":{"start":{"line":39,"column":30},"end":{"line":39,"column":null}},"18":{"start":{"line":41,"column":6},"end":{"line":46,"column":null}},"19":{"start":{"line":42,"column":8},"end":{"line":42,"column":null}},"20":{"start":{"line":43,"column":8},"end":{"line":44,"column":null}},"21":{"start":{"line":48,"column":6},"end":{"line":51,"column":null}},"22":{"start":{"line":50,"column":8},"end":{"line":50,"column":null}},"23":{"start":{"line":53,"column":6},"end":{"line":53,"column":null}},"24":{"start":{"line":54,"column":6},"end":{"line":55,"column":null}},"25":{"start":{"line":61,"column":2},"end":{"line":61,"column":null}}},"fnMap":{"0":{"name":"GET","decl":{"start":{"line":5,"column":22},"end":{"line":5,"column":26}},"loc":{"start":{"line":5,"column":46},"end":{"line":62,"column":null}}},"1":{"name":"(anonymous_3)","decl":{"start":{"line":25,"column":10},"end":{"line":25,"column":14}},"loc":{"start":{"line":25,"column":26},"end":{"line":27,"column":null}}},"2":{"name":"(anonymous_4)","decl":{"start":{"line":28,"column":10},"end":{"line":28,"column":14}},"loc":{"start":{"line":28,"column":55},"end":{"line":30,"column":null}}},"3":{"name":"(anonymous_5)","decl":{"start":{"line":31,"column":10},"end":{"line":31,"column":17}},"loc":{"start":{"line":31,"column":43},"end":{"line":33,"column":null}}}},"branchMap":{"0":{"loc":{"start":{"line":11,"column":2},"end":{"line":16,"column":null}},"type":"if","locations":[{"start":{"line":11,"column":2},"end":{"line":16,"column":null}}]},"1":{"loc":{"start":{"line":14,"column":66},"end":{"line":14,"column":111}},"type":"binary-expr","locations":[{"start":{"line":14,"column":66},"end":{"line":14,"column":86}},{"start":{"line":14,"column":86},"end":{"line":14,"column":111}}]},"2":{"loc":{"start":{"line":18,"column":2},"end":{"line":58,"column":null}},"type":"if","locations":[{"start":{"line":18,"column":2},"end":{"line":58,"column":null}}]},"3":{"loc":{"start":{"line":41,"column":6},"end":{"line":46,"column":null}},"type":"if","locations":[{"start":{"line":41,"column":6},"end":{"line":46,"column":null}}]},"4":{"loc":{"start":{"line":48,"column":6},"end":{"line":51,"column":null}},"type":"if","locations":[{"start":{"line":48,"column":6},"end":{"line":51,"column":null}}]}},"s":{"0":0,"1":0,"2":0,"3":0,"4":0,"5":0,"6":0,"7":0,"8":0,"9":0,"10":0,"11":0,"12":0,"13":0,"14":0,"15":0,"16":0,"17":0,"18":0,"19":0,"20":0,"21":0,"22":0,"23":0,"24":0,"25":0},"f":{"0":0,"1":0,"2":0,"3":0},"b":{"0":[0],"1":[0,0],"2":[0],"3":[0],"4":[0]}}
,"/Users/mac-guest1/Downloads/Git/mvp_projects/mvp_1/app/auth/forgot-password/page.tsx": {"path":"/Users/mac-guest1/Downloads/Git/mvp_projects/mvp_1/app/auth/forgot-password/page.tsx","statementMap":{"0":{"start":{"line":22,"column":24},"end":{"line":22,"column":null}},"1":{"start":{"line":3,"column":25},"end":{"line":3,"column":null}},"2":{"start":{"line":4,"column":26},"end":{"line":4,"column":null}},"3":{"start":{"line":5,"column":17},"end":{"line":5,"column":null}},"4":{"start":{"line":6,"column":24},"end":{"line":6,"column":null}},"5":{"start":{"line":7,"column":28},"end":{"line":7,"column":null}},"6":{"start":{"line":8,"column":18},"end":{"line":8,"column":null}},"7":{"start":{"line":9,"column":23},"end":{"line":9,"column":null}},"8":{"start":{"line":10,"column":22},"end":{"line":10,"column":null}},"9":{"start":{"line":11,"column":74},"end":{"line":11,"column":null}},"10":{"start":{"line":12,"column":24},"end":{"line":12,"column":null}},"11":{"start":{"line":13,"column":25},"end":{"line":13,"column":null}},"12":{"start":{"line":14,"column":45},"end":{"line":14,"column":null}},"13":{"start":{"line":16,"column":29},"end":{"line":18,"column":null}},"14":{"start":{"line":23,"column":36},"end":{"line":23,"column":null}},"15":{"start":{"line":24,"column":36},"end":{"line":24,"column":null}},"16":{"start":{"line":25,"column":17},"end":{"line":25,"column":null}},"17":{"start":{"line":26,"column":28},"end":{"line":26,"column":null}},"18":{"start":{"line":27,"column":20},"end":{"line":27,"column":null}},"19":{"start":{"line":29,"column":15},"end":{"line":31,"column":null}},"20":{"start":{"line":33,"column":19},"end":{"line":59,"column":null}},"21":{"start":{"line":34,"column":4},"end":{"line":34,"column":null}},"22":{"start":{"line":35,"column":4},"end":{"line":58,"column":null}},"23":{"start":{"line":36,"column":24},"end":{"line":36,"column":null}},"24":{"start":{"line":37,"column":6},"end":{"line":49,"column":null}},"25":{"start":{"line":38,"column":8},"end":{"line":42,"column":null}},"26":{"start":{"line":44,"column":8},"end":{"line":44,"column":null}},"27":{"start":{"line":45,"column":8},"end":{"line":48,"column":null}},"28":{"start":{"line":51,"column":6},"end":{"line":55,"column":null}},"29":{"start":{"line":57,"column":6},"end":{"line":57,"column":null}},"30":{"start":{"line":61,"column":2},"end":{"line":94,"column":null}},"31":{"start":{"line":78,"column":31},"end":{"line":78,"column":null}}},"fnMap":{"0":{"name":"ForgotPasswordPage","decl":{"start":{"line":22,"column":24},"end":{"line":22,"column":null}},"loc":{"start":{"line":22,"column":24},"end":{"line":137,"column":null}}},"1":{"name":"(anonymous_3)","decl":{"start":{"line":33,"column":19},"end":{"line":33,"column":26}},"loc":{"start":{"line":33,"column":26},"end":{"line":59,"column":null}}},"2":{"name":"(anonymous_4)","decl":{"start":{"line":78,"column":25},"end":{"line":78,"column":31}},"loc":{"start":{"line":78,"column":31},"end":{"line":78,"column":null}}}},"branchMap":{"0":{"loc":{"start":{"line":37,"column":6},"end":{"line":49,"column":null}},"type":"if","locations":[{"start":{"line":37,"column":6},"end":{"line":49,"column":null}},{"start":{"line":43,"column":13},"end":{"line":49,"column":null}}]},"1":{"loc":{"start":{"line":61,"column":2},"end":{"line":94,"column":null}},"type":"if","locations":[{"start":{"line":61,"column":2},"end":{"line":94,"column":null}}]},"2":{"loc":{"start":{"line":114,"column":15},"end":{"line":114,"column":42}},"type":"binary-expr","locations":[{"start":{"line":114,"column":15},"end":{"line":114,"column":42}}]},"3":{"loc":{"start":{"line":121,"column":15},"end":{"line":121,"column":null}},"type":"cond-expr","locations":[{"start":{"line":121,"column":27},"end":{"line":121,"column":42}},{"start":{"line":121,"column":42},"end":{"line":121,"column":null}}]}},"s":{"0":0,"1":0,"2":0,"3":0,"4":0,"5":0,"6":0,"7":0,"8":0,"9":0,"10":0,"11":0,"12":0,"13":0,"14":0,"15":0,"16":0,"17":0,"18":0,"19":0,"20":0,"21":0,"22":0,"23":0,"24":0,"25":0,"26":0,"27":0,"28":0,"29":0,"30":0,"31":0},"f":{"0":0,"1":0,"2":0},"b":{"0":[0,0],"1":[0],"2":[0],"3":[0,0]}}
,"/Users/mac-guest1/Downloads/Git/mvp_projects/mvp_1/app/auth/login/page.tsx": {"path":"/Users/mac-guest1/Downloads/Git/mvp_projects/mvp_1/app/auth/login/page.tsx","statementMap":{"0":{"start":{"line":14,"column":24},"end":{"line":14,"column":null}},"1":{"start":{"line":3,"column":36},"end":{"line":3,"column":null}},"2":{"start":{"line":4,"column":26},"end":{"line":4,"column":null}},"3":{"start":{"line":5,"column":17},"end":{"line":5,"column":null}},"4":{"start":{"line":6,"column":23},"end":{"line":6,"column":null}},"5":{"start":{"line":7,"column":22},"end":{"line":7,"column":null}},"6":{"start":{"line":8,"column":74},"end":{"line":8,"column":null}},"7":{"start":{"line":9,"column":57},"end":{"line":9,"column":null}},"8":{"start":{"line":10,"column":24},"end":{"line":10,"column":null}},"9":{"start":{"line":11,"column":25},"end":{"line":11,"column":null}},"10":{"start":{"line":12,"column":55},"end":{"line":12,"column":null}},"11":{"start":{"line":15,"column":36},"end":{"line":15,"column":null}},"12":{"start":{"line":16,"column":36},"end":{"line":16,"column":null}},"13":{"start":{"line":17,"column":40},"end":{"line":17,"column":null}},"14":{"start":{"line":18,"column":28},"end":{"line":18,"column":null}},"15":{"start":{"line":19,"column":34},"end":{"line":19,"column":null}},"16":{"start":{"line":20,"column":28},"end":{"line":20,"column":null}},"17":{"start":{"line":21,"column":24},"end":{"line":21,"column":null}},"18":{"start":{"line":22,"column":36},"end":{"line":22,"column":null}},"19":{"start":{"line":23,"column":42},"end":{"line":23,"column":null}},"20":{"start":{"line":25,"column":17},"end":{"line":25,"column":null}},"21":{"start":{"line":26,"column":78},"end":{"line":26,"column":null}},"22":{"start":{"line":27,"column":20},"end":{"line":27,"column":null}},"23":{"start":{"line":30,"column":2},"end":{"line":43,"column":null}},"24":{"start":{"line":31,"column":4},"end":{"line":31,"column":null}},"25":{"start":{"line":32,"column":4},"end":{"line":32,"column":null}},"26":{"start":{"line":33,"column":4},"end":{"line":33,"column":null}},"27":{"start":{"line":35,"column":4},"end":{"line":42,"column":null}},"28":{"start":{"line":36,"column":6},"end":{"line":36,"column":null}},"29":{"start":{"line":37,"column":6},"end":{"line":37,"column":null}},"30":{"start":{"line":38,"column":6},"end":{"line":38,"column":27}},"31":{"start":{"line":39,"column":6},"end":{"line":39,"column":null}},"32":{"start":{"line":41,"column":6},"end":{"line":41,"column":null}},"33":{"start":{"line":46,"column":2},"end":{"line":51,"column":null}},"34":{"start":{"line":47,"column":4},"end":{"line":50,"column":null}},"35":{"start":{"line":48,"column":6},"end":{"line":48,"column":null}},"36":{"start":{"line":49,"column":6},"end":{"line":49,"column":null}},"37":{"start":{"line":53,"column":24},"end":{"line":125,"column":null}},"38":{"start":{"line":54,"column":4},"end":{"line":54,"column":null}},"39":{"start":{"line":55,"column":4},"end":{"line":55,"column":null}},"40":{"start":{"line":56,"column":4},"end":{"line":56,"column":null}},"41":{"start":{"line":57,"column":4},"end":{"line":57,"column":null}},"42":{"start":{"line":58,"column":4},"end":{"line":58,"column":null}},"43":{"start":{"line":59,"column":4},"end":{"line":59,"column":null}},"44":{"start":{"line":61,"column":4},"end":{"line":61,"column":null}},"45":{"start":{"line":62,"column":4},"end":{"line":62,"column":null}},"46":{"start":{"line":63,"column":4},"end":{"line":63,"column":null}},"47":{"start":{"line":66,"column":4},"end":{"line":75,"column":null}},"48":{"start":{"line":67,"column":6},"end":{"line":67,"column":null}},"49":{"start":{"line":68,"column":6},"end":{"line":72,"column":null}},"50":{"start":{"line":73,"column":6},"end":{"line":73,"column":null}},"51":{"start":{"line":74,"column":6},"end":{"line":74,"column":null}},"52":{"start":{"line":77,"column":4},"end":{"line":86,"column":null}},"53":{"start":{"line":78,"column":6},"end":{"line":78,"column":null}},"54":{"start":{"line":79,"column":6},"end":{"line":83,"column":null}},"55":{"start":{"line":84,"column":6},"end":{"line":84,"column":null}},"56":{"start":{"line":85,"column":6},"end":{"line":85,"column":null}},"57":{"start":{"line":88,"column":4},"end":{"line":124,"column":null}},"58":{"start":{"line":89,"column":6},"end":{"line":89,"column":null}},"59":{"start":{"line":90,"column":24},"end":{"line":90,"column":null}},"60":{"start":{"line":91,"column":6},"end":{"line":91,"column":null}},"61":{"start":{"line":93,"column":6},"end":{"line":115,"column":null}},"62":{"start":{"line":94,"column":8},"end":{"line":94,"column":null}},"63":{"start":{"line":95,"column":8},"end":{"line":99,"column":null}},"64":{"start":{"line":100,"column":8},"end":{"line":100,"column":null}},"65":{"start":{"line":102,"column":8},"end":{"line":102,"column":null}},"66":{"start":{"line":103,"column":8},"end":{"line":106,"column":null}},"67":{"start":{"line":107,"column":8},"end":{"line":107,"column":null}},"68":{"start":{"line":108,"column":8},"end":{"line":108,"column":null}},"69":{"start":{"line":110,"column":8},"end":{"line":113,"column":null}},"70":{"start":{"line":111,"column":10},"end":{"line":111,"column":null}},"71":{"start":{"line":112,"column":10},"end":{"line":112,"column":null}},"72":{"start":{"line":117,"column":6},"end":{"line":117,"column":null}},"73":{"start":{"line":118,"column":6},"end":{"line":122,"column":null}},"74":{"start":{"line":123,"column":6},"end":{"line":123,"column":null}},"75":{"start":{"line":127,"column":25},"end":{"line":147,"column":null}},"76":{"start":{"line":128,"column":4},"end":{"line":128,"column":null}},"77":{"start":{"line":129,"column":4},"end":{"line":146,"column":null}},"78":{"start":{"line":130,"column":24},"end":{"line":130,"column":null}},"79":{"start":{"line":131,"column":6},"end":{"line":137,"column":null}},"80":{"start":{"line":132,"column":8},"end":{"line":136,"column":null}},"81":{"start":{"line":139,"column":6},"end":{"line":143,"column":null}},"82":{"start":{"line":145,"column":6},"end":{"line":145,"column":null}},"83":{"start":{"line":149,"column":24},"end":{"line":188,"column":null}},"84":{"start":{"line":150,"column":4},"end":{"line":150,"column":null}},"85":{"start":{"line":151,"column":4},"end":{"line":151,"column":null}},"86":{"start":{"line":153,"column":4},"end":{"line":161,"column":null}},"87":{"start":{"line":154,"column":6},"end":{"line":158,"column":null}},"88":{"start":{"line":159,"column":6},"end":{"line":159,"column":null}},"89":{"start":{"line":160,"column":6},"end":{"line":160,"column":null}},"90":{"start":{"line":163,"column":4},"end":{"line":187,"column":null}},"91":{"start":{"line":164,"column":24},"end":{"line":164,"column":null}},"92":{"start":{"line":165,"column":6},"end":{"line":179,"column":null}},"93":{"start":{"line":166,"column":8},"end":{"line":170,"column":null}},"94":{"start":{"line":171,"column":8},"end":{"line":171,"column":null}},"95":{"start":{"line":173,"column":8},"end":{"line":173,"column":null}},"96":{"start":{"line":174,"column":8},"end":{"line":174,"column":null}},"97":{"start":{"line":175,"column":8},"end":{"line":178,"column":null}},"98":{"start":{"line":181,"column":6},"end":{"line":185,"column":null}},"99":{"start":{"line":186,"column":6},"end":{"line":186,"column":null}},"100":{"start":{"line":190,"column":22},"end":{"line":223,"column":null}},"101":{"start":{"line":191,"column":4},"end":{"line":191,"column":null}},"102":{"start":{"line":192,"column":4},"end":{"line":192,"column":null}},"103":{"start":{"line":194,"column":4},"end":{"line":202,"column":null}},"104":{"start":{"line":195,"column":6},"end":{"line":199,"column":null}},"105":{"start":{"line":200,"column":6},"end":{"line":200,"column":null}},"106":{"start":{"line":201,"column":6},"end":{"l
[...]
"loc":{"start":{"line":87,"column":6},"end":{"line":90,"column":null}},"type":"if","locations":[{"start":{"line":87,"column":6},"end":{"line":90,"column":null}}]},"3":{"loc":{"start":{"line":115,"column":4},"end":{"line":125,"column":null}},"type":"if","locations":[{"start":{"line":115,"column":4},"end":{"line":125,"column":null}},{"start":{"line":122,"column":11},"end":{"line":125,"column":null}}]},"4":{"loc":{"start":{"line":119,"column":6},"end":{"line":121,"column":null}},"type":"if","locations":[{"start":{"line":119,"column":6},"end":{"line":121,"column":null}}]},"5":{"loc":{"start":{"line":122,"column":11},"end":{"line":125,"column":null}},"type":"if","locations":[{"start":{"line":122,"column":11},"end":{"line":125,"column":null}}]},"6":{"loc":{"start":{"line":135,"column":4},"end":{"line":139,"column":null}},"type":"if","locations":[{"start":{"line":135,"column":4},"end":{"line":139,"column":null}},{"start":{"line":137,"column":11},"end":{"line":139,"column":null}}]},"7":{"loc":{"start":{"line":135,"column":8},"end":{"line":135,"column":85}},"type":"binary-expr","locations":[{"start":{"line":135,"column":8},"end":{"line":135,"column":35}},{"start":{"line":135,"column":35},"end":{"line":135,"column":85}}]},"8":{"loc":{"start":{"line":137,"column":11},"end":{"line":139,"column":null}},"type":"if","locations":[{"start":{"line":137,"column":11},"end":{"line":139,"column":null}}]},"9":{"loc":{"start":{"line":168,"column":4},"end":{"line":168,"column":null}},"type":"if","locations":[{"start":{"line":168,"column":4},"end":{"line":168,"column":null}}]},"10":{"loc":{"start":{"line":176,"column":4},"end":{"line":178,"column":null}},"type":"if","locations":[{"start":{"line":176,"column":4},"end":{"line":178,"column":null}}]},"11":{"loc":{"start":{"line":185,"column":22},"end":{"line":185,"column":null}},"type":"cond-expr","locations":[{"start":{"line":185,"column":47},"end":{"line":185,"column":85}},{"start":{"line":185,"column":88},"end":{"line":185,"column":null}}]},"12":{"loc":{"start":{"line":259,"column":4},"end":{"line":262,"column":null}},"type":"if","locations":[{"start":{"line":259,"column":4},"end":{"line":262,"column":null}}]},"13":{"loc":{"start":{"line":310,"column":4},"end":{"line":314,"column":null}},"type":"if","locations":[{"start":{"line":310,"column":4},"end":{"line":314,"column":null}},{"start":{"line":312,"column":11},"end":{"line":314,"column":null}}]},"14":{"loc":{"start":{"line":311,"column":22},"end":{"line":311,"column":null}},"type":"cond-expr","locations":[{"start":{"line":311,"column":59},"end":{"line":311,"column":73}},{"start":{"line":311,"column":73},"end":{"line":311,"column":null}}]},"15":{"loc":{"start":{"line":312,"column":11},"end":{"line":314,"column":null}},"type":"if","locations":[{"start":{"line":312,"column":11},"end":{"line":314,"column":null}}]}},"s":{"0":0,"1":0,"2":0,"3":0,"4":0,"5":0,"6":0,"7":0,"8":0,"9":0,"10":0,"11":0,"12":0,"13":0,"14":0,"15":0,"16":0,"17":0,"18":0,"19":0,"20":0,"21":0,"22":0,"23":0,"24":0,"25":0,"26":0,"27":0,"28":0,"29":0,"30":0,"31":0,"32":0,"33":0,"34":0,"35":0,"36":0,"37":0,"38":0,"39":0,"40":0,"41":0,"42":0,"43":0,"44":0,"45":0,"46":0,"47":0,"48":0,"49":0,"50":0,"51":0,"52":0,"53":0,"54":0,"55":0,"56":0,"57":0,"58":0,"59":0,"60":0,"61":0,"62":0,"63":0,"64":0,"65":0,"66":0,"67":0,"68":0,"69":0,"70":0,"71":0,"72":0,"73":0,"74":0,"75":0,"76":0,"77":0,"78":0,"79":0,"80":0,"81":0,"82":0,"83":0,"84":0,"85":0,"86":0,"87":0,"88":0,"89":0,"90":0,"91":0,"92":0,"93":0,"94":0,"95":0,"96":0,"97":0,"98":0,"99":0,"100":0,"101":0,"102":0,"103":0,"104":0,"105":0,"106":0,"107":0,"108":0,"109":0,"110":0,"111":0,"112":0,"113":0,"114":0,"115":0,"116":0,"117":0,"118":0,"119":0,"120":0,"121":0,"122":0,"123":0,"124":0,"125":0,"126":0,"127":0,"128":0,"129":0,"130":0,"131":0,"132":0,"133":0},"f":{"0":0,"1":0,"2":0,"3":0,"4":0,"5":0,"6":0,"7":0,"8":0,"9":0,"10":0,"11":0,"12":0,"13":0,"14":0,"15":0,"16":0,"17":0,"18":0,"19":0,"20":0,"21":0,"22":0,"23":0,"24":0,"25":0,"26":0,"27":0,"28":0,"29":0,"30":0,"31":0,"32":0,"33":0,"34":0,"35":0,"36":0},"b":{"0":[0],"1":[0,0],"2":[0],"3":[0,0],"4":[0],"5":[0],"6":[0,0],"7":[0,0],"8":[0],"9":[0],"10":[0],"11":[0,0],"12":[0],"13":[0,0],"14":[0,0],"15":[0]}}
,"/Users/mac-guest1/Downloads/Git/mvp_projects/mvp_1/lib/utils/retry.ts": {"path":"/Users/mac-guest1/Downloads/Git/mvp_projects/mvp_1/lib/utils/retry.ts","statementMap":{"0":{"start":{"line":225,"column":16},"end":{"line":225,"column":25}},"1":{"start":{"line":63,"column":16},"end":{"line":63,"column":34}},"2":{"start":{"line":16,"column":16},"end":{"line":16,"column":32}},"3":{"start":{"line":153,"column":22},"end":{"line":153,"column":36}},"4":{"start":{"line":205,"column":22},"end":{"line":205,"column":42}},"5":{"start":{"line":81,"column":22},"end":{"line":81,"column":31}},"6":{"start":{"line":136,"column":22},"end":{"line":136,"column":41}},"7":{"start":{"line":17,"column":2},"end":{"line":17,"column":null}},"8":{"start":{"line":17,"column":14},"end":{"line":17,"column":null}},"9":{"start":{"line":19,"column":30},"end":{"line":29,"column":null}},"10":{"start":{"line":31,"column":33},"end":{"line":41,"column":null}},"11":{"start":{"line":44,"column":2},"end":{"line":46,"column":null}},"12":{"start":{"line":45,"column":4},"end":{"line":45,"column":null}},"13":{"start":{"line":49,"column":2},"end":{"line":52,"column":null}},"14":{"start":{"line":50,"column":25},"end":{"line":50,"column":null}},"15":{"start":{"line":51,"column":4},"end":{"line":51,"column":null}},"16":{"start":{"line":51,"column":46},"end":{"line":51,"column":null}},"17":{"start":{"line":55,"column":2},"end":{"line":57,"column":null}},"18":{"start":{"line":56,"column":4},"end":{"line":56,"column":null}},"19":{"start":{"line":59,"column":2},"end":{"line":59,"column":null}},"20":{"start":{"line":69,"column":16},"end":{"line":71,"column":null}},"21":{"start":{"line":75,"column":17},"end":{"line":75,"column":null}},"22":{"start":{"line":77,"column":2},"end":{"line":77,"column":null}},"23":{"start":{"line":91,"column":6},"end":{"line":91,"column":null}},"24":{"start":{"line":93,"column":20},"end":{"line":93,"column":null}},"25":{"start":{"line":94,"column":32},"end":{"line":94,"column":null}},"26":{"start":{"line":96,"column":2},"end":{"line":127,"column":null}},"27":{"start":{"line":96,"column":21},"end":{"line":96,"column":24}},"28":{"start":{"line":97,"column":4},"end":{"line":126,"column":null}},"29":{"start":{"line":98,"column":21},"end":{"line":98,"column":null}},"30":{"start":{"line":99,"column":24},"end":{"line":99,"column":null}},"31":{"start":{"line":101,"column":6},"end":{"line":105,"column":null}},"32":{"start":{"line":107,"column":6},"end":{"line":107,"column":null}},"33":{"start":{"line":110,"column":6},"end":{"line":112,"column":null}},"34":{"start":{"line":111,"column":8},"end":{"line":111,"column":null}},"35":{"start":{"line":115,"column":6},"end":{"line":117,"column":null}},"36":{"start":{"line":116,"column":8},"end":{"line":116,"column":null}},"37":{"start":{"line":120,"column":20},"end":{"line":122,"column":null}},"38":{"start":{"line":124,"column":6},"end":{"line":124,"column":null}},"39":{"start":{"line":125,"column":6},"end":{"line":125,"column":null}},"40":{"start":{"line":129,"column":20},"end":{"line":129,"column":null}},"41":{"start":{"line":130,"column":2},"end":{"line":131,"column":null}},"42":{"start":{"line":141,"column":2},"end":{"line":148,"column":null}},"43":{"start":{"line":142,"column":10},"end":{"line":147,"column":null}},"44":{"start":{"line":145,"column":8},"end":{"line":145,"column":null}},"45":{"start":{"line":145,"column":25},"end":{"line":145,"column":65}},"46":{"start":{"line":165,"column":6},"end":{"line":165,"column":null}},"47":{"start":{"line":167,"column":25},"end":{"line":167,"column":27}},"48":{"start":{"line":168,"column":51},"end":{"line":168,"column":53}},"49":{"start":{"line":171,"column":2},"end":{"line":199,"column":null}},"50":{"start":{"line":171,"column":15},"end":{"line":171,"column":18}},"51":{"start":{"line":172,"column":18},"end":{"line":172,"column":null}},"52":{"start":{"line":174,"column":26},"end":{"line":184,"column":null}},"53":{"start":{"line":175,"column":6},"end":{"line":183,"column":null}},"54":{"start":{"line":176,"column":23},"end":{"line":176,"column":null}},"55":{"start":{"line":176,"column":45},"end":{"line":176,"column":62}},"56":{"start":{"line":177,"column":8},"end":{"line":177,"column":null}},"57":{"start":{"line":179,"column":8},"end":{"line":181,"column":null}},"58":{"start":{"line":180,"column":10},"end":{"line":180,"column":null}},"59":{"start":{"line":182,"column":8},"end":{"line":182,"column":null}},"60":{"start":{"line":186,"column":25},"end":{"line":186,"column":null}},"61":{"start":{"line":188,"column":4},"end":{"line":198,"column":null}},"62":{"start":{"line":189,"column":6},"end":{"line":197,"column":null}},"63":{"start":{"line":190,"column":8},"end":{"line":194,"column":null}},"64":{"start":{"line":191,"column":10},"end":{"line":191,"column":null}},"65":{"start":{"line":193,"column":10},"end":{"line":193,"column":null}},"66":{"start":{"line":196,"column":8},"end":{"line":196,"column":null}},"67":{"start":{"line":201,"column":2},"end":{"line":201,"column":null}},"68":{"start":{"line":210,"column":2},"end":{"line":216,"column":null}},"69":{"start":{"line":211,"column":19},"end":{"line":211,"column":null}},"70":{"start":{"line":212,"column":4},"end":{"line":214,"column":null}},"71":{"start":{"line":213,"column":6},"end":{"line":213,"column":null}},"72":{"start":{"line":215,"column":4},"end":{"line":215,"column":null}},"73":{"start":{"line":221,"column":2},"end":{"line":221,"column":null}},"74":{"start":{"line":221,"column":32},"end":{"line":221,"column":null}},"75":{"start":{"line":226,"column":2},"end":{"line":232,"column":null}},"76":{"start":{"line":227,"column":19},"end":{"line":227,"column":35}},"77":{"start":{"line":229,"column":4},"end":{"line":231,"column":null}},"78":{"start":{"line":230,"column":6},"end":{"line":230,"column":null}},"79":{"start":{"line":230,"column":29},"end":{"line":230,"column":55}}},"fnMap":{"0":{"name":"isTransientError","decl":{"start":{"line":16,"column":16},"end":{"line":16,"column":32}},"loc":{"start":{"line":16,"column":43},"end":{"line":60,"column":null}}},"1":{"name":"(anonymous_9)","decl":{"start":{"line":51,"column":39},"end":{"line":51,"column":46}},"loc":{"start":{"line":51,"column":46},"end":{"line":51,"column":null}}},"2":{"name":"exponentialBackoff","decl":{"start":{"line":63,"column":16},"end":{"line":63,"column":34}},"loc":{"start":{"line":67,"column":31},"end":{"line":78,"column":null}}},"3":{"name":"withRetry","decl":{"start":{"line":81,"column":22},"end":{"line":81,"column":31}},"loc":{"start":{"line":83,"column":28},"end":{"line":133,"column":null}}},"4":{"name":"withRetryAndTimeout","decl":{"start":{"line":136,"column":22},"end":{"line":136,"column":41}},"loc":{"start":{"line":139,"column":33},"end":{"line":150,"column":null}}},"5":{"name":"(anonymous_13)","decl":{"start":{"line":142,"column":4},"end":{"line":142,"column":10}},"loc":{"start":{"line":142,"column":10},"end":{"line":147,"column":null}}},"6":{"name":"(anonymous_14)","decl":{"start":{"line":144,"column":25},"end":{"line":144,"column":26}},"loc":{"start":{"line":145,"column":8},"end":{"line":145,"column":null}}},"7":{"name":"(anonymous_15)","decl":{"start":{"line":145,"column":19},"end":{"line":145,"column":25}},"loc":{"start":{"line":145,"column":25},"end":{"line":145,"column":65}}},"8":{"name":"withBatchRetry","decl":{"start":{"line":153,"column":22},"end":{"line":153,"column":36}},"loc":{"start":{"line":159,"column":8},"end":{"line":202,"column":null}}},"9":{"name":"(anonymous_17)","decl":{"start":{"line":174,"column":36},"end":{"line":174,"column":43}},"loc":{"start":{"line":174,"column":43},"end":{"line":184,"column":null}}},"10":{"name":"(anonymous_18)","decl":{"start":{"line":176,"column":39},"end":{"line":176,"column":45}},"loc":{"start":{"line":176,"column":45},"end":{"line":176,"column":62}}},"11":{"name":"(anonymous_19)","decl":{"start":{"line":188,"column":25},"end":{"line":188,"column":26}},"loc":{"start":{"line":188,"column":26},"end":{"line":198,"column":null}}},"12":{"name":"withConditionalRetry","decl":{"start":{"line":205,"column":22},"end":{"line":205,"column":42}},"loc":{"start":{"line":208,"column":28},"end":{"line":217,"column":null}}},"13":{"name":"(anonymous_21)","decl":{"start":{"line":210,"column":19},"end":{"line":210,"column":null}},"loc":{"start":{"line":210,"column":19},"end":{"line":216,"column":5}}},"14":{"name":"sleep","decl":{"start":{"line":220,"column":9},"end":{"line":220,"column":15}},"loc":{"start":{"line":220,"column":25},"end":{"line":222,"column":null}}},"15":{"name":"(anonymous_23)","decl":{"start":{"line":221,"column":21},"end":{"line":221,"column":32}},"loc":{"start":{"line":221,"column":32},"end":{"line":221,"column":null}}},"16":{"name":"Retryable","decl":{"start":{"line":225,"column":16},"end":{"line":225,"column":25}},"loc":{"start":{"line":225,"column":52},"end":{"line":233,"column":null}}},"17":{"name":"(anonymous_25)","decl":{"start":{"line":226,"column":9},"end":{"line":226,"column":19}},"loc":{"start":{"line":226,"column":84},"end":{"line":232,"column":null}}},"18":{"name":"(anonymous_26)","decl":{"start":{"line":229,"column":23},"end":{"line":229,"column":39}},"loc":{"start":{"line":229,"column":53},"end":{"line":231,"column":null}}},"19":{"name":"(anonymous_27)","decl":{"start":{"line":230,"column":23},"end":{"line":230,"column":29}},"loc":{"start":{"line":230,"column":29},"end":{"line":230,"column":55}}}},"branchMap":{"0":{"loc":{"start":{"line":17,"column":2},"end":{"line":17,"column":null}},"type":"if","locations":[{"start":{"line":17,"column":2},"end":{"line":17,"column":null}}]},"1":{"loc":{"start":{"line":44,"column":2},"end":{"line":46,"column":null}},"type":"if","locations":[{"start":{"line":44,"column":2},"end":{"line":46,"column":null}}]},"2":{"loc":{"start":{"line":44,"column":6},"end":{"line":44,"column":62}},"type":"binary-expr","locations":[{"start":{"line":44,"column":6},"end":{"line":44,"column":16}},{"start":{"line":44,"column":20},"end":{"line":44,"column":62}}]},"3":{"loc":{"start":{"line":49,"column":2},"end":{"line":52,"column":null}},"type":"if","locations":[{"start":{"line":49,"column":2},"end":{"line":52,"column":null}}]},"4":{"loc":{"start":{"line":55,"column":2},"end":{"line":57,"column":null}},"type":"if","locations":[{"start":{"line":55,"column":2},"end":{"line":57,"column":null}}]},"5":{"loc":{"start":{"line":65,"column":2},"end":{"line":65,"column":26}},"type":"default-arg","locations":[{"start":{"line":65,"column":22},"end":{"line":65,"column":26}}]},"6":{"loc":{"start":{"line":66,"column":2},"end":{"line":66,"column":26}},"type":"default-arg","locations":[{"start":{"line":66,"column":21},"end":{"line":66,"column":26}}]},"7":{"loc":{"start":{"line":67,"column":2},"end":{"line":67,"column":31}},"type":"default-arg","locations":[{"start":{"line":67,"column":30},"end":{"line":67,"column":31}}]},"8":{"loc":{"start":{"line":83,"column":2},"end":{"line":83,"column":28}},"type":"default-arg","locations":[{"start":{"line":83,"column":26},"end":{"line":83,"column":28}}]},"9":{"loc":{"start":{"line":86,"column":4},"end":{"line":86,"column":18}},"type":"default-arg","locations":[{"start":{"line":86,"column":17},"end":{"line":86,"column":18}}]},"10":{"loc":{"start":{"line":87,"column":4},"end":{"line":87,"column":20}},"type":"default-arg","locations":[{"start":{"line":87,"column":16},"end":{"line":87,"column":20}}]},"11":{"loc":{"start":{"line":88,"column":4},"end":{"line":88,"column":20}},"type":"default-arg","locations":[{"start":{"line":88,"column":15},"end":{"line":88,"column":20}}]},"12":{"loc":{"start":{"line":89,"column":4},"end":{"line":89,"column":25}},"type":"default-arg","locations":[{"start":{"line":89,"column":24},"end":{"line":89,"column":25}}]},"13":{"loc":{"start":{"line":90,"column":4},"end":{"line":90,"column":17}},"type":"default-arg","locations":[{"start":{"line":90,"column":13},"end":{"line":90,"column":17}}]},"14":{"loc":{"start":{"line":110,"column":6},"end":{"line":112,"column":null}},"type":"if","locations":[{"start":{"line":110,"column":6},"end":{"line":112,"column":null}}]},"15":{"loc":{"start":{"line":115,"column":6},"end":{"line":117,"column":null}},"type":"if","locations":[{"start":{"line":115,"column":6},"end":{"line":117,"column":null}}]},"16":{"loc":{"start":{"line":120,"column":20},"end":{"line":122,"column":null}},"type":"cond-expr","locations":[{"start":{"line":121,"column":10},"end":{"line":121,"column":null}},{"start":{"line":122,"column":10},"end":{"line":122,"column":null}}]},"17":{"loc":{"start":{"line":138,"column":2},"end":{"line":138,"column":25}},"type":"default-arg","locations":[{"start":{"line":138,"column":20},"end":{"line":138,"column":25}}]},"18":{"loc":{"start":{"line":139,"column":2},"end":{"line":139,"column":33}},"type":"default-arg","locations":[{"start":{"line":139,"column":31},"end":{"line":139,"column":33}}]},"19":{"loc":{"start":{"line":156,"column":2},"end":{"line":159,"column":8}},"type":"default-arg","locations":[{"start":{"line":159,"column":6},"end":{"line":159,"column":8}}]},"20":{"loc":{"start":{"line":162,"column":4},"end":{"line":162,"column":19}},"type":"default-arg","locations":[{"start":{"line":162,"column":18},"end":{"line":162,"column":19}}]},"21":{"loc":{"start":{"line":163,"column":4},"end":{"line":163,"column":23}},"type":"default-arg","locations":[{"start":{"line":163,"column":18},"end":{"line":163,"column":23}}]},"22":{"loc":{"start":{"line":179,"column":8},"end":{"line":181,"column":null}},"type":"if","locations":[{"start":{"line":179,"column":8},"end":{"line":181,"column":null}}]},"23":{"loc":{"start":{"line":189,"column":6},"end":{"line":197,"column":null}},"type":"if","locations":[{"start":{"line":189,"column":6},"end":{"line":197,"column":null}},{"start":{"line":195,"column":13},"end":{"line":197,"column":null}}]},"24":{"loc":{"start":{"line":190,"column":8},"end":{"line":194,"column":null}},"type":"if","locations":[{"start":{"line":190,"column":8},"end":{"line":194,"column":null}},{"start":{"line":192,"column":15},"end":{"line":194,"column":null}}]},"25":{"loc":{"start":{"line":193,"column":56},"end":{"line":193,"column":105}},"type":"binary-expr","locations":[{"start":{"line":193,"column":56},"end":{"line":193,"column":74}},{"start":{"line":193,"column":78},"end":{"line":193,"column":105}}]},"26":{"loc":{"start":{"line":208,"column":2},"end":{"line":208,"column":28}},"type":"default-arg","locations":[{"start":{"line":208,"column":26},"end":{"line":208,"column":28}}]},"27":{"loc":{"start":{"line":212,"column":4},"end":{"line":214,"column":null}},"type":"if","locations":[{"start":{"line":212,"column":4},"end":{"line":214,"column":null}}]},"28":{"loc":{"start":{"line":225,"column":26},"end":{"line":225,"column":52}},"type":"default-arg","locations":[{"start":{"line":225,"column":50},"end":{"line":225,"column":52}}]}},"s":{"0":0,"1":0,"2":0,"3":0,"4":0,"5":0,"6":0,"7":0,"8":0,"9":0,"10":0,"11":0,"12":0,"13":0,"14":0,"15":0,"16":0,"17":0,"18":0,"19":0,"20":0,"21":0,"22":0,"23":0,"24":0,"25":0,"26":0,"27":0,"28":0,"29":0,"30":0,"31":0,"32":0,"33":0,"34":0,"35":0,"36":0,"37":0,"38":0,"39":0,"40":0,"41":0,"42":0,"43":0,"44":0,"45":0,"46":0,"47":0,"48":0,"49":0,"50":0,"51":0,"52":0,"53":0,"54":0,"55":0,"56":0,"57":0,"58":0,"59":0,"60":0,"61":0,"62":0,"63":0,"64":0,"65":0,"66":0,"67":0,"68":0,"69":0,"70":0,"71":0,"72":0,"73":0,"74":0,"75":0,"76":0,"77":0,"78":0,"79":0},"f":{"0":0,"1":0,"2":0,"3":0,"4":0,"5":0,"6":0,"7":0,"8":0,"9":0,"10":0,"11":0,"12":0,"13":0,"14":0,"15":0,"16":0,"17":0,"18":0,"19":0},"b":{"0":[0],"1":[0],"2":[0,0],"3":[0],"4":[0],"5":[0],"6":[0],"7":[0],"8":[0],"9":[0],"10":[0],"11":[0],"12":[0],"13":[0],"14":[0],"15":[0],"16":[0,0],"17":[0],"18":[0],"19":[0],"20":[0],"21":[0],"22":[0],"23":[0,0],"24":[0,0],"25":[0,0],"26":[0],"27":[0],"28":[0]}}
}
