TN:
SF:app/error.tsx
FN:7,Error
FN:14,(anonymous_3)
FN:47,(anonymous_4)
FNF:3
FNH:0
FNDA:0,Error
FNDA:0,(anonymous_3)
FNDA:0,(anonymous_4)
DA:2,0
DA:3,0
DA:4,0
DA:5,0
DA:7,0
DA:14,0
DA:16,0
DA:47,0
LF:8
LH:0
BRDA:35,0,0,0
BRDA:35,0,1,0
BRDA:37,1,0,0
BRDA:92,2,0,0
BRF:4
BRH:0
end_of_record
TN:
SF:app/layout.tsx
FN:33,RootLayout
FNF:1
FNH:0
FNDA:0,RootLayout
DA:2,0
DA:3,0
DA:4,0
DA:5,0
DA:6,0
DA:7,0
DA:8,0
DA:10,0
DA:12,0
DA:31,0
DA:33,0
DA:38,0
LF:12
LH:0
BRDA:50,0,0,0
BRDA:50,0,1,0
BRF:2
BRH:0
end_of_record
TN:
SF:app/not-found.tsx
FN:5,NotFound
FNF:1
FNH:0
FNDA:0,NotFound
DA:1,0
DA:2,0
DA:3,0
DA:5,0
LF:4
LH:0
BRF:0
BRH:0
end_of_record
TN:
SF:app/page.tsx
FN:7,HomePage
FN:20,(anonymous_3)
FNF:2
FNH:0
FNDA:0,HomePage
FNDA:0,(anonymous_3)
DA:1,0
DA:2,0
DA:3,0
DA:4,0
DA:5,0
DA:7,0
DA:21,0
LF:7
LH:0
BRF:0
BRH:0
end_of_record
TN:
SF:app/(ops)/ops/page.tsx
FN:57,AdminDashboard
FN:70,(anonymous_2)
FN:83,(anonymous_3)
FN:103,(anonymous_4)
FN:111,(anonymous_5)
FN:119,(anonymous_6)
FN:127,(anonymous_7)
FN:135,(anonymous_8)
FN:157,(anonymous_9)
FN:227,(anonymous_10)
FN:240,(anonymous_11)
FN:241,(anonymous_12)
FN:245,(anonymous_13)
FN:258,(anonymous_14)
FN:298,(anonymous_15)
FN:314,(anonymous_16)
FN:339,(anonymous_17)
FN:368,(anonymous_18)
FN:410,(anonymous_19)
FNF:19
FNH:0
FNDA:0,AdminDashboard
FNDA:0,(anonymous_2)
FNDA:0,(anonymous_3)
FNDA:0,(anonymous_4)
FNDA:0,(anonymous_5)
FNDA:0,(anonymous_6)
FNDA:0,(anonymous_7)
FNDA:0,(anonymous_8)
FNDA:0,(anonymous_9)
FNDA:0,(anonymous_10)
FNDA:0,(anonymous_11)
FNDA:0,(anonymous_12)
FNDA:0,(anonymous_13)
FNDA:0,(anonymous_14)
FNDA:0,(anonymous_15)
FNDA:0,(anonymous_16)
FNDA:0,(anonymous_17)
FNDA:0,(anonymous_18)
FNDA:0,(anonymous_19)
DA:3,0
DA:4,0
DA:5,0
DA:6,0
DA:7,0
DA:8,0
DA:9,0
DA:21,0
DA:57,0
DA:58,0
DA:59,0
DA:60,0
DA:61,0
DA:62,0
DA:63,0
DA:64,0
DA:67,0
DA:68,0
DA:70,0
DA:71,0
DA:72,0
DA:77,0
DA:80,0
DA:83,0
DA:84,0
DA:85,0
DA:86,0
DA:93,0
DA:99,0
DA:103,0
DA:104,0
DA:105,0
DA:106,0
DA:107,0
DA:111,0
DA:112,0
DA:113,0
DA:114,0
DA:115,0
DA:119,0
DA:120,0
DA:121,0
DA:122,0
DA:123,0
DA:127,0
DA:128,0
DA:129,0
DA:130,0
DA:131,0
DA:135,0
DA:136,0
DA:137,0
DA:141,0
DA:142,0
DA:146,0
DA:149,0
DA:157,0
DA:158,0
DA:159,0
DA:163,0
DA:164,0
DA:168,0
DA:171,0
DA:179,0
DA:194,0
DA:227,0
DA:240,0
DA:241,0
DA:245,0
DA:258,0
DA:299,0
DA:314,0
DA:340,0
DA:369,0
DA:411,0
LF:75
LH:0
BRDA:67,0,0,0
BRDA:67,0,1,0
BRDA:68,1,0,0
BRDA:68,1,1,0
BRDA:68,2,0,0
BRDA:68,2,1,0
BRDA:71,3,0,0
BRDA:105,4,0,0
BRDA:113,5,0,0
BRDA:121,6,0,0
BRDA:129,7,0,0
BRDA:141,8,0,0
BRDA:163,9,0,0
BRDA:179,10,0,0
BRDA:194,11,0,0
BRDA:270,12,0,0
BRDA:270,12,1,0
BRDA:273,13,0,0
BRDA:273,13,1,0
BRDA:308,14,0,0
BRDA:314,15,0,0
BRDA:314,15,1,0
BRDA:316,16,0,0
BRDA:348,17,0,0
BRDA:348,17,1,0
BRDA:393,18,0,0
BRF:26
BRH:0
end_of_record
TN:
SF:app/about/page.tsx
FN:16,AboutPage
FNF:1
FNH:0
FNDA:0,AboutPage
DA:1,0
DA:2,0
DA:3,0
DA:14,0
DA:16,0
LF:5
LH:0
BRF:0
BRH:0
end_of_record
TN:
SF:app/api/chat/[chatId]/messages/route.ts
FN:5,GET
FN:57,POST
FNF:2
FNH:0
FNDA:0,GET
FNDA:0,POST
DA:2,0
DA:5,0
DA:9,0
DA:10,0
DA:13,0
DA:15,0
DA:16,0
DA:23,0
DA:39,0
DA:40,0
DA:41,0
DA:47,0
DA:49,0
DA:50,0
DA:57,0
DA:61,0
DA:62,0
DA:63,0
DA:66,0
DA:68,0
DA:69,0
DA:76,0
DA:97,0
DA:98,0
DA:99,0
DA:105,0
DA:107,0
DA:108,0
LF:28
LH:0
BRDA:15,0,0,0
BRDA:15,1,0,0
BRDA:15,1,1,0
BRDA:39,2,0,0
BRDA:47,3,0,0
BRDA:47,3,1,0
BRDA:63,4,0,0
BRDA:68,5,0,0
BRDA:68,6,0,0
BRDA:68,6,1,0
BRDA:97,7,0,0
BRF:11
BRH:0
end_of_record
TN:
SF:app/api/chat/list/route.ts
FN:4,GET
FN:46,(anonymous_3)
FNF:2
FNH:0
FNDA:0,GET
FNDA:0,(anonymous_3)
DA:2,0
DA:4,0
DA:5,0
DA:6,0
DA:9,0
DA:11,0
DA:12,0
DA:19,0
DA:37,0
DA:38,0
DA:39,0
DA:46,0
DA:58,0
DA:60,0
DA:61,0
LF:15
LH:0
BRDA:11,0,0,0
BRDA:11,1,0,0
BRDA:11,1,1,0
BRDA:37,2,0,0
BRDA:46,3,0,0
BRDA:46,3,1,0
BRDA:48,4,0,0
BRDA:48,4,1,0
BRF:8
BRH:0
end_of_record
TN:
SF:app/api/db-test/route.ts
FN:8,(anonymous_4)
FN:16,(anonymous_5)
FN:20,(anonymous_6)
FN:24,(anonymous_7)
FN:34,GET
FN:127,(anonymous_9)
FN:128,(anonymous_10)
FN:129,(anonymous_11)
FN:130,(anonymous_12)
FN:155,(anonymous_13)
FN:178,(anonymous_14)
FN:179,(anonymous_15)
FN:180,(anonymous_16)
FN:234,(anonymous_17)
FN:254,POST
FNF:15
FNH:0
FNDA:0,(anonymous_4)
FNDA:0,(anonymous_5)
FNDA:0,(anonymous_6)
FNDA:0,(anonymous_7)
FNDA:0,GET
FNDA:0,(anonymous_9)
FNDA:0,(anonymous_10)
FNDA:0,(anonymous_11)
FNDA:0,(anonymous_12)
FNDA:0,(anonymous_13)
FNDA:0,(anonymous_14)
FNDA:0,(anonymous_15)
FNDA:0,(anonymous_16)
FNDA:0,(anonymous_17)
FNDA:0,POST
DA:2,0
DA:6,0
DA:9,0
DA:17,0
DA:21,0
DA:25,0
DA:26,0
DA:34,0
DA:35,0
DA:37,0
DA:38,0
DA:40,0
DA:62,0
DA:77,0
DA:78,0
DA:79,0
DA:80,0
DA:81,0
DA:87,0
DA:95,0
DA:96,0
DA:105,0
DA:106,0
DA:107,0
DA:108,0
DA:109,0
DA:110,0
DA:116,0
DA:125,0
DA:126,0
DA:127,0
DA:128,0
DA:129,0
DA:130,0
DA:133,0
DA:134,0
DA:135,0
DA:136,0
DA:137,0
DA:138,0
DA:145,0
DA:154,0
DA:155,0
DA:156,0
DA:157,0
DA:158,0
DA:159,0
DA:166,0
DA:175,0
DA:176,0
DA:178,0
DA:179,0
DA:180,0
DA:185,0
DA:186,0
DA:187,0
DA:188,0
DA:189,0
DA:195,0
DA:203,0
DA:204,0
DA:212,0
DA:213,0
DA:214,0
DA:215,0
DA:222,0
DA:225,0
DA:226,0
DA:234,0
DA:235,0
DA:237,0
DA:245,0
DA:246,0
DA:249,0
DA:250,0
DA:254,0
DA:255,0
DA:256,0
DA:257,0
DA:259,0
DA:261,0
DA:262,0
DA:269,0
DA:270,0
DA:279,0
DA:280,0
DA:286,0
DA:293,0
DA:300,0
DA:301,0
LF:90
LH:0
BRDA:11,0,0,0
BRDA:11,0,1,0
BRDA:28,1,0,0
BRDA:28,1,1,0
BRDA:64,2,0,0
BRDA:64,2,1,0
BRDA:82,3,0,0
BRDA:82,3,1,0
BRDA:84,4,0,0
BRDA:84,4,1,0
BRDA:90,5,0,0
BRDA:90,5,1,0
BRDA:111,6,0,0
BRDA:111,6,1,0
BRDA:113,7,0,0
BRDA:113,7,1,0
BRDA:119,8,0,0
BRDA:119,8,1,0
BRDA:139,9,0,0
BRDA:139,9,1,0
BRDA:141,10,0,0
BRDA:141,10,1,0
BRDA:142,11,0,0
BRDA:142,11,1,0
BRDA:148,12,0,0
BRDA:148,12,1,0
BRDA:163,13,0,0
BRDA:163,13,1,0
BRDA:170,14,0,0
BRDA:170,14,1,0
BRDA:190,15,0,0
BRDA:190,15,1,0
BRDA:190,16,0,0
BRDA:190,16,1,0
BRDA:192,17,0,0
BRDA:192,17,1,0
BRDA:198,18,0,0
BRDA:198,18,1,0
BRDA:217,19,0,0
BRDA:217,19,1,0
BRDA:242,20,0,0
BRDA:242,20,1,0
BRDA:242,21,0,0
BRDA:242,21,1,0
BRDA:259,22,0,0
BRDA:259,22,1,0
BRDA:259,22,2,0
BRDA:279,23,0,0
BRF:48
BRH:0
end_of_record
TN:
SF:app/api/health/route.ts
FN:4,GET
FNF:1
FNH:0
FNDA:0,GET
DA:2,0
DA:4,0
DA:5,0
DA:7,0
DA:9,0
DA:10,0
DA:12,0
DA:23,0
DA:24,0
LF:9
LH:0
BRDA:9,0,0,0
BRDA:9,0,1,0
BRDA:10,1,0,0
BRDA:10,1,1,0
BRDA:20,2,0,0
BRDA:20,2,1,0
BRF:6
BRH:0
end_of_record
TN:
SF:app/api/system/health/route.ts
FN:11,createRedisClient
FN:74,GET
FN:109,getDatabaseHealth
FN:123,getApiModulesHealth
FN:159,getCircuitBreakersHealth
FN:165,(anonymous_9)
FN:166,(anonymous_10)
FN:167,(anonymous_11)
FN:172,getRedisHealth
FN:202,calculateOverallStatus
FN:210,(anonymous_14)
FN:225,POST
FNF:12
FNH:0
FNDA:0,createRedisClient
FNDA:0,GET
FNDA:0,getDatabaseHealth
FNDA:0,getApiModulesHealth
FNDA:0,getCircuitBreakersHealth
FNDA:0,(anonymous_9)
FNDA:0,(anonymous_10)
FNDA:0,(anonymous_11)
FNDA:0,getRedisHealth
FNDA:0,calculateOverallStatus
FNDA:0,(anonymous_14)
FNDA:0,POST
DA:2,0
DA:3,0
DA:6,0
DA:7,0
DA:12,0
DA:13,0
DA:15,0
DA:16,0
DA:19,0
DA:20,0
DA:74,0
DA:75,0
DA:77,0
DA:78,0
DA:89,0
DA:91,0
DA:93,0
DA:99,0
DA:100,0
DA:110,0
DA:111,0
DA:113,0
DA:125,0
DA:160,0
DA:161,0
DA:163,0
DA:165,0
DA:166,0
DA:167,0
DA:173,0
DA:174,0
DA:177,0
DA:178,0
DA:181,0
DA:183,0
DA:190,0
DA:203,0
DA:206,0
DA:207,0
DA:210,0
DA:211,0
DA:215,0
DA:218,0
DA:220,0
DA:221,0
DA:222,0
DA:225,0
DA:226,0
DA:227,0
DA:228,0
DA:230,0
DA:232,0
DA:233,0
DA:239,0
DA:240,0
DA:246,0
DA:247,0
DA:253,0
DA:254,0
DA:260,0
DA:267,0
DA:268,0
LF:62
LH:0
BRDA:6,0,0,0
BRDA:15,1,0,0
BRDA:15,2,0,0
BRDA:15,2,1,0
BRDA:80,3,0,0
BRDA:80,3,1,0
BRDA:103,4,0,0
BRDA:103,4,1,0
BRDA:195,5,0,0
BRDA:195,5,1,0
BRDA:206,6,0,0
BRDA:207,7,0,0
BRDA:211,8,0,0
BRDA:215,9,0,0
BRDA:218,10,0,0
BRDA:220,11,0,0
BRDA:221,12,0,0
BRDA:230,13,0,0
BRDA:230,13,1,0
BRDA:230,13,2,0
BRDA:230,13,3,0
BRDA:230,13,4,0
BRDA:270,14,0,0
BRDA:270,14,1,0
BRF:24
BRH:0
end_of_record
TN:
SF:app/api/test-db/route.ts
FN:9,GET
FN:104,POST
FNF:2
FNH:0
FNDA:0,GET
FNDA:0,POST
DA:2,0
DA:4,0
DA:5,0
DA:7,0
DA:9,0
DA:10,0
DA:11,0
DA:14,0
DA:19,0
DA:20,0
DA:28,0
DA:42,0
DA:43,0
DA:44,0
DA:45,0
DA:46,0
DA:52,0
DA:61,0
DA:62,0
DA:66,0
DA:69,0
DA:73,0
DA:75,0
DA:95,0
DA:96,0
DA:104,0
DA:105,0
DA:106,0
DA:107,0
DA:109,0
DA:112,0
DA:126,0
DA:127,0
DA:134,0
DA:142,0
DA:152,0
DA:153,0
DA:160,0
DA:167,0
DA:174,0
DA:175,0
LF:41
LH:0
BRDA:19,0,0,0
BRDA:48,1,0,0
BRDA:48,1,1,0
BRDA:49,2,0,0
BRDA:49,2,1,0
BRDA:55,3,0,0
BRDA:55,3,1,0
BRDA:73,4,0,0
BRDA:73,4,1,0
BRDA:85,5,0,0
BRDA:85,5,1,0
BRDA:89,6,0,0
BRDA:89,6,1,0
BRDA:99,7,0,0
BRDA:99,7,1,0
BRDA:109,8,0,0
BRDA:109,8,1,0
BRDA:109,8,2,0
BRDA:126,9,0,0
BRDA:147,10,0,0
BRDA:147,10,1,0
BRDA:152,11,0,0
BRDA:178,12,0,0
BRDA:178,12,1,0
BRF:24
BRH:0
end_of_record
TN:
SF:app/api/test-mock/route.ts
FN:3,GET
FNF:1
FNH:0
FNDA:0,GET
DA:3,0
DA:4,0
DA:6,0
LF:3
LH:0
BRDA:4,0,0,0
BRDA:4,0,1,0
BRDA:8,1,0,0
BRDA:8,1,1,0
BRDA:9,2,0,0
BRDA:9,2,1,0
BRF:6
BRH:0
end_of_record
TN:
SF:app/auth/callback/route.ts
FN:5,GET
FN:25,(anonymous_3)
FN:28,(anonymous_4)
FN:31,(anonymous_5)
FNF:4
FNH:0
FNDA:0,GET
FNDA:0,(anonymous_3)
FNDA:0,(anonymous_4)
FNDA:0,(anonymous_5)
DA:2,0
DA:3,0
DA:5,0
DA:6,0
DA:7,0
DA:8,0
DA:9,0
DA:11,0
DA:12,0
DA:13,0
DA:18,0
DA:19,0
DA:20,0
DA:26,0
DA:29,0
DA:32,0
DA:38,0
DA:39,0
DA:41,0
DA:42,0
DA:43,0
DA:48,0
DA:50,0
DA:53,0
DA:54,0
DA:61,0
LF:26
LH:0
BRDA:11,0,0,0
BRDA:14,1,0,0
BRDA:14,1,1,0
BRDA:18,2,0,0
BRDA:41,3,0,0
BRDA:48,4,0,0
BRF:6
BRH:0
end_of_record
TN:
SF:app/auth/forgot-password/page.tsx
FN:22,ForgotPasswordPage
FN:33,(anonymous_3)
FN:78,(anonymous_4)
FNF:3
FNH:0
FNDA:0,ForgotPasswordPage
FNDA:0,(anonymous_3)
FNDA:0,(anonymous_4)
DA:3,0
DA:4,0
DA:5,0
DA:6,0
DA:7,0
DA:8,0
DA:9,0
DA:10,0
DA:11,0
DA:12,0
DA:13,0
DA:14,0
DA:16,0
DA:22,0
DA:23,0
DA:24,0
DA:25,0
DA:26,0
DA:27,0
DA:29,0
DA:33,0
DA:34,0
DA:35,0
DA:36,0
DA:37,0
DA:38,0
DA:44,0
DA:45,0
DA:51,0
DA:57,0
DA:61,0
DA:78,0
LF:32
LH:0
BRDA:37,0,0,0
BRDA:37,0,1,0
BRDA:61,1,0,0
BRDA:114,2,0,0
BRDA:121,3,0,0
BRDA:121,3,1,0
BRF:6
BRH:0
end_of_record
TN:
SF:app/auth/login/page.tsx
FN:14,LoginPage
FN:30,(anonymous_3)
FN:46,(anonymous_4)
FN:53,(anonymous_5)
FN:110,(anonymous_6)
FN:127,(anonymous_7)
FN:149,(anonymous_8)
FN:190,(anonymous_9)
FN:252,(anonymous_10)
FN:268,(anonymous_11)
FN:276,(anonymous_12)
FN:304,(anonymous_13)
FN:363,(anonymous_14)
FN:384,(anonymous_15)
FN:397,(anonymous_16)
FNF:15
FNH:0
FNDA:0,LoginPage
FNDA:0,(anonymous_3)
FNDA:0,(anonymous_4)
FNDA:0,(anonymous_5)
FNDA:0,(anonymous_6)
FNDA:0,(anonymous_7)
FNDA:0,(anonymous_8)
FNDA:0,(anonymous_9)
FNDA:0,(anonymous_10)
FNDA:0,(anonymous_11)
FNDA:0,(anonymous_12)
FNDA:0,(anonymous_13)
FNDA:0,(anonymous_14)
FNDA:0,(anonymous_15)
FNDA:0,(anonymous_16)
DA:3,0
DA:4,0
DA:5,0
DA:6,0
DA:7,0
DA:8,0
DA:9,0
DA:10,0
DA:11,0
DA:12,0
DA:14,0
DA:15,0
DA:16,0
DA:17,0
DA:18,0
DA:19,0
DA:20,0
DA:21,0
DA:22,0
DA:23,0
DA:25,0
DA:26,0
DA:27,0
DA:30,0
DA:31,0
DA:32,0
DA:33,0
DA:35,0
DA:36,0
DA:37,0
DA:38,0
DA:39,0
DA:41,0
DA:46,0
DA:47,0
DA:48,0
DA:49,0
DA:53,0
DA:54,0
DA:55,0
DA:56,0
DA:57,0
DA:58,0
DA:59,0
DA:61,0
DA:62,0
DA:63,0
DA:66,0
DA:67,0
DA:68,0
DA:73,0
DA:74,0
DA:77,0
DA:78,0
DA:79,0
DA:84,0
DA:85,0
DA:88,0
DA:89,0
DA:90,0
DA:91,0
DA:93,0
DA:94,0
DA:95,0
DA:100,0
DA:102,0
DA:103,0
DA:107,0
DA:108,0
DA:110,0
DA:111,0
DA:112,0
DA:117,0
DA:118,0
DA:123,0
DA:127,0
DA:128,0
DA:129,0
DA:130,0
DA:131,0
DA:132,0
DA:139,0
DA:145,0
DA:149,0
DA:150,0
DA:151,0
DA:153,0
DA:154,0
DA:159,0
DA:160,0
DA:163,0
DA:164,0
DA:165,0
DA:166,0
DA:171,0
DA:173,0
DA:174,0
DA:175,0
DA:181,0
DA:186,0
DA:190,0
DA:191,0
DA:192,0
DA:194,0
DA:195,0
DA:200,0
DA:201,0
DA:204,0
DA:206,0
DA:211,0
DA:212,0
DA:216,0
DA:221,0
DA:252,0
DA:268,0
DA:276,0
DA:305,0
DA:306,0
DA:307,0
DA:310,0
DA:311,0
DA:312,0
DA:315,0
DA:316,0
DA:317,0
DA:318,0
DA:319,0
DA:320,0
DA:321,0
DA:326,0
DA:327,0
DA:334,0
DA:335,0
DA:341,0
DA:363,0
DA:384,0
DA:398,0
DA:399,0
LF:138
LH:0
BRDA:35,0,0,0
BRDA:35,0,1,0
BRDA:47,1,0,0
BRDA:47,2,0,0
BRDA:47,2,1,0
BRDA:66,3,0,0
BRDA:66,4,0,0
BRDA:66,4,1,0
BRDA:77,5,0,0
BRDA:93,6,0,0
BRDA:93,6,1,0
BRDA:131,7,0,0
BRDA:153,8,0,0
BRDA:153,9,0,0
BRDA:153,9,1,0
BRDA:165,10,0,0
BRDA:165,10,1,0
BRDA:194,11,0,0
BRDA:194,12,0,0
BRDA:194,12,1,0
BRDA:212,13,0,0
BRDA:265,14,0,0
BRDA:265,14,1,0
BRDA:280,15,0,0
BRDA:288,16,0,0
BRDA:288,16,1,0
BRDA:310,17,0,0
BRDA:319,18,0,0
BRDA:319,18,1,0
BRDA:353,19,0,0
BRDA:371,20,0,0
BRDA:371,20,1,0
BRDA:391,21,0,0
BRDA:391,21,1,0
BRF:34
BRH:0
end_of_record
TN:
SF:app/auth/register/page.tsx
FN:21,(anonymous_2)
FN:28,RegisterPage
FN:39,(anonymous_4)
FN:84,(anonymous_5)
FNF:4
FNH:0
FNDA:0,(anonymous_2)
FNDA:0,RegisterPage
FNDA:0,(anonymous_4)
FNDA:0,(anonymous_5)
DA:3,0
DA:4,0
DA:5,0
DA:6,0
DA:7,0
DA:8,0
DA:9,0
DA:10,0
DA:11,0
DA:12,0
DA:13,0
DA:14,0
DA:16,0
DA:21,0
DA:28,0
DA:29,0
DA:30,0
DA:31,0
DA:32,0
DA:33,0
DA:35,0
DA:39,0
DA:40,0
DA:41,0
DA:42,0
DA:43,0
DA:44,0
DA:50,0
DA:51,0
DA:57,0
DA:63,0
DA:67,0
DA:84,0
LF:33
LH:0
BRDA:43,0,0,0
BRDA:43,0,1,0
BRDA:67,1,0,0
BRDA:119,2,0,0
BRDA:132,3,0,0
BRDA:145,4,0,0
BRDA:158,5,0,0
BRDA:165,6,0,0
BRDA:165,6,1,0
BRF:9
BRH:0
end_of_record
TN:
SF:app/auth/update-password/page.tsx
FN:19,(anonymous_2)
FN:26,UpdatePasswordPage
FN:38,(anonymous_4)
FN:40,(anonymous_5)
FN:47,(anonymous_6)
FNF:5
FNH:0
FNDA:0,(anonymous_2)
FNDA:0,UpdatePasswordPage
FNDA:0,(anonymous_4)
FNDA:0,(anonymous_5)
FNDA:0,(anonymous_6)
DA:3,0
DA:4,0
DA:5,0
DA:6,0
DA:7,0
DA:8,0
DA:9,0
DA:10,0
DA:11,0
DA:12,0
DA:13,0
DA:14,0
DA:16,0
DA:19,0
DA:26,0
DA:27,0
DA:28,0
DA:29,0
DA:30,0
DA:31,0
DA:32,0
DA:34,0
DA:38,0
DA:40,0
DA:44,0
DA:47,0
DA:48,0
DA:49,0
DA:50,0
DA:51,0
DA:52,0
DA:58,0
DA:59,0
DA:65,0
DA:71,0
DA:75,0
LF:36
LH:0
BRDA:51,0,0,0
BRDA:51,0,1,0
BRDA:75,1,0,0
BRDA:119,2,0,0
BRDA:132,3,0,0
BRDA:139,4,0,0
BRDA:139,4,1,0
BRF:7
BRH:0
end_of_record
TN:
SF:app/chat/page.tsx
FN:43,ChatListPage
FN:54,(anonymous_2)
FN:63,(anonymous_3)
FN:67,(anonymous_4)
FN:87,(anonymous_5)
FN:92,(anonymous_6)
FN:100,(anonymous_7)
FN:103,(anonymous_8)
FN:112,(anonymous_9)
FN:116,(anonymous_10)
FN:120,(anonymous_11)
FN:132,(anonymous_12)
FN:183,(anonymous_13)
FN:192,(anonymous_14)
FN:199,(anonymous_15)
FN:206,(anonymous_16)
FN:237,(anonymous_17)
FN:241,(anonymous_18)
FN:313,(anonymous_19)
FN:316,(anonymous_20)
FNF:20
FNH:0
FNDA:0,ChatListPage
FNDA:0,(anonymous_2)
FNDA:0,(anonymous_3)
FNDA:0,(anonymous_4)
FNDA:0,(anonymous_5)
FNDA:0,(anonymous_6)
FNDA:0,(anonymous_7)
FNDA:0,(anonymous_8)
FNDA:0,(anonymous_9)
FNDA:0,(anonymous_10)
FNDA:0,(anonymous_11)
FNDA:0,(anonymous_12)
FNDA:0,(anonymous_13)
FNDA:0,(anonymous_14)
FNDA:0,(anonymous_15)
FNDA:0,(anonymous_16)
FNDA:0,(anonymous_17)
FNDA:0,(anonymous_18)
FNDA:0,(anonymous_19)
FNDA:0,(anonymous_20)
DA:3,0
DA:4,0
DA:5,0
DA:6,0
DA:7,0
DA:8,0
DA:9,0
DA:10,0
DA:11,0
DA:21,0
DA:43,0
DA:44,0
DA:45,0
DA:46,0
DA:48,0
DA:49,0
DA:50,0
DA:51,0
DA:52,0
DA:54,0
DA:55,0
DA:56,0
DA:57,0
DA:60,0
DA:63,0
DA:64,0
DA:67,0
DA:68,0
DA:69,0
DA:71,0
DA:72,0
DA:73,0
DA:74,0
DA:77,0
DA:83,0
DA:87,0
DA:88,0
DA:91,0
DA:92,0
DA:93,0
DA:98,0
DA:100,0
DA:101,0
DA:103,0
DA:104,0
DA:106,0
DA:109,0
DA:112,0
DA:113,0
DA:116,0
DA:117,0
DA:120,0
DA:121,0
DA:122,0
DA:124,0
DA:125,0
DA:127,0
DA:132,0
DA:133,0
DA:134,0
DA:135,0
DA:137,0
DA:138,0
DA:139,0
DA:140,0
DA:142,0
DA:146,0
DA:183,0
DA:192,0
DA:199,0
DA:206,0
DA:238,0
DA:241,0
DA:313,0
DA:316,0
LF:75
LH:0
BRDA:55,0,0,0
BRDA:72,1,0,0
BRDA:91,2,0,0
BRDA:98,3,0,0
BRDA:98,3,1,0
BRDA:98,3,2,0
BRDA:121,4,0,0
BRDA:124,5,0,0
BRDA:127,6,0,0
BRDA:127,6,1,0
BRDA:137,7,0,0
BRDA:137,7,1,0
BRDA:139,8,0,0
BRDA:139,8,1,0
BRDA:146,9,0,0
BRDA:190,10,0,0
BRDA:190,10,1,0
BRDA:197,11,0,0
BRDA:197,11,1,0
BRDA:204,12,0,0
BRDA:204,12,1,0
BRDA:215,13,0,0
BRDA:219,14,0,0
BRDA:219,14,1,0
BRDA:222,15,0,0
BRDA:222,15,1,0
BRDA:227,16,0,0
BRDA:254,17,0,0
BRDA:254,17,1,0
BRDA:278,18,0,0
BRDA:306,19,0,0
BRF:31
BRH:0
end_of_record
TN:
SF:app/chat/[chatId]/page.tsx
FN:46,ChatPage
FN:67,(anonymous_2)
FN:76,(anonymous_3)
FN:80,(anonymous_4)
FN:108,(anonymous_5)
FN:112,(anonymous_6)
FN:127,(anonymous_7)
FN:134,(anonymous_8)
FN:165,(anonymous_9)
FN:196,(anonymous_10)
FN:230,(anonymous_11)
FN:248,(anonymous_12)
FN:304,(anonymous_13)
FN:392,(anonymous_14)
FN:402,(anonymous_15)
FN:409,(anonymous_16)
FN:419,(anonymous_17)
FN:429,(anonymous_18)
FNF:18
FNH:0
FNDA:0,ChatPage
FNDA:0,(anonymous_2)
FNDA:0,(anonymous_3)
FNDA:0,(anonymous_4)
FNDA:0,(anonymous_5)
FNDA:0,(anonymous_6)
FNDA:0,(anonymous_7)
FNDA:0,(anonymous_8)
FNDA:0,(anonymous_9)
FNDA:0,(anonymous_10)
FNDA:0,(anonymous_11)
FNDA:0,(anonymous_12)
FNDA:0,(anonymous_13)
FNDA:0,(anonymous_14)
FNDA:0,(anonymous_15)
FNDA:0,(anonymous_16)
FNDA:0,(anonymous_17)
FNDA:0,(anonymous_18)
DA:3,0
DA:4,0
DA:5,0
DA:6,0
DA:7,0
DA:8,0
DA:9,0
DA:10,0
DA:11,0
DA:12,0
DA:25,0
DA:46,0
DA:47,0
DA:48,0
DA:49,0
DA:50,0
DA:51,0
DA:53,0
DA:54,0
DA:55,0
DA:56,0
DA:57,0
DA:58,0
DA:60,0
DA:61,0
DA:62,0
DA:65,0
DA:67,0
DA:68,0
DA:69,0
DA:70,0
DA:73,0
DA:76,0
DA:77,0
DA:80,0
DA:81,0
DA:82,0
DA:85,0
DA:86,0
DA:87,0
DA:88,0
DA:92,0
DA:93,0
DA:94,0
DA:95,0
DA:98,0
DA:104,0
DA:108,0
DA:109,0
DA:112,0
DA:113,0
DA:115,0
DA:116,0
DA:117,0
DA:119,0
DA:127,0
DA:128,0
DA:129,0
DA:130,0
DA:134,0
DA:135,0
DA:136,0
DA:138,0
DA:139,0
DA:140,0
DA:141,0
DA:143,0
DA:148,0
DA:149,0
DA:150,0
DA:151,0
DA:157,0
DA:165,0
DA:166,0
DA:167,0
DA:169,0
DA:170,0
DA:171,0
DA:172,0
DA:174,0
DA:179,0
DA:180,0
DA:181,0
DA:182,0
DA:188,0
DA:196,0
DA:197,0
DA:198,0
DA:199,0
DA:201,0
DA:202,0
DA:207,0
DA:211,0
DA:222,0
DA:230,0
DA:248,0
DA:305,0
DA:307,0
DA:392,0
DA:402,0
DA:409,0
DA:419,0
LF:102
LH:0
BRDA:68,0,0,0
BRDA:86,1,0,0
BRDA:93,2,0,0
BRDA:113,3,0,0
BRDA:113,4,0,0
BRDA:113,4,1,0
BRDA:128,5,0,0
BRDA:128,6,0,0
BRDA:128,6,1,0
BRDA:136,7,0,0
BRDA:148,8,0,0
BRDA:167,9,0,0
BRDA:179,10,0,0
BRDA:201,11,0,0
BRDA:201,11,1,0
BRDA:211,12,0,0
BRDA:222,13,0,0
BRDA:266,14,0,0
BRDA:266,14,1,0
BRDA:268,15,0,0
BRDA:268,15,1,0
BRDA:293,16,0,0
BRDA:293,16,1,0
BRDA:310,17,0,0
BRDA:310,17,1,0
BRDA:312,18,0,0
BRDA:312,18,1,0
BRDA:313,19,0,0
BRDA:323,20,0,0
BRDA:323,20,1,0
BRDA:327,21,0,0
BRDA:331,22,0,0
BRDA:339,23,0,0
BRDA:347,24,0,0
BRDA:347,24,1,0
BRDA:350,25,0,0
BRDA:352,26,0,0
BRDA:352,26,1,0
BRDA:363,27,0,0
BRDA:397,28,0,0
BRDA:436,29,0,0
BRDA:436,29,1,0
BRDA:443,30,0,0
BRF:43
BRH:0
end_of_record
TN:
SF:app/contact/page.tsx
FN:5,ContactPage
FNF:1
FNH:0
FNDA:0,ContactPage
DA:1,0
DA:2,0
DA:3,0
DA:5,0
LF:4
LH:0
BRF:0
BRH:0
end_of_record
TN:
SF:app/dashboard/layout.tsx
FN:5,DashboardLayout
FNF:1
FNH:0
FNDA:0,DashboardLayout
DA:1,0
DA:2,0
DA:3,0
DA:5,0
DA:10,0
DA:12,0
DA:13,0
LF:7
LH:0
BRDA:12,0,0,0
BRF:1
BRH:0
end_of_record
TN:
SF:app/dashboard/page.tsx
FN:54,DashboardPage
FN:63,(anonymous_2)
FN:72,(anonymous_3)
FN:107,(anonymous_4)
FN:124,(anonymous_5)
FN:128,(anonymous_6)
FN:132,(anonymous_7)
FN:156,(anonymous_8)
FN:183,(anonymous_9)
FN:236,(anonymous_10)
FN:253,(anonymous_11)
FN:298,(anonymous_12)
FN:380,(anonymous_13)
FN:402,(anonymous_14)
FN:406,(anonymous_15)
FN:449,(anonymous_16)
FNF:16
FNH:0
FNDA:0,DashboardPage
FNDA:0,(anonymous_2)
FNDA:0,(anonymous_3)
FNDA:0,(anonymous_4)
FNDA:0,(anonymous_5)
FNDA:0,(anonymous_6)
FNDA:0,(anonymous_7)
FNDA:0,(anonymous_8)
FNDA:0,(anonymous_9)
FNDA:0,(anonymous_10)
FNDA:0,(anonymous_11)
FNDA:0,(anonymous_12)
FNDA:0,(anonymous_13)
FNDA:0,(anonymous_14)
FNDA:0,(anonymous_15)
FNDA:0,(anonymous_16)
DA:3,0
DA:4,0
DA:5,0
DA:6,0
DA:7,0
DA:8,0
DA:9,0
DA:10,0
DA:22,0
DA:54,0
DA:55,0
DA:56,0
DA:57,0
DA:58,0
DA:59,0
DA:60,0
DA:61,0
DA:63,0
DA:64,0
DA:65,0
DA:66,0
DA:69,0
DA:72,0
DA:73,0
DA:74,0
DA:77,0
DA:78,0
DA:79,0
DA:80,0
DA:84,0
DA:85,0
DA:86,0
DA:87,0
DA:91,0
DA:92,0
DA:93,0
DA:94,0
DA:97,0
DA:103,0
DA:107,0
DA:108,0
DA:109,0
DA:110,0
DA:111,0
DA:116,0
DA:124,0
DA:125,0
DA:128,0
DA:129,0
DA:132,0
DA:133,0
DA:136,0
DA:147,0
DA:156,0
DA:183,0
DA:237,0
DA:253,0
DA:298,0
DA:380,0
DA:403,0
DA:406,0
DA:450,0
LF:62
LH:0
BRDA:64,0,0,0
BRDA:78,1,0,0
BRDA:85,2,0,0
BRDA:92,3,0,0
BRDA:136,4,0,0
BRDA:147,5,0,0
BRDA:217,6,0,0
BRDA:226,7,0,0
BRDA:232,8,0,0
BRDA:241,9,0,0
BRDA:309,10,0,0
BRDA:391,11,0,0
BRF:12
BRH:0
end_of_record
TN:
SF:app/dashboard/billing/page.tsx
FN:31,BillingPage
FN:40,(anonymous_3)
FN:49,(anonymous_4)
FN:71,(anonymous_5)
FN:75,(anonymous_6)
FN:98,(anonymous_7)
FN:111,(anonymous_8)
FN:204,(anonymous_9)
FN:245,(anonymous_10)
FNF:9
FNH:0
FNDA:0,BillingPage
FNDA:0,(anonymous_3)
FNDA:0,(anonymous_4)
FNDA:0,(anonymous_5)
FNDA:0,(anonymous_6)
FNDA:0,(anonymous_7)
FNDA:0,(anonymous_8)
FNDA:0,(anonymous_9)
FNDA:0,(anonymous_10)
DA:3,0
DA:4,0
DA:5,0
DA:6,0
DA:7,0
DA:8,0
DA:9,0
DA:17,0
DA:18,0
DA:31,0
DA:32,0
DA:33,0
DA:34,0
DA:36,0
DA:37,0
DA:38,0
DA:40,0
DA:41,0
DA:42,0
DA:43,0
DA:46,0
DA:49,0
DA:50,0
DA:51,0
DA:54,0
DA:55,0
DA:56,0
DA:57,0
DA:58,0
DA:61,0
DA:67,0
DA:71,0
DA:72,0
DA:75,0
DA:76,0
DA:77,0
DA:78,0
DA:79,0
DA:80,0
DA:81,0
DA:82,0
DA:83,0
DA:84,0
DA:85,0
DA:86,0
DA:87,0
DA:90,0
DA:98,0
DA:99,0
DA:111,0
DA:112,0
DA:113,0
DA:122,0
DA:205,0
DA:245,0
LF:55
LH:0
BRDA:41,0,0,0
BRDA:55,1,0,0
BRDA:58,2,0,0
BRDA:58,2,1,0
BRDA:78,3,0,0
BRDA:122,4,0,0
BRDA:190,5,0,0
BRDA:241,6,0,0
BRDA:241,6,1,0
BRF:9
BRH:0
end_of_record
TN:
SF:app/dashboard/notifications/page.tsx
FN:38,NotificationsPage
FN:47,(anonymous_3)
FN:56,(anonymous_4)
FN:64,(anonymous_5)
FN:77,(anonymous_6)
FN:84,(anonymous_7)
FN:85,(anonymous_8)
FN:89,(anonymous_9)
FN:100,(anonymous_10)
FN:107,(anonymous_11)
FN:107,(anonymous_12)
FN:122,(anonymous_13)
FN:132,(anonymous_14)
FN:145,(anonymous_15)
FN:158,(anonymous_16)
FN:229,(anonymous_17)
FN:235,(anonymous_18)
FN:264,(anonymous_19)
FNF:18
FNH:0
FNDA:0,NotificationsPage
FNDA:0,(anonymous_3)
FNDA:0,(anonymous_4)
FNDA:0,(anonymous_5)
FNDA:0,(anonymous_6)
FNDA:0,(anonymous_7)
FNDA:0,(anonymous_8)
FNDA:0,(anonymous_9)
FNDA:0,(anonymous_10)
FNDA:0,(anonymous_11)
FNDA:0,(anonymous_12)
FNDA:0,(anonymous_13)
FNDA:0,(anonymous_14)
FNDA:0,(anonymous_15)
FNDA:0,(anonymous_16)
FNDA:0,(anonymous_17)
FNDA:0,(anonymous_18)
FNDA:0,(anonymous_19)
DA:3,0
DA:4,0
DA:5,0
DA:6,0
DA:7,0
DA:8,0
DA:9,0
DA:10,0
DA:20,0
DA:21,0
DA:38,0
DA:39,0
DA:40,0
DA:41,0
DA:43,0
DA:44,0
DA:45,0
DA:47,0
DA:48,0
DA:49,0
DA:50,0
DA:53,0
DA:56,0
DA:57,0
DA:58,0
DA:60,0
DA:61,0
DA:62,0
DA:63,0
DA:64,0
DA:67,0
DA:73,0
DA:77,0
DA:78,0
DA:79,0
DA:83,0
DA:84,0
DA:85,0
DA:86,0
DA:89,0
DA:92,0
DA:100,0
DA:101,0
DA:102,0
DA:106,0
DA:107,0
DA:108,0
DA:109,0
DA:114,0
DA:122,0
DA:123,0
DA:124,0
DA:127,0
DA:128,0
DA:132,0
DA:133,0
DA:145,0
DA:146,0
DA:158,0
DA:159,0
DA:160,0
DA:161,0
DA:163,0
DA:164,0
DA:165,0
DA:166,0
DA:167,0
DA:168,0
DA:170,0
DA:174,0
DA:230,0
DA:235,0
DA:265,0
DA:266,0
LF:74
LH:0
BRDA:48,0,0,0
BRDA:61,1,0,0
BRDA:83,2,0,0
BRDA:86,3,0,0
BRDA:86,3,1,0
BRDA:106,4,0,0
BRDA:123,5,0,0
BRDA:127,6,0,0
BRDA:163,7,0,0
BRDA:163,7,1,0
BRDA:165,8,0,0
BRDA:165,8,1,0
BRDA:167,9,0,0
BRDA:167,9,1,0
BRDA:174,10,0,0
BRDA:199,11,0,0
BRDA:216,12,0,0
BRDA:216,12,1,0
BRDA:233,13,0,0
BRDA:233,13,1,0
BRDA:250,14,0,0
BRDA:260,15,0,0
BRDA:279,16,0,0
BRF:23
BRH:0
end_of_record
TN:
SF:app/hooks/useChat.ts
FN:29,useChat
FN:38,(anonymous_2)
FN:44,(anonymous_3)
FN:49,(anonymous_4)
FN:56,(anonymous_5)
FN:61,(anonymous_6)
FN:66,(anonymous_7)
FN:76,(anonymous_8)
FN:85,(anonymous_9)
FN:90,(anonymous_10)
FN:96,(anonymous_11)
FN:103,(anonymous_12)
FN:134,(anonymous_13)
FN:146,(anonymous_14)
FN:160,(anonymous_15)
FN:173,(anonymous_16)
FN:179,(anonymous_17)
FN:184,(anonymous_18)
FN:192,(anonymous_19)
FN:198,(anonymous_20)
FNF:20
FNH:0
FNDA:0,useChat
FNDA:0,(anonymous_2)
FNDA:0,(anonymous_3)
FNDA:0,(anonymous_4)
FNDA:0,(anonymous_5)
FNDA:0,(anonymous_6)
FNDA:0,(anonymous_7)
FNDA:0,(anonymous_8)
FNDA:0,(anonymous_9)
FNDA:0,(anonymous_10)
FNDA:0,(anonymous_11)
FNDA:0,(anonymous_12)
FNDA:0,(anonymous_13)
FNDA:0,(anonymous_14)
FNDA:0,(anonymous_15)
FNDA:0,(anonymous_16)
FNDA:0,(anonymous_17)
FNDA:0,(anonymous_18)
FNDA:0,(anonymous_19)
FNDA:0,(anonymous_20)
DA:3,0
DA:4,0
DA:29,0
DA:30,0
DA:31,0
DA:32,0
DA:33,0
DA:34,0
DA:35,0
DA:36,0
DA:38,0
DA:39,0
DA:41,0
DA:42,0
DA:44,0
DA:45,0
DA:46,0
DA:49,0
DA:50,0
DA:51,0
DA:53,0
DA:55,0
DA:56,0
DA:57,0
DA:58,0
DA:61,0
DA:62,0
DA:63,0
DA:66,0
DA:67,0
DA:68,0
DA:69,0
DA:71,0
DA:72,0
DA:75,0
DA:76,0
DA:77,0
DA:78,0
DA:81,0
DA:85,0
DA:86,0
DA:87,0
DA:90,0
DA:91,0
DA:92,0
DA:96,0
DA:97,0
DA:98,0
DA:99,0
DA:103,0
DA:104,0
DA:106,0
DA:115,0
DA:121,0
DA:122,0
DA:130,0
DA:134,0
DA:135,0
DA:137,0
DA:143,0
DA:146,0
DA:147,0
DA:149,0
DA:150,0
DA:151,0
DA:152,0
DA:153,0
DA:156,0
DA:160,0
DA:161,0
DA:164,0
DA:173,0
DA:174,0
DA:175,0
DA:176,0
DA:179,0
DA:180,0
DA:184,0
DA:185,0
DA:186,0
DA:192,0
DA:193,0
DA:194,0
DA:195,0
DA:198,0
DA:199,0
DA:203,0
LF:87
LH:0
BRDA:29,0,0,0
BRDA:39,1,0,0
BRDA:39,2,0,0
BRDA:39,2,1,0
BRDA:53,3,0,0
BRDA:53,3,1,0
BRDA:53,3,2,0
BRDA:53,3,3,0
BRDA:97,4,0,0
BRDA:103,5,0,0
BRDA:104,6,0,0
BRDA:104,7,0,0
BRDA:104,7,1,0
BRDA:104,7,2,0
BRDA:135,8,0,0
BRDA:135,9,0,0
BRDA:135,9,1,0
BRDA:135,9,2,0
BRDA:147,10,0,0
BRDA:151,11,0,0
BRDA:153,12,0,0
BRDA:153,12,1,0
BRDA:161,13,0,0
BRDA:161,14,0,0
BRDA:161,14,1,0
BRDA:174,15,0,0
BRDA:175,16,0,0
BRDA:185,17,0,0
BRDA:193,18,0,0
BRF:29
BRH:0
end_of_record
TN:
SF:app/matching/page.tsx
FN:39,MatchingPage
FN:58,(anonymous_2)
FN:67,(anonymous_3)
FN:87,(anonymous_4)
FN:110,(anonymous_5)
FN:128,(anonymous_6)
FN:132,(anonymous_7)
FN:157,(anonymous_8)
FN:161,(anonymous_9)
FN:183,(anonymous_10)
FN:201,(anonymous_11)
FN:205,(anonymous_12)
FN:238,(anonymous_13)
FN:267,(anonymous_14)
FN:294,(anonymous_15)
FN:294,(anonymous_16)
FN:303,(anonymous_17)
FN:303,(anonymous_18)
FN:316,(anonymous_19)
FN:316,(anonymous_20)
FN:382,(anonymous_21)
FN:402,(anonymous_22)
FN:418,(anonymous_23)
FNF:23
FNH:0
FNDA:0,MatchingPage
FNDA:0,(anonymous_2)
FNDA:0,(anonymous_3)
FNDA:0,(anonymous_4)
FNDA:0,(anonymous_5)
FNDA:0,(anonymous_6)
FNDA:0,(anonymous_7)
FNDA:0,(anonymous_8)
FNDA:0,(anonymous_9)
FNDA:0,(anonymous_10)
FNDA:0,(anonymous_11)
FNDA:0,(anonymous_12)
FNDA:0,(anonymous_13)
FNDA:0,(anonymous_14)
FNDA:0,(anonymous_15)
FNDA:0,(anonymous_16)
FNDA:0,(anonymous_17)
FNDA:0,(anonymous_18)
FNDA:0,(anonymous_19)
FNDA:0,(anonymous_20)
FNDA:0,(anonymous_21)
FNDA:0,(anonymous_22)
FNDA:0,(anonymous_23)
DA:3,0
DA:4,0
DA:5,0
DA:6,0
DA:7,0
DA:8,0
DA:9,0
DA:10,0
DA:22,0
DA:39,0
DA:40,0
DA:41,0
DA:42,0
DA:44,0
DA:45,0
DA:46,0
DA:47,0
DA:48,0
DA:49,0
DA:56,0
DA:58,0
DA:59,0
DA:60,0
DA:61,0
DA:64,0
DA:67,0
DA:68,0
DA:69,0
DA:71,0
DA:72,0
DA:73,0
DA:74,0
DA:77,0
DA:83,0
DA:87,0
DA:88,0
DA:90,0
DA:91,0
DA:93,0
DA:94,0
DA:100,0
DA:101,0
DA:103,0
DA:104,0
DA:110,0
DA:111,0
DA:114,0
DA:121,0
DA:127,0
DA:128,0
DA:132,0
DA:133,0
DA:135,0
DA:136,0
DA:138,0
DA:139,0
DA:145,0
DA:150,0
DA:156,0
DA:157,0
DA:161,0
DA:162,0
DA:164,0
DA:165,0
DA:167,0
DA:168,0
DA:174,0
DA:175,0
DA:177,0
DA:178,0
DA:183,0
DA:184,0
DA:187,0
DA:194,0
DA:200,0
DA:201,0
DA:205,0
DA:206,0
DA:207,0
DA:210,0
DA:221,0
DA:238,0
DA:248,0
DA:267,0
DA:294,0
DA:303,0
DA:316,0
DA:383,0
DA:403,0
DA:419,0
LF:90
LH:0
BRDA:59,0,0,0
BRDA:72,1,0,0
BRDA:88,2,0,0
BRDA:88,3,0,0
BRDA:88,3,1,0
BRDA:100,4,0,0
BRDA:103,5,0,0
BRDA:103,5,1,0
BRDA:133,6,0,0
BRDA:133,7,0,0
BRDA:133,7,1,0
BRDA:162,8,0,0
BRDA:162,9,0,0
BRDA:162,9,1,0
BRDA:174,10,0,0
BRDA:177,11,0,0
BRDA:177,11,1,0
BRDA:210,12,0,0
BRDA:221,13,0,0
BRDA:221,14,0,0
BRDA:221,14,1,0
BRDA:282,15,0,0
BRDA:334,16,0,0
BRDA:387,17,0,0
BRDA:396,18,0,0
BRDA:412,19,0,0
BRF:26
BRH:0
end_of_record
TN:
SF:app/matching/history/page.tsx
FN:39,MatchingHistoryPage
FN:50,(anonymous_3)
FN:59,(anonymous_4)
FN:63,(anonymous_5)
FN:83,(anonymous_6)
FN:88,(anonymous_7)
FN:97,(anonymous_8)
FN:100,(anonymous_9)
FN:109,(anonymous_10)
FN:113,(anonymous_11)
FN:122,(anonymous_12)
FN:174,(anonymous_13)
FN:183,(anonymous_14)
FN:190,(anonymous_15)
FN:192,(anonymous_16)
FN:197,(anonymous_17)
FN:199,(anonymous_18)
FN:220,(anonymous_19)
FN:227,(anonymous_20)
FN:281,(anonymous_21)
FNF:20
FNH:0
FNDA:0,MatchingHistoryPage
FNDA:0,(anonymous_3)
FNDA:0,(anonymous_4)
FNDA:0,(anonymous_5)
FNDA:0,(anonymous_6)
FNDA:0,(anonymous_7)
FNDA:0,(anonymous_8)
FNDA:0,(anonymous_9)
FNDA:0,(anonymous_10)
FNDA:0,(anonymous_11)
FNDA:0,(anonymous_12)
FNDA:0,(anonymous_13)
FNDA:0,(anonymous_14)
FNDA:0,(anonymous_15)
FNDA:0,(anonymous_16)
FNDA:0,(anonymous_17)
FNDA:0,(anonymous_18)
FNDA:0,(anonymous_19)
FNDA:0,(anonymous_20)
FNDA:0,(anonymous_21)
DA:3,0
DA:4,0
DA:5,0
DA:6,0
DA:7,0
DA:8,0
DA:9,0
DA:10,0
DA:19,0
DA:20,0
DA:21,0
DA:39,0
DA:40,0
DA:41,0
DA:42,0
DA:44,0
DA:45,0
DA:46,0
DA:47,0
DA:48,0
DA:50,0
DA:51,0
DA:52,0
DA:53,0
DA:56,0
DA:59,0
DA:60,0
DA:63,0
DA:64,0
DA:65,0
DA:67,0
DA:68,0
DA:69,0
DA:70,0
DA:73,0
DA:79,0
DA:83,0
DA:84,0
DA:87,0
DA:88,0
DA:89,0
DA:95,0
DA:97,0
DA:98,0
DA:100,0
DA:101,0
DA:103,0
DA:106,0
DA:109,0
DA:110,0
DA:113,0
DA:114,0
DA:115,0
DA:122,0
DA:123,0
DA:135,0
DA:174,0
DA:183,0
DA:190,0
DA:192,0
DA:197,0
DA:199,0
DA:220,0
DA:228,0
DA:281,0
LF:65
LH:0
BRDA:51,0,0,0
BRDA:68,1,0,0
BRDA:87,2,0,0
BRDA:89,3,0,0
BRDA:89,3,1,0
BRDA:95,4,0,0
BRDA:95,4,1,0
BRDA:95,4,2,0
BRDA:135,5,0,0
BRDA:181,6,0,0
BRDA:181,6,1,0
BRDA:188,7,0,0
BRDA:188,7,1,0
BRDA:195,8,0,0
BRDA:195,8,1,0
BRDA:206,9,0,0
BRDA:206,9,1,0
BRDA:214,10,0,0
BRDA:214,10,1,0
BRDA:214,11,0,0
BRDA:214,11,1,0
BRDA:219,12,0,0
BRDA:219,12,1,0
BRDA:264,13,0,0
BRF:24
BRH:0
end_of_record
TN:
SF:app/payment/recharge/page.tsx
FN:8,PaymentRechargePage
FN:12,(anonymous_3)
FNF:2
FNH:0
FNDA:0,PaymentRechargePage
FNDA:0,(anonymous_3)
DA:3,0
DA:4,0
DA:5,0
DA:6,0
DA:8,0
DA:9,0
DA:10,0
DA:12,0
DA:13,0
DA:14,0
DA:18,0
DA:19,0
LF:12
LH:0
BRDA:13,0,0,0
BRDA:18,1,0,0
BRF:2
BRH:0
end_of_record
TN:
SF:app/privacy/page.tsx
FN:3,PrivacyPage
FNF:1
FNH:0
FNDA:0,PrivacyPage
DA:1,0
DA:3,0
LF:2
LH:0
BRF:0
BRH:0
end_of_record
TN:
SF:app/profile/edit/page.tsx
FN:26,ProfileEditPage
FN:37,(anonymous_3)
FN:46,(anonymous_4)
FN:68,(anonymous_5)
FNF:4
FNH:0
FNDA:0,ProfileEditPage
FNDA:0,(anonymous_3)
FNDA:0,(anonymous_4)
FNDA:0,(anonymous_5)
DA:3,0
DA:4,0
DA:5,0
DA:6,0
DA:7,0
DA:8,0
DA:9,0
DA:10,0
DA:11,0
DA:12,0
DA:13,0
DA:14,0
DA:15,0
DA:17,0
DA:26,0
DA:27,0
DA:28,0
DA:29,0
DA:30,0
DA:31,0
DA:33,0
DA:37,0
DA:38,0
DA:39,0
DA:40,0
DA:43,0
DA:46,0
DA:47,0
DA:48,0
DA:49,0
DA:50,0
DA:51,0
DA:52,0
DA:60,0
DA:68,0
DA:69,0
DA:70,0
DA:71,0
DA:77,0
DA:78,0
DA:82,0
DA:84,0
DA:87,0
DA:93,0
DA:97,0
LF:45
LH:0
BRDA:38,0,0,0
BRDA:49,1,0,0
BRDA:53,2,0,0
BRDA:53,2,1,0
BRDA:54,3,0,0
BRDA:54,3,1,0
BRDA:55,4,0,0
BRDA:55,4,1,0
BRDA:56,5,0,0
BRDA:56,5,1,0
BRDA:77,6,0,0
BRDA:77,6,1,0
BRDA:97,7,0,0
BRDA:97,8,0,0
BRDA:97,8,1,0
BRDA:145,9,0,0
BRDA:159,10,0,0
BRDA:175,11,0,0
BRDA:189,12,0,0
BRDA:205,13,0,0
BRDA:205,13,1,0
BRF:21
BRH:0
end_of_record
TN:
SF:app/profile/setup/page.tsx
FN:40,ProfileSetupPage
FN:55,(anonymous_2)
FN:62,(anonymous_3)
FN:91,(anonymous_4)
FN:92,(anonymous_5)
FN:95,(anonymous_6)
FN:96,(anonymous_7)
FN:119,(anonymous_8)
FN:201,(anonymous_9)
FN:240,(anonymous_10)
FN:246,(anonymous_11)
FN:249,(anonymous_12)
FN:267,(anonymous_13)
FN:272,(anonymous_14)
FN:292,(anonymous_15)
FNF:15
FNH:0
FNDA:0,ProfileSetupPage
FNDA:0,(anonymous_2)
FNDA:0,(anonymous_3)
FNDA:0,(anonymous_4)
FNDA:0,(anonymous_5)
FNDA:0,(anonymous_6)
FNDA:0,(anonymous_7)
FNDA:0,(anonymous_8)
FNDA:0,(anonymous_9)
FNDA:0,(anonymous_10)
FNDA:0,(anonymous_11)
FNDA:0,(anonymous_12)
FNDA:0,(anonymous_13)
FNDA:0,(anonymous_14)
FNDA:0,(anonymous_15)
DA:3,0
DA:4,0
DA:5,0
DA:6,0
DA:7,0
DA:8,0
DA:9,0
DA:10,0
DA:11,0
DA:12,0
DA:13,0
DA:14,0
DA:15,0
DA:17,0
DA:30,0
DA:35,0
DA:40,0
DA:41,0
DA:42,0
DA:43,0
DA:44,0
DA:45,0
DA:47,0
DA:55,0
DA:56,0
DA:57,0
DA:58,0
DA:62,0
DA:63,0
DA:64,0
DA:65,0
DA:71,0
DA:72,0
DA:76,0
DA:78,0
DA:81,0
DA:87,0
DA:91,0
DA:92,0
DA:95,0
DA:96,0
DA:99,0
DA:100,0
DA:120,0
DA:201,0
DA:241,0
DA:247,0
DA:248,0
DA:249,0
DA:251,0
DA:267,0
DA:273,0
DA:292,0
LF:53
LH:0
BRDA:56,0,0,0
BRDA:71,1,0,0
BRDA:71,1,1,0
BRDA:99,2,0,0
BRDA:122,3,0,0
BRDA:122,3,1,0
BRDA:128,4,0,0
BRDA:130,5,0,0
BRDA:130,5,1,0
BRDA:141,6,0,0
BRDA:141,6,1,0
BRDA:142,7,0,0
BRDA:142,7,1,0
BRDA:143,8,0,0
BRDA:143,8,1,0
BRDA:146,9,0,0
BRDA:146,9,1,0
BRDA:147,10,0,0
BRDA:147,10,1,0
BRDA:148,11,0,0
BRDA:148,11,1,0
BRDA:153,12,0,0
BRDA:162,13,0,0
BRDA:176,14,0,0
BRDA:192,15,0,0
BRDA:211,16,0,0
BRDA:226,17,0,0
BRDA:235,18,0,0
BRDA:244,19,0,0
BRDA:244,19,1,0
BRDA:248,20,0,0
BRDA:248,20,1,0
BRDA:258,21,0,0
BRDA:279,22,0,0
BRDA:288,23,0,0
BRDA:303,24,0,0
BRDA:324,25,0,0
BRDA:330,26,0,0
BRDA:330,26,1,0
BRF:39
BRH:0
end_of_record
TN:
SF:app/providers/AuthProvider.tsx
FN:53,AuthProvider
FN:60,(anonymous_4)
FN:91,(anonymous_5)
FN:96,(anonymous_6)
FN:97,(anonymous_7)
FN:98,(anonymous_8)
FN:99,(anonymous_9)
FN:100,(anonymous_10)
FN:101,(anonymous_11)
FN:102,(anonymous_12)
FN:103,(anonymous_13)
FN:104,(anonymous_14)
FN:105,(anonymous_15)
FN:105,(anonymous_16)
FN:107,(anonymous_17)
FN:110,(anonymous_18)
FN:111,(anonymous_19)
FN:111,(anonymous_20)
FN:111,(anonymous_21)
FN:112,(anonymous_22)
FN:124,(anonymous_23)
FN:171,(anonymous_24)
FN:177,(anonymous_25)
FN:216,(anonymous_26)
FN:233,(anonymous_27)
FN:240,(anonymous_28)
FN:248,(anonymous_29)
FN:280,(anonymous_30)
FN:307,(anonymous_31)
FN:321,(anonymous_32)
FN:332,(anonymous_33)
FN:345,(anonymous_34)
FN:358,(anonymous_35)
FN:369,(anonymous_36)
FN:380,(anonymous_37)
FN:395,(anonymous_38)
FN:410,(anonymous_39)
FN:449,useAuth
FNF:38
FNH:18
FNDA:18,AuthProvider
FNDA:17,(anonymous_4)
FNDA:17,(anonymous_5)
FNDA:0,(anonymous_6)
FNDA:0,(anonymous_7)
FNDA:0,(anonymous_8)
FNDA:0,(anonymous_9)
FNDA:0,(anonymous_10)
FNDA:0,(anonymous_11)
FNDA:0,(anonymous_12)
FNDA:0,(anonymous_13)
FNDA:0,(anonymous_14)
FNDA:0,(anonymous_15)
FNDA:0,(anonymous_16)
FNDA:0,(anonymous_17)
FNDA:0,(anonymous_18)
FNDA:0,(anonymous_19)
FNDA:0,(anonymous_20)
FNDA:0,(anonymous_21)
FNDA:0,(anonymous_22)
FNDA:0,(anonymous_23)
FNDA:17,(anonymous_24)
FNDA:17,(anonymous_25)
FNDA:0,(anonymous_26)
FNDA:0,(anonymous_27)
FNDA:17,(anonymous_28)
FNDA:2,(anonymous_29)
FNDA:2,(anonymous_30)
FNDA:1,(anonymous_31)
FNDA:1,(anonymous_32)
FNDA:1,(anonymous_33)
FNDA:1,(anonymous_34)
FNDA:1,(anonymous_35)
FNDA:1,(anonymous_36)
FNDA:1,(anonymous_37)
FNDA:1,(anonymous_38)
FNDA:18,(anonymous_39)
FNDA:18,useAuth
DA:3,1
DA:4,1
DA:5,1
DA:24,1
DA:27,1
DA:44,1
DA:53,17
DA:54,18
DA:55,18
DA:56,18
DA:57,18
DA:60,18
DA:62,17
DA:64,17
DA:65,17
DA:66,0
DA:67,0
DA:71,17
DA:72,17
DA:74,17
DA:81,17
DA:87,17
DA:91,18
DA:92,17
DA:94,0
DA:96,0
DA:97,0
DA:98,0
DA:99,0
DA:100,0
DA:101,0
DA:102,0
DA:103,0
DA:104,0
DA:105,0
DA:107,0
DA:110,0
DA:111,0
DA:112,0
DA:117,17
DA:124,18
DA:125,0
DA:126,0
DA:127,0
DA:130,0
DA:132,0
DA:138,0
DA:140,0
DA:144,0
DA:145,0
DA:147,0
DA:167,0
DA:171,18
DA:172,17
DA:173,17
DA:174,17
DA:177,17
DA:178,17
DA:179,17
DA:181,0
DA:182,0
DA:183,0
DA:184,0
DA:185,0
DA:186,0
DA:187,0
DA:188,0
DA:189,0
DA:191,0
DA:195,17
DA:196,17
DA:197,16
DA:198,16
DA:199,16
DA:200,16
DA:201,16
DA:204,1
DA:205,1
DA:206,1
DA:211,17
DA:214,17
DA:215,17
DA:217,0
DA:219,0
DA:220,0
DA:221,0
DA:223,0
DA:224,0
DA:225,0
DA:227,0
DA:230,0
DA:231,0
DA:233,0
DA:234,0
DA:240,17
DA:241,17
DA:242,17
DA:243,17
DA:248,18
DA:249,2
DA:250,2
DA:251,2
DA:253,2
DA:254,0
DA:256,0
DA:257,0
DA:258,0
DA:259,0
DA:260,0
DA:261,0
DA:262,0
DA:263,0
DA:264,0
DA:266,0
DA:267,0
DA:271,2
DA:272,2
DA:276,2
DA:277,2
DA:280,18
DA:281,2
DA:283,0
DA:289,0
DA:290,0
DA:291,0
DA:292,0
DA:295,2
DA:304,2
DA:307,18
DA:308,1
DA:309,0
DA:312,1
DA:318,1
DA:321,18
DA:322,1
DA:323,0
DA:326,1
DA:329,1
DA:332,18
DA:333,1
DA:334,0
DA:337,1
DA:342,1
DA:345,18
DA:346,1
DA:347,0
DA:348,0
DA:349,0
DA:350,0
DA:351,0
DA:354,1
DA:355,1
DA:358,18
DA:359,1
DA:360,0
DA:363,1
DA:366,1
DA:369,18
DA:370,1
DA:371,0
DA:374,1
DA:377,1
DA:380,18
DA:381,1
DA:382,0
DA:385,1
DA:386,1
DA:389,1
DA:391,0
DA:395,18
DA:396,1
DA:397,0
DA:400,1
DA:401,1
DA:404,1
DA:406,0
DA:410,18
DA:449,18
DA:450,18
DA:451,18
DA:452,0
DA:454,18
LF:182
LH:100
BRDA:62,0,0,17
BRDA:65,1,0,0
BRDA:74,2,0,17
BRDA:74,2,1,17
BRDA:74,2,2,17
BRDA:74,2,3,17
BRDA:74,2,4,17
BRDA:74,2,5,17
BRDA:92,3,0,0
BRDA:125,4,0,0
BRDA:138,5,0,0
BRDA:150,6,0,0
BRDA:150,6,1,0
BRDA:179,7,0,0
BRDA:183,8,0,0
BRDA:183,8,1,0
BRDA:183,9,0,0
BRDA:183,9,1,0
BRDA:197,10,0,16
BRDA:199,11,0,16
BRDA:199,11,1,15
BRDA:205,12,0,1
BRDA:217,13,0,0
BRDA:224,14,0,0
BRDA:224,14,1,0
BRDA:230,15,0,0
BRDA:230,16,0,0
BRDA:230,16,1,0
BRDA:253,17,0,0
BRDA:256,18,0,0
BRDA:256,18,1,0
BRDA:256,19,0,0
BRDA:256,19,1,0
BRDA:281,20,0,0
BRDA:308,21,0,0
BRDA:322,22,0,0
BRDA:333,23,0,0
BRDA:346,24,0,0
BRDA:359,25,0,0
BRDA:370,26,0,0
BRDA:381,27,0,0
BRDA:396,28,0,0
BRDA:451,29,0,0
BRF:43
BRH:11
end_of_record
TN:
SF:app/settings/page.tsx
FN:21,SettingsPage
FN:34,(anonymous_2)
FN:41,(anonymous_3)
FN:42,(anonymous_4)
FN:45,(anonymous_5)
FN:72,(anonymous_6)
FN:121,(anonymous_7)
FN:143,(anonymous_8)
FN:153,(anonymous_9)
FN:194,(anonymous_10)
FN:211,(anonymous_11)
FN:225,(anonymous_12)
FNF:12
FNH:0
FNDA:0,SettingsPage
FNDA:0,(anonymous_2)
FNDA:0,(anonymous_3)
FNDA:0,(anonymous_4)
FNDA:0,(anonymous_5)
FNDA:0,(anonymous_6)
FNDA:0,(anonymous_7)
FNDA:0,(anonymous_8)
FNDA:0,(anonymous_9)
FNDA:0,(anonymous_10)
FNDA:0,(anonymous_11)
FNDA:0,(anonymous_12)
DA:3,0
DA:4,0
DA:5,0
DA:6,0
DA:7,0
DA:8,0
DA:9,0
DA:10,0
DA:19,0
DA:21,0
DA:22,0
DA:23,0
DA:24,0
DA:26,0
DA:32,0
DA:34,0
DA:35,0
DA:36,0
DA:37,0
DA:41,0
DA:42,0
DA:45,0
DA:46,0
DA:47,0
DA:49,0
DA:55,0
DA:56,0
DA:62,0
DA:68,0
DA:72,0
DA:73,0
DA:74,0
DA:77,0
DA:78,0
DA:121,0
DA:143,0
DA:153,0
DA:194,0
DA:211,0
DA:225,0
LF:40
LH:0
BRDA:35,0,0,0
BRDA:55,1,0,0
BRDA:77,2,0,0
BRDA:108,3,0,0
BRDA:108,3,1,0
BRDA:115,4,0,0
BRDA:115,4,1,0
BRDA:235,5,0,0
BRDA:235,5,1,0
BRF:9
BRH:0
end_of_record
TN:
SF:app/support/page.tsx
FN:18,SupportPage
FNF:1
FNH:0
FNDA:0,SupportPage
DA:1,0
DA:2,0
DA:3,0
DA:4,0
DA:16,0
DA:18,0
LF:6
LH:0
BRF:0
BRH:0
end_of_record
TN:
SF:app/terms/page.tsx
FN:3,TermsPage
FNF:1
FNH:0
FNDA:0,TermsPage
DA:1,0
DA:3,0
LF:2
LH:0
BRF:0
BRH:0
end_of_record
TN:
SF:components/contact-card.tsx
FN:3,ContactCard
FNF:1
FNH:0
FNDA:0,ContactCard
DA:1,0
DA:3,0
LF:2
LH:0
BRDA:23,0,0,0
BRF:1
BRH:0
end_of_record
TN:
SF:components/contact-form.tsx
FN:8,ContactForm
FN:19,(anonymous_2)
FN:25,(anonymous_3)
FN:61,(anonymous_4)
FN:74,(anonymous_5)
FN:88,(anonymous_6)
FN:103,(anonymous_7)
FNF:7
FNH:0
FNDA:0,ContactForm
FNDA:0,(anonymous_2)
FNDA:0,(anonymous_3)
FNDA:0,(anonymous_4)
FNDA:0,(anonymous_5)
FNDA:0,(anonymous_6)
FNDA:0,(anonymous_7)
DA:2,0
DA:3,0
DA:4,0
DA:5,0
DA:6,0
DA:8,0
DA:9,0
DA:16,0
DA:17,0
DA:19,0
DA:20,0
DA:21,0
DA:23,0
DA:25,0
DA:27,0
DA:33,0
DA:40,0
DA:46,0
DA:61,0
DA:74,0
DA:88,0
DA:103,0
LF:22
LH:0
BRDA:114,0,0,0
BRF:1
BRH:0
end_of_record
TN:
SF:components/legal-layout.tsx
FN:3,LegalLayout
FNF:1
FNH:0
FNDA:0,LegalLayout
DA:1,0
DA:3,0
LF:2
LH:0
BRF:0
BRH:0
end_of_record
TN:
SF:components/providers.tsx
FN:8,Providers
FN:9,(anonymous_2)
FNF:2
FNH:0
FNDA:0,Providers
FNDA:0,(anonymous_2)
DA:3,0
DA:4,0
DA:5,0
DA:6,0
DA:8,0
DA:9,0
LF:6
LH:0
BRF:0
BRH:0
end_of_record
TN:
SF:components/auth/TwoFactorSetup.tsx
FN:11,TwoFactorSetup
FN:21,(anonymous_2)
FN:29,(anonymous_3)
FN:60,(anonymous_4)
FN:117,(anonymous_5)
FN:159,(anonymous_6)
FN:168,(anonymous_7)
FNF:7
FNH:0
FNDA:0,TwoFactorSetup
FNDA:0,(anonymous_2)
FNDA:0,(anonymous_3)
FNDA:0,(anonymous_4)
FNDA:0,(anonymous_5)
FNDA:0,(anonymous_6)
FNDA:0,(anonymous_7)
DA:3,0
DA:4,0
DA:5,0
DA:6,0
DA:7,0
DA:8,0
DA:9,0
DA:11,0
DA:12,0
DA:13,0
DA:14,0
DA:15,0
DA:16,0
DA:17,0
DA:18,0
DA:19,0
DA:21,0
DA:23,0
DA:25,0
DA:29,0
DA:30,0
DA:31,0
DA:32,0
DA:34,0
DA:35,0
DA:40,0
DA:41,0
DA:42,0
DA:43,0
DA:44,0
DA:50,0
DA:56,0
DA:60,0
DA:61,0
DA:62,0
DA:67,0
DA:70,0
DA:71,0
DA:72,0
DA:74,0
DA:75,0
DA:81,0
DA:82,0
DA:83,0
DA:89,0
DA:95,0
DA:99,0
DA:118,0
DA:119,0
DA:120,0
DA:130,0
DA:159,0
DA:168,0
LF:53
LH:0
BRDA:23,0,0,0
BRDA:34,1,0,0
BRDA:34,1,1,0
BRDA:37,2,0,0
BRDA:37,2,1,0
BRDA:40,3,0,0
BRDA:61,4,0,0
BRDA:61,5,0,0
BRDA:61,5,1,0
BRDA:74,6,0,0
BRDA:74,6,1,0
BRDA:77,7,0,0
BRDA:77,7,1,0
BRDA:99,8,0,0
BRDA:99,9,0,0
BRDA:99,9,1,0
BRDA:130,10,0,0
BRDA:140,11,0,0
BRDA:175,12,0,0
BRDA:175,12,1,0
BRDA:178,13,0,0
BRDA:178,13,1,0
BRDA:223,14,0,0
BRDA:223,14,1,0
BRF:24
BRH:0
end_of_record
TN:
SF:components/auth/auth-provider.tsx
FN:20,AuthProvider
FN:25,(anonymous_4)
FN:27,(anonymous_5)
FN:36,(anonymous_6)
FN:42,(anonymous_7)
FN:45,(anonymous_8)
FN:53,(anonymous_9)
FN:61,(anonymous_10)
FN:66,(anonymous_11)
FN:76,(anonymous_12)
FN:97,useAuth
FNF:11
FNH:0
FNDA:0,AuthProvider
FNDA:0,(anonymous_4)
FNDA:0,(anonymous_5)
FNDA:0,(anonymous_6)
FNDA:0,(anonymous_7)
FNDA:0,(anonymous_8)
FNDA:0,(anonymous_9)
FNDA:0,(anonymous_10)
FNDA:0,(anonymous_11)
FNDA:0,(anonymous_12)
FNDA:0,useAuth
DA:3,0
DA:5,0
DA:18,0
DA:20,0
DA:21,0
DA:22,0
DA:23,0
DA:25,0
DA:27,0
DA:28,0
DA:29,0
DA:30,0
DA:36,0
DA:37,0
DA:38,0
DA:39,0
DA:42,0
DA:45,0
DA:46,0
DA:50,0
DA:53,0
DA:54,0
DA:58,0
DA:61,0
DA:62,0
DA:63,0
DA:66,0
DA:67,0
DA:73,0
DA:76,0
DA:77,0
DA:80,0
DA:83,0
DA:97,0
DA:98,0
DA:99,0
DA:100,0
DA:102,0
LF:38
LH:0
BRDA:29,0,0,0
BRDA:29,0,1,0
BRDA:38,1,0,0
BRDA:38,1,1,0
BRDA:50,2,0,0
BRDA:58,3,0,0
BRDA:63,4,0,0
BRDA:73,5,0,0
BRDA:80,6,0,0
BRDA:99,7,0,0
BRF:10
BRH:0
end_of_record
TN:
SF:components/chat/ChatHeader.tsx
FN:32,ChatHeader
FN:35,(anonymous_2)
FN:40,(anonymous_3)
FN:45,(anonymous_4)
FN:50,(anonymous_5)
FN:55,(anonymous_6)
FNF:6
FNH:0
FNDA:0,ChatHeader
FNDA:0,(anonymous_2)
FNDA:0,(anonymous_3)
FNDA:0,(anonymous_4)
FNDA:0,(anonymous_5)
FNDA:0,(anonymous_6)
DA:1,0
DA:2,0
DA:3,0
DA:4,0
DA:12,0
DA:19,0
DA:32,0
DA:33,0
DA:35,0
DA:37,0
DA:40,0
DA:42,0
DA:45,0
DA:47,0
DA:50,0
DA:52,0
DA:55,0
DA:57,0
LF:18
LH:0
BRDA:33,0,0,0
BRDA:33,0,1,0
BRDA:70,1,0,0
BRDA:81,2,0,0
BRDA:81,2,1,0
BRDA:84,3,0,0
BRDA:84,3,1,0
BRDA:86,4,0,0
BRDA:86,4,1,0
BRF:9
BRH:0
end_of_record
TN:
SF:components/chat/MessageList.tsx
FN:36,MessageList
FN:47,(anonymous_2)
FN:50,(anonymous_3)
FN:64,(anonymous_4)
FN:68,(anonymous_5)
FN:72,(anonymous_6)
FN:89,(anonymous_7)
FN:97,(anonymous_8)
FN:106,(anonymous_9)
FN:130,(anonymous_10)
FN:149,(anonymous_11)
FN:164,(anonymous_12)
FNF:12
FNH:0
FNDA:0,MessageList
FNDA:0,(anonymous_2)
FNDA:0,(anonymous_3)
FNDA:0,(anonymous_4)
FNDA:0,(anonymous_5)
FNDA:0,(anonymous_6)
FNDA:0,(anonymous_7)
FNDA:0,(anonymous_8)
FNDA:0,(anonymous_9)
FNDA:0,(anonymous_10)
FNDA:0,(anonymous_11)
FNDA:0,(anonymous_12)
DA:1,0
DA:2,0
DA:3,0
DA:5,0
DA:6,0
DA:14,0
DA:15,0
DA:36,0
DA:41,0
DA:42,0
DA:43,0
DA:45,0
DA:47,0
DA:48,0
DA:50,0
DA:60,0
DA:64,0
DA:65,0
DA:68,0
DA:69,0
DA:72,0
DA:73,0
DA:85,0
DA:89,0
DA:90,0
DA:91,0
DA:92,0
DA:93,0
DA:94,0
DA:97,0
DA:98,0
DA:106,0
DA:130,0
DA:146,0
DA:150,0
DA:165,0
DA:167,0
LF:37
LH:0
BRDA:48,0,0,0
BRDA:58,1,0,0
BRDA:58,1,1,0
BRDA:73,2,0,0
BRDA:90,3,0,0
BRDA:108,4,0,0
BRDA:124,5,0,0
BRDA:124,5,1,0
BRDA:135,6,0,0
BRDA:146,7,0,0
BRDA:172,8,0,0
BRDA:172,8,1,0
BRDA:176,9,0,0
BRDA:176,9,1,0
BRDA:178,10,0,0
BRDA:178,10,1,0
BRDA:184,11,0,0
BRDA:184,11,1,0
BRDA:188,12,0,0
BRDA:188,12,1,0
BRDA:197,13,0,0
BRDA:197,13,1,0
BRDA:205,14,0,0
BRDA:205,14,1,0
BRF:24
BRH:0
end_of_record
TN:
SF:components/dashboard/ActivityTimeline.tsx
FN:29,ActivityTimeline
FN:33,(anonymous_2)
FN:37,(anonymous_3)
FN:51,(anonymous_4)
FN:68,(anonymous_5)
FN:85,(anonymous_6)
FN:104,(anonymous_7)
FN:135,(anonymous_8)
FN:171,(anonymous_9)
FNF:9
FNH:0
FNDA:0,ActivityTimeline
FNDA:0,(anonymous_2)
FNDA:0,(anonymous_3)
FNDA:0,(anonymous_4)
FNDA:0,(anonymous_5)
FNDA:0,(anonymous_6)
FNDA:0,(anonymous_7)
FNDA:0,(anonymous_8)
FNDA:0,(anonymous_9)
DA:1,0
DA:2,0
DA:3,0
DA:4,0
DA:5,0
DA:14,0
DA:29,0
DA:30,0
DA:31,0
DA:33,0
DA:34,0
DA:37,0
DA:38,0
DA:39,0
DA:40,0
DA:41,0
DA:42,0
DA:45,0
DA:47,0
DA:51,0
DA:52,0
DA:68,0
DA:69,0
DA:71,0
DA:73,0
DA:75,0
DA:77,0
DA:79,0
DA:81,0
DA:85,0
DA:86,0
DA:87,0
DA:88,0
DA:90,0
DA:91,0
DA:92,0
DA:93,0
DA:94,0
DA:95,0
DA:97,0
DA:101,0
DA:105,0
DA:117,0
DA:136,0
DA:172,0
LF:45
LH:0
BRDA:40,0,0,0
BRDA:42,1,0,0
BRDA:42,1,1,0
BRDA:69,2,0,0
BRDA:69,2,1,0
BRDA:69,2,2,0
BRDA:69,2,3,0
BRDA:69,2,4,0
BRDA:69,2,5,0
BRDA:90,3,0,0
BRDA:90,3,1,0
BRDA:92,4,0,0
BRDA:92,4,1,0
BRDA:94,5,0,0
BRDA:94,5,1,0
BRDA:101,6,0,0
BRDA:117,7,0,0
BRDA:138,8,0,0
BRDA:169,9,0,0
BRDA:169,9,1,0
BRDA:182,10,0,0
BRF:21
BRH:0
end_of_record
TN:
SF:components/dashboard/CreditBalanceCard.tsx
FN:29,CreditBalanceCard
FN:33,(anonymous_2)
FN:37,(anonymous_3)
FN:51,(anonymous_4)
FN:65,(anonymous_5)
FN:76,(anonymous_6)
FN:170,(anonymous_7)
FNF:7
FNH:0
FNDA:0,CreditBalanceCard
FNDA:0,(anonymous_2)
FNDA:0,(anonymous_3)
FNDA:0,(anonymous_4)
FNDA:0,(anonymous_5)
FNDA:0,(anonymous_6)
FNDA:0,(anonymous_7)
DA:1,0
DA:2,0
DA:3,0
DA:4,0
DA:5,0
DA:13,0
DA:29,0
DA:30,0
DA:31,0
DA:33,0
DA:34,0
DA:37,0
DA:38,0
DA:39,0
DA:40,0
DA:41,0
DA:42,0
DA:45,0
DA:47,0
DA:51,0
DA:52,0
DA:53,0
DA:56,0
DA:58,0
DA:61,0
DA:65,0
DA:66,0
DA:68,0
DA:70,0
DA:72,0
DA:76,0
DA:77,0
DA:79,0
DA:81,0
DA:83,0
DA:87,0
DA:102,0
DA:112,0
DA:171,0
LF:39
LH:0
BRDA:40,0,0,0
BRDA:56,1,0,0
BRDA:66,2,0,0
BRDA:66,2,1,0
BRDA:66,2,2,0
BRDA:77,3,0,0
BRDA:77,3,1,0
BRDA:77,3,2,0
BRDA:87,4,0,0
BRDA:102,5,0,0
BRDA:112,6,0,0
BRDA:112,6,1,0
BRDA:165,7,0,0
BRDA:165,7,1,0
BRDA:166,8,0,0
BRDA:166,8,1,0
BRDA:180,9,0,0
BRDA:219,10,0,0
BRDA:219,10,1,0
BRF:19
BRH:0
end_of_record
TN:
SF:components/dashboard/DashboardSidebar.tsx
FN:30,(anonymous_2)
FN:33,(anonymous_3)
FN:46,(anonymous_4)
FNF:3
FNH:0
FNDA:0,(anonymous_2)
FNDA:0,(anonymous_3)
FNDA:0,(anonymous_4)
DA:1,0
DA:2,0
DA:3,0
DA:4,0
DA:5,0
DA:15,0
DA:18,0
DA:30,0
DA:31,0
DA:33,0
DA:35,0
DA:47,0
DA:48,0
LF:13
LH:0
BRDA:54,0,0,0
BRDA:54,0,1,0
BRDA:71,1,0,0
BRDA:71,1,1,0
BRDA:76,2,0,0
BRDA:76,2,1,0
BRDA:79,3,0,0
BRDA:79,3,1,0
BRF:8
BRH:0
end_of_record
TN:
SF:components/dashboard/DashboardStats.tsx
FN:33,DashboardStats
FN:34,(anonymous_2)
FN:40,(anonymous_3)
FN:157,(anonymous_4)
FN:184,(anonymous_5)
FNF:5
FNH:0
FNDA:0,DashboardStats
FNDA:0,(anonymous_2)
FNDA:0,(anonymous_3)
FNDA:0,(anonymous_4)
FNDA:0,(anonymous_5)
DA:3,0
DA:4,0
DA:14,0
DA:33,0
DA:34,0
DA:35,0
DA:36,0
DA:37,0
DA:40,0
DA:41,0
DA:42,0
DA:43,0
DA:158,0
DA:185,0
LF:14
LH:0
BRDA:35,0,0,0
BRDA:36,1,0,0
BRDA:41,2,0,0
BRDA:42,3,0,0
BRF:4
BRH:0
end_of_record
TN:
SF:components/dashboard/RecentMatches.tsx
FN:25,RecentMatches
FN:29,(anonymous_2)
FN:33,(anonymous_3)
FN:47,(anonymous_4)
FN:54,(anonymous_5)
FN:61,(anonymous_6)
FN:66,(anonymous_7)
FN:74,(anonymous_8)
FN:113,(anonymous_9)
FN:167,(anonymous_10)
FN:176,(anonymous_11)
FNF:11
FNH:0
FNDA:0,RecentMatches
FNDA:0,(anonymous_2)
FNDA:0,(anonymous_3)
FNDA:0,(anonymous_4)
FNDA:0,(anonymous_5)
FNDA:0,(anonymous_6)
FNDA:0,(anonymous_7)
FNDA:0,(anonymous_8)
FNDA:0,(anonymous_9)
FNDA:0,(anonymous_10)
FNDA:0,(anonymous_11)
DA:1,0
DA:2,0
DA:3,0
DA:4,0
DA:5,0
DA:6,0
DA:7,0
DA:8,0
DA:25,0
DA:26,0
DA:27,0
DA:29,0
DA:30,0
DA:33,0
DA:34,0
DA:35,0
DA:36,0
DA:37,0
DA:38,0
DA:41,0
DA:43,0
DA:47,0
DA:48,0
DA:49,0
DA:50,0
DA:51,0
DA:54,0
DA:55,0
DA:56,0
DA:57,0
DA:58,0
DA:61,0
DA:63,0
DA:66,0
DA:68,0
DA:71,0
DA:75,0
DA:92,0
DA:114,0
DA:167,0
DA:176,0
LF:41
LH:0
BRDA:36,0,0,0
BRDA:38,1,0,0
BRDA:38,1,1,0
BRDA:48,2,0,0
BRDA:49,3,0,0
BRDA:50,4,0,0
BRDA:55,5,0,0
BRDA:56,6,0,0
BRDA:57,7,0,0
BRDA:71,8,0,0
BRDA:92,9,0,0
BRDA:124,10,0,0
BRDA:133,11,0,0
BRDA:147,12,0,0
BRDA:186,13,0,0
BRF:15
BRH:0
end_of_record
TN:
SF:components/matching/MatchCard.tsx
FN:45,MatchCard
FN:55,(anonymous_2)
FN:58,(anonymous_3)
FN:74,(anonymous_4)
FN:81,(anonymous_5)
FN:95,(anonymous_6)
FN:184,(anonymous_7)
FN:237,(anonymous_8)
FN:246,(anonymous_9)
FN:255,(anonymous_10)
FNF:10
FNH:0
FNDA:0,MatchCard
FNDA:0,(anonymous_2)
FNDA:0,(anonymous_3)
FNDA:0,(anonymous_4)
FNDA:0,(anonymous_5)
FNDA:0,(anonymous_6)
FNDA:0,(anonymous_7)
FNDA:0,(anonymous_8)
FNDA:0,(anonymous_9)
FNDA:0,(anonymous_10)
DA:1,0
DA:2,0
DA:3,0
DA:4,0
DA:5,0
DA:15,0
DA:16,0
DA:45,0
DA:52,0
DA:53,0
DA:55,0
DA:56,0
DA:58,0
DA:59,0
DA:61,0
DA:62,0
DA:64,0
DA:65,0
DA:67,0
DA:68,0
DA:70,0
DA:74,0
DA:75,0
DA:76,0
DA:77,0
DA:78,0
DA:81,0
DA:82,0
DA:83,0
DA:84,0
DA:85,0
DA:95,0
DA:185,0
DA:237,0
DA:246,0
DA:255,0
LF:36
LH:0
BRDA:59,0,0,0
BRDA:59,0,1,0
BRDA:59,0,2,0
BRDA:75,1,0,0
BRDA:76,2,0,0
BRDA:77,3,0,0
BRDA:82,4,0,0
BRDA:83,5,0,0
BRDA:84,6,0,0
BRDA:93,7,0,0
BRDA:93,7,1,0
BRDA:101,8,0,0
BRDA:101,8,1,0
BRDA:105,9,0,0
BRDA:105,9,1,0
BRDA:127,10,0,0
BRDA:131,11,0,0
BRDA:137,12,0,0
BRDA:145,13,0,0
BRDA:157,14,0,0
BRDA:157,14,1,0
BRDA:180,15,0,0
BRDA:180,15,1,0
BRDA:194,16,0,0
BRF:24
BRH:0
end_of_record
TN:
SF:components/payment/CreditRecharge.tsx
FN:98,CreditRecharge
FN:104,(anonymous_2)
FN:108,(anonymous_3)
FN:112,(anonymous_4)
FN:169,(anonymous_5)
FN:195,(anonymous_6)
FN:207,(anonymous_7)
FN:259,(anonymous_8)
FN:280,(anonymous_9)
FN:292,(anonymous_10)
FNF:10
FNH:0
FNDA:0,CreditRecharge
FNDA:0,(anonymous_2)
FNDA:0,(anonymous_3)
FNDA:0,(anonymous_4)
FNDA:0,(anonymous_5)
FNDA:0,(anonymous_6)
FNDA:0,(anonymous_7)
FNDA:0,(anonymous_8)
FNDA:0,(anonymous_9)
FNDA:0,(anonymous_10)
DA:3,0
DA:4,0
DA:5,0
DA:6,0
DA:7,0
DA:17,0
DA:38,0
DA:74,0
DA:98,0
DA:99,0
DA:100,0
DA:101,0
DA:102,0
DA:104,0
DA:105,0
DA:108,0
DA:109,0
DA:112,0
DA:113,0
DA:114,0
DA:119,0
DA:122,0
DA:124,0
DA:125,0
DA:136,0
DA:137,0
DA:139,0
DA:141,0
DA:142,0
DA:144,0
DA:148,0
DA:150,0
DA:156,0
DA:159,0
DA:165,0
DA:169,0
DA:170,0
DA:171,0
DA:172,0
DA:196,0
DA:197,0
DA:199,0
DA:207,0
DA:260,0
DA:281,0
DA:282,0
DA:284,0
DA:292,0
LF:48
LH:0
BRDA:113,0,0,0
BRDA:113,1,0,0
BRDA:113,1,1,0
BRDA:136,2,0,0
BRDA:136,2,1,0
BRDA:139,3,0,0
BRDA:139,3,1,0
BRDA:142,4,0,0
BRDA:142,4,1,0
BRDA:148,5,0,0
BRDA:170,6,0,0
BRDA:171,7,0,0
BRDA:203,8,0,0
BRDA:203,8,1,0
BRDA:215,9,0,0
BRDA:220,10,0,0
BRDA:225,11,0,0
BRDA:247,12,0,0
BRDA:288,13,0,0
BRDA:288,13,1,0
BRDA:319,14,0,0
BRDA:331,15,0,0
BRDA:348,16,0,0
BRDA:348,16,1,0
BRDA:362,17,0,0
BRDA:362,17,1,0
BRDA:367,18,0,0
BRF:27
BRH:0
end_of_record
TN:
SF:components/ui/avatar.tsx
FNF:0
FNH:0
DA:3,0
DA:4,0
DA:6,0
DA:21,0
DA:33,0
DA:48,0
DA:50,0
LF:7
LH:0
BRF:0
BRH:0
end_of_record
TN:
SF:components/ui/badge.tsx
FN:30,Badge
FNF:1
FNH:0
FNDA:0,Badge
DA:1,0
DA:2,0
DA:4,0
DA:6,0
DA:36,0
LF:5
LH:0
BRF:0
BRH:0
end_of_record
TN:
SF:components/ui/button.tsx
FN:43,(anonymous_6)
FNF:1
FNH:1
FNDA:18,(anonymous_6)
DA:1,1
DA:2,1
DA:3,1
DA:5,1
DA:7,1
DA:42,1
DA:44,18
DA:54,1
DA:56,18
LF:9
LH:9
BRDA:43,0,0,16
BRDA:44,1,0,2
BRDA:44,1,1,16
BRF:3
BRH:3
end_of_record
TN:
SF:components/ui/cache-manager.tsx
FN:21,CacheManager
FN:29,(anonymous_4)
FN:40,(anonymous_5)
FN:117,(anonymous_6)
FN:130,(anonymous_7)
FN:144,(anonymous_8)
FN:160,(anonymous_9)
FN:171,(anonymous_10)
FN:183,(anonymous_11)
FN:191,(anonymous_12)
FN:199,(anonymous_13)
FN:209,(anonymous_14)
FN:222,(anonymous_15)
FN:235,(anonymous_16)
FN:249,(anonymous_17)
FN:291,useCacheManager
FN:295,(anonymous_19)
FN:299,(anonymous_20)
FNF:18
FNH:0
FNDA:0,CacheManager
FNDA:0,(anonymous_4)
FNDA:0,(anonymous_5)
FNDA:0,(anonymous_6)
FNDA:0,(anonymous_7)
FNDA:0,(anonymous_8)
FNDA:0,(anonymous_9)
FNDA:0,(anonymous_10)
FNDA:0,(anonymous_11)
FNDA:0,(anonymous_12)
FNDA:0,(anonymous_13)
FNDA:0,(anonymous_14)
FNDA:0,(anonymous_15)
FNDA:0,(anonymous_16)
FNDA:0,(anonymous_17)
FNDA:0,useCacheManager
FNDA:0,(anonymous_19)
FNDA:0,(anonymous_20)
DA:3,0
DA:4,0
DA:5,0
DA:6,0
DA:7,0
DA:21,0
DA:25,0
DA:26,0
DA:27,0
DA:29,0
DA:30,0
DA:31,0
DA:32,0
DA:33,0
DA:34,0
DA:37,0
DA:40,0
DA:41,0
DA:44,0
DA:45,0
DA:46,0
DA:53,0
DA:57,0
DA:58,0
DA:59,0
DA:66,0
DA:70,0
DA:71,0
DA:72,0
DA:73,0
DA:74,0
DA:75,0
DA:76,0
DA:77,0
DA:78,0
DA:80,0
DA:81,0
DA:82,0
DA:83,0
DA:84,0
DA:88,0
DA:96,0
DA:101,0
DA:102,0
DA:103,0
DA:110,0
DA:114,0
DA:117,0
DA:118,0
DA:119,0
DA:120,0
DA:121,0
DA:122,0
DA:124,0
DA:126,0
DA:130,0
DA:131,0
DA:132,0
DA:133,0
DA:135,0
DA:136,0
DA:138,0
DA:139,0
DA:141,0
DA:142,0
DA:143,0
DA:144,0
DA:146,0
DA:149,0
DA:150,0
DA:152,0
DA:154,0
DA:156,0
DA:160,0
DA:161,0
DA:162,0
DA:163,0
DA:165,0
DA:166,0
DA:168,0
DA:169,0
DA:170,0
DA:171,0
DA:174,0
DA:176,0
DA:178,0
DA:183,0
DA:184,0
DA:185,0
DA:186,0
DA:187,0
DA:188,0
DA:191,0
DA:192,0
DA:195,0
DA:199,0
DA:209,0
DA:222,0
DA:236,0
DA:249,0
DA:291,0
DA:292,0
DA:293,0
DA:295,0
DA:296,0
DA:299,0
DA:300,0
DA:303,0
LF:108
LH:0
BRDA:22,0,0,0
BRDA:33,1,0,0
BRDA:70,2,0,0
BRDA:82,3,0,0
BRDA:101,4,0,0
BRDA:133,5,0,0
BRDA:133,5,1,0
BRDA:133,5,2,0
BRDA:133,5,3,0
BRDA:141,6,0,0
BRDA:161,7,0,0
BRDA:168,8,0,0
BRDA:184,9,0,0
BRDA:195,10,0,0
BRDA:266,11,0,0
BRDA:266,11,1,0
BRF:16
BRH:0
end_of_record
TN:
SF:components/ui/card.tsx
FNF:0
FNH:0
DA:1,1
DA:3,1
DA:18,1
DA:30,1
DA:45,1
DA:57,1
DA:65,1
DA:77,1
DA:79,5
LF:9
LH:9
BRF:0
BRH:0
end_of_record
TN:
SF:components/ui/dropdown-menu.tsx
FN:171,(anonymous_27)
FNF:1
FNH:0
FNDA:0,(anonymous_27)
DA:3,0
DA:4,0
DA:5,0
DA:7,0
DA:9,0
DA:11,0
DA:13,0
DA:15,0
DA:17,0
DA:19,0
DA:40,0
DA:56,0
DA:75,0
DA:93,0
DA:116,0
DA:139,0
DA:157,0
DA:169,0
DA:171,0
DA:182,0
DA:185,0
DA:186,0
DA:187,0
DA:188,0
DA:189,0
DA:190,0
DA:191,0
DA:192,0
DA:193,0
DA:194,0
DA:195,0
DA:196,0
DA:197,0
DA:198,0
DA:199,0
LF:35
LH:0
BRDA:31,0,0,0
BRDA:31,0,1,0
BRDA:62,1,0,0
BRDA:87,2,0,0
BRDA:87,2,1,0
BRDA:151,3,0,0
BRDA:151,3,1,0
BRF:7
BRH:0
end_of_record
TN:
SF:components/ui/error-boundary.tsx
FN:20,(anonymous_7)
FN:37,(anonymous_8)
FN:41,(anonymous_9)
FN:25,(anonymous_10)
FN:29,(anonymous_11)
FN:45,(anonymous_12)
FN:122,useErrorHandler
FN:125,(anonymous_14)
FN:130,(anonymous_15)
FN:144,AsyncErrorBoundary
FN:152,(anonymous_17)
FN:153,(anonymous_18)
FN:160,(anonymous_19)
FN:170,(anonymous_20)
FN:197,(anonymous_21)
FNF:15
FNH:0
FNDA:0,(anonymous_7)
FNDA:0,(anonymous_8)
FNDA:0,(anonymous_9)
FNDA:0,(anonymous_10)
FNDA:0,(anonymous_11)
FNDA:0,(anonymous_12)
FNDA:0,useErrorHandler
FNDA:0,(anonymous_14)
FNDA:0,(anonymous_15)
FNDA:0,AsyncErrorBoundary
FNDA:0,(anonymous_17)
FNDA:0,(anonymous_18)
FNDA:0,(anonymous_19)
FNDA:0,(anonymous_20)
FNDA:0,(anonymous_21)
DA:3,0
DA:4,0
DA:5,0
DA:6,0
DA:19,0
DA:21,0
DA:22,0
DA:26,0
DA:30,0
DA:31,0
DA:37,0
DA:38,0
DA:41,0
DA:42,0
DA:46,0
DA:47,0
DA:48,0
DA:117,0
DA:122,0
DA:123,0
DA:125,0
DA:126,0
DA:127,0
DA:130,0
DA:131,0
DA:134,0
DA:144,0
DA:149,0
DA:150,0
DA:152,0
DA:153,0
DA:154,0
DA:155,0
DA:156,0
DA:157,0
DA:160,0
DA:161,0
DA:162,0
DA:163,0
DA:164,0
DA:167,0
DA:168,0
DA:170,0
DA:171,0
DA:172,0
DA:176,0
DA:177,0
DA:197,0
LF:48
LH:0
BRDA:46,0,0,0
BRDA:47,1,0,0
BRDA:66,2,0,0
BRDA:66,2,1,0
BRDA:78,3,0,0
BRDA:176,4,0,0
BRDA:177,5,0,0
BRF:7
BRH:0
end_of_record
TN:
SF:components/ui/input.tsx
FN:13,(anonymous_4)
FNF:1
FNH:1
FNDA:16,(anonymous_4)
DA:1,1
DA:2,1
DA:12,1
DA:55,1
DA:57,16
LF:5
LH:5
BRDA:16,0,0,16
BRDA:23,1,0,16
BRDA:36,2,0,1
BRDA:36,2,1,15
BRDA:37,3,0,0
BRDA:37,3,1,16
BRDA:45,4,0,16
BRDA:45,4,1,0
BRDA:48,5,0,16
BRF:9
BRH:7
end_of_record
TN:
SF:components/ui/monitoring-dashboard.tsx
FN:19,MonitoringDashboard
FN:26,(anonymous_4)
FN:31,(anonymous_5)
FN:220,useMonitoringDashboard
FNF:4
FNH:0
FNDA:0,MonitoringDashboard
FNDA:0,(anonymous_4)
FNDA:0,(anonymous_5)
FNDA:0,useMonitoringDashboard
DA:3,0
DA:4,0
DA:5,0
DA:6,0
DA:7,0
DA:8,0
DA:9,0
DA:10,0
DA:12,0
DA:19,0
DA:23,0
DA:24,0
DA:26,0
DA:27,0
DA:28,0
DA:31,0
DA:32,0
DA:35,0
DA:49,0
DA:220,0
DA:221,0
DA:223,0
LF:22
LH:0
BRDA:20,0,0,0
BRDA:35,1,0,0
BRDA:49,2,0,0
BRF:3
BRH:0
end_of_record
TN:
SF:components/ui/performance-monitor.tsx
FN:22,PerformanceMonitor
FN:32,(anonymous_4)
FN:37,(anonymous_5)
FN:38,(anonymous_6)
FN:47,(anonymous_7)
FN:62,(anonymous_8)
FN:63,(anonymous_9)
FN:75,(anonymous_10)
FN:87,(anonymous_11)
FN:99,(anonymous_12)
FN:116,(anonymous_13)
FN:129,(anonymous_14)
FN:140,(anonymous_15)
FN:165,(anonymous_16)
FN:173,(anonymous_17)
FN:189,(anonymous_18)
FN:210,(anonymous_19)
FN:279,usePerformanceMonitor
FN:283,(anonymous_21)
FN:287,(anonymous_22)
FN:291,(anonymous_23)
FNF:21
FNH:0
FNDA:0,PerformanceMonitor
FNDA:0,(anonymous_4)
FNDA:0,(anonymous_5)
FNDA:0,(anonymous_6)
FNDA:0,(anonymous_7)
FNDA:0,(anonymous_8)
FNDA:0,(anonymous_9)
FNDA:0,(anonymous_10)
FNDA:0,(anonymous_11)
FNDA:0,(anonymous_12)
FNDA:0,(anonymous_13)
FNDA:0,(anonymous_14)
FNDA:0,(anonymous_15)
FNDA:0,(anonymous_16)
FNDA:0,(anonymous_17)
FNDA:0,(anonymous_18)
FNDA:0,(anonymous_19)
FNDA:0,usePerformanceMonitor
FNDA:0,(anonymous_21)
FNDA:0,(anonymous_22)
FNDA:0,(anonymous_23)
DA:3,0
DA:4,0
DA:5,0
DA:6,0
DA:22,0
DA:26,0
DA:27,0
DA:28,0
DA:29,0
DA:32,0
DA:33,0
DA:34,0
DA:37,0
DA:38,0
DA:39,0
DA:40,0
DA:41,0
DA:47,0
DA:48,0
DA:49,0
DA:59,0
DA:60,0
DA:62,0
DA:63,0
DA:65,0
DA:75,0
DA:76,0
DA:79,0
DA:80,0
DA:81,0
DA:84,0
DA:85,0
DA:87,0
DA:88,0
DA:89,0
DA:90,0
DA:92,0
DA:94,0
DA:98,0
DA:99,0
DA:100,0
DA:101,0
DA:102,0
DA:103,0
DA:104,0
DA:107,0
DA:109,0
DA:111,0
DA:115,0
DA:116,0
DA:117,0
DA:118,0
DA:119,0
DA:120,0
DA:123,0
DA:125,0
DA:129,0
DA:130,0
DA:131,0
DA:133,0
DA:134,0
DA:140,0
DA:141,0
DA:143,0
DA:146,0
DA:147,0
DA:150,0
DA:151,0
DA:154,0
DA:155,0
DA:158,0
DA:159,0
DA:161,0
DA:165,0
DA:166,0
DA:167,0
DA:168,0
DA:169,0
DA:173,0
DA:174,0
DA:175,0
DA:176,0
DA:177,0
DA:178,0
DA:179,0
DA:183,0
DA:185,0
DA:189,0
DA:210,0
DA:279,0
DA:280,0
DA:281,0
DA:283,0
DA:284,0
DA:287,0
DA:288,0
DA:291,0
DA:292,0
DA:295,0
LF:99
LH:0
BRDA:23,0,0,0
BRDA:33,1,0,0
BRDA:48,2,0,0
BRDA:67,3,0,0
BRDA:67,3,1,0
BRDA:76,4,0,0
BRDA:84,5,0,0
BRDA:103,6,0,0
BRDA:119,7,0,0
BRDA:130,8,0,0
BRDA:133,9,0,0
BRDA:141,10,0,0
BRDA:146,11,0,0
BRDA:146,11,1,0
BRDA:147,12,0,0
BRDA:150,13,0,0
BRDA:150,13,1,0
BRDA:151,14,0,0
BRDA:154,15,0,0
BRDA:154,15,1,0
BRDA:155,16,0,0
BRDA:158,17,0,0
BRDA:158,17,1,0
BRDA:159,18,0,0
BRDA:166,19,0,0
BRDA:167,20,0,0
BRDA:168,21,0,0
BRDA:174,22,0,0
BRDA:174,22,1,0
BRDA:174,22,2,0
BRDA:174,22,3,0
BRDA:174,22,4,0
BRDA:183,23,0,0
BRDA:185,24,0,0
BRDA:227,25,0,0
BRDA:227,25,1,0
BRDA:237,26,0,0
BRDA:237,26,1,0
BRDA:247,27,0,0
BRDA:247,27,1,0
BRDA:262,28,0,0
BRF:41
BRH:0
end_of_record
TN:
SF:components/ui/progress.tsx
FNF:0
FNH:0
DA:3,0
DA:4,0
DA:6,0
DA:26,0
DA:28,0
LF:5
LH:0
BRDA:22,0,0,0
BRDA:22,0,1,0
BRF:2
BRH:0
end_of_record
TN:
SF:components/ui/select.tsx
FNF:0
FNH:0
DA:3,0
DA:4,0
DA:5,0
DA:7,0
DA:9,0
DA:11,0
DA:13,0
DA:33,0
DA:50,0
DA:67,0
DA:100,0
DA:112,0
DA:135,0
DA:147,0
DA:150,0
DA:151,0
DA:152,0
DA:153,0
DA:154,0
DA:155,0
DA:156,0
DA:157,0
DA:158,0
DA:159,0
LF:24
LH:0
BRDA:73,0,0,0
BRDA:79,1,0,0
BRDA:79,1,1,0
BRDA:90,2,0,0
BRDA:90,2,1,0
BRF:5
BRH:0
end_of_record
TN:
SF:components/ui/skeleton.tsx
FN:3,Skeleton
FNF:1
FNH:0
FNDA:0,Skeleton
DA:1,0
DA:15,0
LF:2
LH:0
BRF:0
BRH:0
end_of_record
TN:
SF:components/ui/switch.tsx
FNF:0
FNH:0
DA:2,0
DA:3,0
DA:4,0
DA:30,0
DA:32,0
LF:5
LH:0
BRF:0
BRH:0
end_of_record
TN:
SF:components/ui/system-monitor.tsx
FN:24,SystemMonitor
FN:39,(anonymous_4)
FN:40,(anonymous_5)
FN:41,(anonymous_6)
FN:49,(anonymous_7)
FN:50,(anonymous_8)
FN:56,(anonymous_9)
FN:65,(anonymous_10)
FN:69,(anonymous_11)
FN:79,(anonymous_12)
FN:88,(anonymous_13)
FN:95,(anonymous_14)
FN:111,(anonymous_15)
FN:123,(anonymous_16)
FN:129,(anonymous_17)
FN:136,(anonymous_18)
FN:142,(anonymous_19)
FN:150,(anonymous_20)
FN:171,(anonymous_21)
FN:261,useSystemMonitor
FN:265,(anonymous_23)
FN:269,(anonymous_24)
FNF:22
FNH:0
FNDA:0,SystemMonitor
FNDA:0,(anonymous_4)
FNDA:0,(anonymous_5)
FNDA:0,(anonymous_6)
FNDA:0,(anonymous_7)
FNDA:0,(anonymous_8)
FNDA:0,(anonymous_9)
FNDA:0,(anonymous_10)
FNDA:0,(anonymous_11)
FNDA:0,(anonymous_12)
FNDA:0,(anonymous_13)
FNDA:0,(anonymous_14)
FNDA:0,(anonymous_15)
FNDA:0,(anonymous_16)
FNDA:0,(anonymous_17)
FNDA:0,(anonymous_18)
FNDA:0,(anonymous_19)
FNDA:0,(anonymous_20)
FNDA:0,(anonymous_21)
FNDA:0,useSystemMonitor
FNDA:0,(anonymous_23)
FNDA:0,(anonymous_24)
DA:3,0
DA:4,0
DA:5,0
DA:6,0
DA:7,0
DA:24,0
DA:28,0
DA:37,0
DA:39,0
DA:40,0
DA:41,0
DA:42,0
DA:43,0
DA:44,0
DA:49,0
DA:50,0
DA:52,0
DA:53,0
DA:56,0
DA:57,0
DA:58,0
DA:59,0
DA:60,0
DA:65,0
DA:66,0
DA:69,0
DA:70,0
DA:73,0
DA:79,0
DA:80,0
DA:81,0
DA:82,0
DA:83,0
DA:88,0
DA:90,0
DA:91,0
DA:95,0
DA:96,0
DA:97,0
DA:98,0
DA:99,0
DA:105,0
DA:111,0
DA:112,0
DA:116,0
DA:117,0
DA:118,0
DA:119,0
DA:120,0
DA:123,0
DA:124,0
DA:125,0
DA:126,0
DA:129,0
DA:130,0
DA:131,0
DA:132,0
DA:136,0
DA:137,0
DA:138,0
DA:139,0
DA:142,0
DA:146,0
DA:150,0
DA:171,0
DA:261,0
DA:262,0
DA:263,0
DA:265,0
DA:266,0
DA:269,0
DA:270,0
DA:273,0
LF:73
LH:0
BRDA:25,0,0,0
BRDA:57,1,0,0
BRDA:80,2,0,0
BRDA:96,3,0,0
BRDA:98,4,0,0
BRDA:105,5,0,0
BRDA:105,5,1,0
BRDA:137,6,0,0
BRDA:138,7,0,0
BRDA:143,8,0,0
BRDA:146,9,0,0
BRDA:167,10,0,0
BRDA:167,10,1,0
BRDA:168,11,0,0
BRDA:168,11,1,0
BRDA:190,12,0,0
BRDA:190,12,1,0
BRDA:198,13,0,0
BRF:18
BRH:0
end_of_record
TN:
SF:components/ui/tabs.tsx
FNF:0
FNH:0
DA:3,0
DA:4,0
DA:6,0
DA:8,0
DA:23,0
DA:38,0
DA:53,0
DA:55,0
LF:8
LH:0
BRF:0
BRH:0
end_of_record
TN:
SF:components/ui/textarea.tsx
FN:8,(anonymous_4)
FNF:1
FNH:0
FNDA:0,(anonymous_4)
DA:1,0
DA:2,0
DA:7,0
DA:21,0
DA:23,0
LF:5
LH:0
BRF:0
BRH:0
end_of_record
TN:
SF:components/ui/toast.tsx
FN:45,(anonymous_12)
FNF:1
FNH:0
FNDA:0,(anonymous_12)
DA:1,0
DA:2,0
DA:3,0
DA:4,0
DA:6,0
DA:8,0
DA:23,0
DA:25,0
DA:41,0
DA:54,0
DA:69,0
DA:87,0
DA:99,0
DA:111,0
DA:120,0
DA:121,0
DA:122,0
DA:123,0
DA:124,0
DA:125,0
DA:126,0
LF:21
LH:0
BRF:0
BRH:0
end_of_record
TN:
SF:components/ui/toaster.tsx
FN:13,Toaster
FN:18,(anonymous_2)
FNF:2
FNH:0
FNDA:0,Toaster
FNDA:0,(anonymous_2)
DA:10,0
DA:11,0
DA:13,0
DA:14,0
DA:19,0
LF:5
LH:0
BRDA:22,0,0,0
BRDA:23,1,0,0
BRF:2
BRH:0
end_of_record
TN:
SF:components/ui/use-toast.ts
FN:27,genId
FN:58,(anonymous_8)
FN:63,(anonymous_9)
FN:74,(anonymous_10)
FN:85,(anonymous_11)
FN:98,(anonymous_12)
FN:105,(anonymous_13)
FN:124,(anonymous_14)
FN:133,dispatch
FN:135,(anonymous_16)
FN:142,toast
FN:145,(anonymous_18)
FN:150,(anonymous_19)
FN:158,(anonymous_20)
FN:171,useToast
FN:174,(anonymous_22)
FN:176,(anonymous_23)
FN:187,(anonymous_24)
FNF:18
FNH:0
FNDA:0,genId
FNDA:0,(anonymous_8)
FNDA:0,(anonymous_9)
FNDA:0,(anonymous_10)
FNDA:0,(anonymous_11)
FNDA:0,(anonymous_12)
FNDA:0,(anonymous_13)
FNDA:0,(anonymous_14)
FNDA:0,dispatch
FNDA:0,(anonymous_16)
FNDA:0,toast
FNDA:0,(anonymous_18)
FNDA:0,(anonymous_19)
FNDA:0,(anonymous_20)
FNDA:0,useToast
FNDA:0,(anonymous_22)
FNDA:0,(anonymous_23)
FNDA:0,(anonymous_24)
DA:1,0
DA:8,0
DA:9,0
DA:18,0
DA:25,0
DA:28,0
DA:29,0
DA:56,0
DA:58,0
DA:59,0
DA:60,0
DA:63,0
DA:64,0
DA:65,0
DA:71,0
DA:74,0
DA:75,0
DA:77,0
DA:83,0
DA:86,0
DA:91,0
DA:95,0
DA:96,0
DA:98,0
DA:99,0
DA:103,0
DA:106,0
DA:116,0
DA:117,0
DA:122,0
DA:124,0
DA:129,0
DA:131,0
DA:134,0
DA:135,0
DA:136,0
DA:143,0
DA:145,0
DA:146,0
DA:150,0
DA:152,0
DA:159,0
DA:164,0
DA:172,0
DA:174,0
DA:175,0
DA:176,0
DA:177,0
DA:178,0
DA:179,0
DA:184,0
DA:187,0
DA:191,0
LF:53
LH:0
BRDA:59,0,0,0
BRDA:75,1,0,0
BRDA:75,1,1,0
BRDA:75,1,2,0
BRDA:75,1,3,0
BRDA:86,2,0,0
BRDA:86,2,1,0
BRDA:95,3,0,0
BRDA:95,3,1,0
BRDA:106,4,0,0
BRDA:106,4,1,0
BRDA:106,5,0,0
BRDA:106,5,1,0
BRDA:116,6,0,0
BRDA:159,7,0,0
BRDA:178,8,0,0
BRF:16
BRH:0
end_of_record
TN:
SF:context/AuthProvider.tsx
FN:22,(anonymous_3)
FN:23,(anonymous_4)
FN:24,(anonymous_5)
FN:25,(anonymous_6)
FN:26,(anonymous_7)
FN:27,(anonymous_8)
FN:30,AuthProvider
FN:35,(anonymous_10)
FN:37,(anonymous_11)
FN:48,(anonymous_12)
FN:54,(anonymous_13)
FN:59,(anonymous_14)
FN:67,(anonymous_15)
FN:78,(anonymous_16)
FN:88,(anonymous_17)
FN:98,(anonymous_18)
FN:105,(anonymous_19)
FN:127,(anonymous_20)
FNF:18
FNH:0
FNDA:0,(anonymous_3)
FNDA:0,(anonymous_4)
FNDA:0,(anonymous_5)
FNDA:0,(anonymous_6)
FNDA:0,(anonymous_7)
FNDA:0,(anonymous_8)
FNDA:0,AuthProvider
FNDA:0,(anonymous_10)
FNDA:0,(anonymous_11)
FNDA:0,(anonymous_12)
FNDA:0,(anonymous_13)
FNDA:0,(anonymous_14)
FNDA:0,(anonymous_15)
FNDA:0,(anonymous_16)
FNDA:0,(anonymous_17)
FNDA:0,(anonymous_18)
FNDA:0,(anonymous_19)
FNDA:0,(anonymous_20)
DA:2,0
DA:3,0
DA:18,0
DA:30,0
DA:31,0
DA:32,0
DA:33,0
DA:35,0
DA:36,0
DA:38,0
DA:39,0
DA:40,0
DA:43,0
DA:48,0
DA:49,0
DA:50,0
DA:51,0
DA:54,0
DA:55,0
DA:59,0
DA:60,0
DA:64,0
DA:67,0
DA:68,0
DA:75,0
DA:78,0
DA:79,0
DA:85,0
DA:88,0
DA:89,0
DA:95,0
DA:98,0
DA:99,0
DA:102,0
DA:105,0
DA:106,0
DA:107,0
DA:108,0
DA:109,0
DA:112,0
DA:127,0
DA:128,0
DA:129,0
DA:130,0
DA:132,0
LF:45
LH:0
BRDA:39,0,0,0
BRDA:39,0,1,0
BRDA:50,1,0,0
BRDA:50,1,1,0
BRDA:64,2,0,0
BRDA:75,3,0,0
BRDA:85,4,0,0
BRDA:95,5,0,0
BRDA:102,6,0,0
BRDA:107,7,0,0
BRDA:129,8,0,0
BRF:11
BRH:0
end_of_record
TN:
SF:hooks/use-toast.ts
FNF:0
FNH:0
DA:1,0
DA:3,0
LF:2
LH:0
BRF:0
BRH:0
end_of_record
TN:
SF:hooks/useChatChannel.ts
FN:22,useChatChannel
FN:31,(anonymous_2)
FN:56,(anonymous_3)
FN:66,(anonymous_4)
FN:68,(anonymous_5)
FN:75,(anonymous_6)
FN:78,(anonymous_7)
FN:86,(anonymous_8)
FN:88,(anonymous_9)
FN:95,(anonymous_10)
FN:97,(anonymous_11)
FN:98,(anonymous_12)
FN:103,(anonymous_13)
FN:118,(anonymous_14)
FN:125,(anonymous_15)
FN:154,(anonymous_16)
FN:181,(anonymous_17)
FN:202,(anonymous_18)
FN:209,(anonymous_19)
FNF:19
FNH:0
FNDA:0,useChatChannel
FNDA:0,(anonymous_2)
FNDA:0,(anonymous_3)
FNDA:0,(anonymous_4)
FNDA:0,(anonymous_5)
FNDA:0,(anonymous_6)
FNDA:0,(anonymous_7)
FNDA:0,(anonymous_8)
FNDA:0,(anonymous_9)
FNDA:0,(anonymous_10)
FNDA:0,(anonymous_11)
FNDA:0,(anonymous_12)
FNDA:0,(anonymous_13)
FNDA:0,(anonymous_14)
FNDA:0,(anonymous_15)
FNDA:0,(anonymous_16)
FNDA:0,(anonymous_17)
FNDA:0,(anonymous_18)
FNDA:0,(anonymous_19)
DA:1,0
DA:2,0
DA:4,0
DA:22,0
DA:23,0
DA:24,0
DA:25,0
DA:26,0
DA:27,0
DA:28,0
DA:31,0
DA:32,0
DA:34,0
DA:35,0
DA:42,0
DA:43,0
DA:44,0
DA:47,0
DA:49,0
DA:51,0
DA:56,0
DA:57,0
DA:59,0
DA:65,0
DA:67,0
DA:68,0
DA:73,0
DA:76,0
DA:79,0
DA:87,0
DA:88,0
DA:96,0
DA:97,0
DA:98,0
DA:99,0
DA:104,0
DA:105,0
DA:107,0
DA:108,0
DA:112,0
DA:116,0
DA:118,0
DA:119,0
DA:120,0
DA:125,0
DA:130,0
DA:132,0
DA:133,0
DA:143,0
DA:144,0
DA:145,0
DA:148,0
DA:149,0
DA:154,0
DA:155,0
DA:157,0
DA:158,0
DA:160,0
DA:167,0
DA:168,0
DA:169,0
DA:173,0
DA:177,0
DA:181,0
DA:182,0
DA:184,0
DA:185,0
DA:191,0
DA:192,0
DA:193,0
DA:196,0
DA:197,0
DA:202,0
DA:203,0
DA:205,0
DA:206,0
DA:209,0
DA:216,0
DA:217,0
DA:220,0
DA:224,0
LF:81
LH:0
BRDA:32,0,0,0
BRDA:42,1,0,0
BRDA:47,2,0,0
BRDA:47,2,1,0
BRDA:57,3,0,0
BRDA:57,4,0,0
BRDA:57,4,1,0
BRDA:69,5,0,0
BRDA:69,5,1,0
BRDA:70,6,0,0
BRDA:70,6,1,0
BRDA:99,7,0,0
BRDA:99,7,1,0
BRDA:107,8,0,0
BRDA:127,9,0,0
BRDA:130,10,0,0
BRDA:130,11,0,0
BRDA:130,11,1,0
BRDA:130,11,2,0
BRDA:140,12,0,0
BRDA:140,12,1,0
BRDA:143,13,0,0
BRDA:155,14,0,0
BRDA:167,15,0,0
BRDA:182,16,0,0
BRDA:191,17,0,0
BRDA:203,18,0,0
BRDA:203,19,0,0
BRDA:203,19,1,0
BRDA:216,20,0,0
BRF:30
BRH:0
end_of_record
TN:
SF:lib/auth.ts
FN:5,getCurrentUser
FN:13,(anonymous_11)
FN:16,(anonymous_12)
FN:19,(anonymous_13)
FN:39,requireAuth
FN:49,getSession
FN:57,(anonymous_16)
FN:60,(anonymous_17)
FN:63,(anonymous_18)
FN:83,getUserProfile
FN:91,(anonymous_20)
FN:94,(anonymous_21)
FN:97,(anonymous_22)
FN:121,updateUserProfile
FN:129,(anonymous_24)
FN:132,(anonymous_25)
FN:135,(anonymous_26)
FN:163,checkUserPermissions
FN:171,(anonymous_28)
FN:174,(anonymous_29)
FN:177,(anonymous_30)
FN:202,(anonymous_31)
FN:214,requirePermissions
FN:225,logUserActivity
FN:233,(anonymous_34)
FN:236,(anonymous_35)
FN:239,(anonymous_36)
FN:263,getUserStats
FN:271,(anonymous_38)
FN:274,(anonymous_39)
FN:277,(anonymous_40)
FNF:31
FNH:0
FNDA:0,getCurrentUser
FNDA:0,(anonymous_11)
FNDA:0,(anonymous_12)
FNDA:0,(anonymous_13)
FNDA:0,requireAuth
FNDA:0,getSession
FNDA:0,(anonymous_16)
FNDA:0,(anonymous_17)
FNDA:0,(anonymous_18)
FNDA:0,getUserProfile
FNDA:0,(anonymous_20)
FNDA:0,(anonymous_21)
FNDA:0,(anonymous_22)
FNDA:0,updateUserProfile
FNDA:0,(anonymous_24)
FNDA:0,(anonymous_25)
FNDA:0,(anonymous_26)
FNDA:0,checkUserPermissions
FNDA:0,(anonymous_28)
FNDA:0,(anonymous_29)
FNDA:0,(anonymous_30)
FNDA:0,(anonymous_31)
FNDA:0,requirePermissions
FNDA:0,logUserActivity
FNDA:0,(anonymous_34)
FNDA:0,(anonymous_35)
FNDA:0,(anonymous_36)
FNDA:0,getUserStats
FNDA:0,(anonymous_38)
FNDA:0,(anonymous_39)
FNDA:0,(anonymous_40)
DA:1,0
DA:2,0
DA:3,0
DA:5,0
DA:6,0
DA:7,0
DA:8,0
DA:14,0
DA:17,0
DA:20,0
DA:26,0
DA:28,0
DA:29,0
DA:32,0
DA:34,0
DA:35,0
DA:39,0
DA:40,0
DA:42,0
DA:43,0
DA:46,0
DA:49,0
DA:50,0
DA:51,0
DA:52,0
DA:58,0
DA:61,0
DA:64,0
DA:70,0
DA:72,0
DA:73,0
DA:76,0
DA:78,0
DA:79,0
DA:83,0
DA:84,0
DA:85,0
DA:86,0
DA:92,0
DA:95,0
DA:98,0
DA:104,0
DA:110,0
DA:111,0
DA:114,0
DA:116,0
DA:117,0
DA:121,0
DA:122,0
DA:123,0
DA:124,0
DA:130,0
DA:133,0
DA:136,0
DA:142,0
DA:152,0
DA:153,0
DA:156,0
DA:158,0
DA:159,0
DA:163,0
DA:164,0
DA:165,0
DA:166,0
DA:172,0
DA:175,0
DA:178,0
DA:184,0
DA:190,0
DA:191,0
DA:195,0
DA:196,0
DA:200,0
DA:201,0
DA:202,0
DA:203,0
DA:207,0
DA:209,0
DA:210,0
DA:214,0
DA:215,0
DA:216,0
DA:218,0
DA:219,0
DA:222,0
DA:225,0
DA:226,0
DA:227,0
DA:228,0
DA:234,0
DA:237,0
DA:240,0
DA:246,0
DA:255,0
DA:256,0
DA:259,0
DA:263,0
DA:264,0
DA:265,0
DA:266,0
DA:272,0
DA:275,0
DA:278,0
DA:285,0
DA:291,0
DA:297,0
DA:302,0
DA:308,0
DA:309,0
LF:109
LH:0
BRDA:28,0,0,0
BRDA:28,1,0,0
BRDA:28,1,1,0
BRDA:42,2,0,0
BRDA:72,3,0,0
BRDA:110,4,0,0
BRDA:152,5,0,0
BRDA:163,6,0,0
BRDA:190,7,0,0
BRDA:190,8,0,0
BRDA:190,8,1,0
BRDA:195,9,0,0
BRDA:200,10,0,0
BRDA:201,11,0,0
BRDA:201,11,1,0
BRDA:214,12,0,0
BRDA:218,13,0,0
BRDA:255,14,0,0
BRDA:303,15,0,0
BRDA:303,15,1,0
BRDA:304,16,0,0
BRDA:304,16,1,0
BRDA:305,17,0,0
BRDA:305,17,1,0
BRF:24
BRH:0
end_of_record
TN:
SF:lib/db.ts
FN:48,(anonymous_4)
FN:81,(anonymous_5)
FN:102,(anonymous_6)
FN:117,(anonymous_7)
FN:124,(anonymous_8)
FN:128,(anonymous_9)
FN:146,(anonymous_10)
FN:147,(anonymous_11)
FN:152,(anonymous_12)
FN:156,(anonymous_13)
FN:162,(anonymous_14)
FN:173,(anonymous_15)
FN:179,(anonymous_16)
FN:204,(anonymous_17)
FN:227,(anonymous_18)
FN:228,(anonymous_19)
FN:233,(anonymous_20)
FN:255,(anonymous_21)
FN:259,(anonymous_22)
FN:267,(anonymous_23)
FN:293,(anonymous_24)
FN:294,(anonymous_25)
FN:297,(anonymous_26)
FN:319,(anonymous_27)
FN:338,initializeDatabase
FN:355,getDBClient
FNF:26
FNH:0
FNDA:0,(anonymous_4)
FNDA:0,(anonymous_5)
FNDA:0,(anonymous_6)
FNDA:0,(anonymous_7)
FNDA:0,(anonymous_8)
FNDA:0,(anonymous_9)
FNDA:0,(anonymous_10)
FNDA:0,(anonymous_11)
FNDA:0,(anonymous_12)
FNDA:0,(anonymous_13)
FNDA:0,(anonymous_14)
FNDA:0,(anonymous_15)
FNDA:0,(anonymous_16)
FNDA:0,(anonymous_17)
FNDA:0,(anonymous_18)
FNDA:0,(anonymous_19)
FNDA:0,(anonymous_20)
FNDA:0,(anonymous_21)
FNDA:0,(anonymous_22)
FNDA:0,(anonymous_23)
FNDA:0,(anonymous_24)
FNDA:0,(anonymous_25)
FNDA:0,(anonymous_26)
FNDA:0,(anonymous_27)
FNDA:0,initializeDatabase
FNDA:0,getDBClient
DA:1,0
DA:2,0
DA:3,0
DA:29,0
DA:41,0
DA:43,0
DA:44,0
DA:46,0
DA:49,0
DA:50,0
DA:51,0
DA:54,0
DA:65,0
DA:67,0
DA:73,0
DA:74,0
DA:75,0
DA:76,0
DA:78,0
DA:82,0
DA:84,0
DA:85,0
DA:86,0
DA:87,0
DA:89,0
DA:90,0
DA:91,0
DA:92,0
DA:95,0
DA:96,0
DA:97,0
DA:98,0
DA:103,0
DA:118,0
DA:119,0
DA:121,0
DA:125,0
DA:129,0
DA:130,0
DA:133,0
DA:135,0
DA:136,0
DA:137,0
DA:141,0
DA:142,0
DA:143,0
DA:147,0
DA:148,0
DA:153,0
DA:154,0
DA:156,0
DA:159,0
DA:162,0
DA:163,0
DA:166,0
DA:167,0
DA:170,0
DA:177,0
DA:179,0
DA:180,0
DA:181,0
DA:182,0
DA:184,0
DA:189,0
DA:190,0
DA:192,0
DA:194,0
DA:195,0
DA:196,0
DA:198,0
DA:199,0
DA:205,0
DA:206,0
DA:208,0
DA:209,0
DA:210,0
DA:212,0
DA:216,0
DA:218,0
DA:219,0
DA:220,0
DA:221,0
DA:223,0
DA:228,0
DA:229,0
DA:234,0
DA:235,0
DA:236,0
DA:241,0
DA:243,0
DA:244,0
DA:245,0
DA:247,0
DA:250,0
DA:251,0
DA:256,0
DA:263,0
DA:264,0
DA:267,0
DA:268,0
DA:270,0
DA:271,0
DA:272,0
DA:273,0
DA:274,0
DA:276,0
DA:277,0
DA:279,0
DA:281,0
DA:282,0
DA:283,0
DA:284,0
DA:289,0
DA:294,0
DA:298,0
DA:299,0
DA:310,0
DA:312,0
DA:313,0
DA:316,0
DA:320,0
DA:335,0
DA:338,0
DA:339,0
DA:341,0
DA:355,0
DA:356,0
LF:127
LH:0
BRDA:49,0,0,0
BRDA:68,1,0,0
BRDA:68,1,1,0
BRDA:69,2,0,0
BRDA:69,2,1,0
BRDA:82,3,0,0
BRDA:82,3,1,0
BRDA:82,3,2,0
BRDA:82,3,3,0
BRDA:118,4,0,0
BRDA:129,5,0,0
BRDA:133,6,0,0
BRDA:136,7,0,0
BRDA:166,8,0,0
BRDA:186,9,0,0
BRDA:186,9,1,0
BRDA:208,10,0,0
BRDA:208,10,1,0
BRDA:218,11,0,0
BRDA:218,11,1,0
BRDA:220,12,0,0
BRDA:220,12,1,0
BRDA:243,13,0,0
BRDA:243,13,1,0
BRDA:261,14,0,0
BRDA:263,15,0,0
BRDA:281,16,0,0
BRDA:312,17,0,0
BRDA:339,18,0,0
BRDA:339,18,1,0
BRF:30
BRH:0
end_of_record
TN:
SF:lib/errorClassifier.ts
FN:9,classifyError
FN:95,isTransientError
FN:99,isRetryableError
FN:104,isNetworkError
FN:130,(anonymous_11)
FN:137,isDatabaseError
FN:163,(anonymous_13)
FN:169,isTransientDatabaseError
FN:189,isAuthenticationError
FN:209,(anonymous_16)
FN:216,isAuthorizationError
FN:236,(anonymous_18)
FN:243,isValidationError
FN:263,(anonymous_20)
FN:270,isRateLimitError
FN:287,(anonymous_22)
FN:294,isServerError
FN:298,isTransientServerError
FN:304,assessErrorSeverity
FN:341,getErrorSuggestion
FN:347,formatErrorForLogging
FNF:21
FNH:0
FNDA:0,classifyError
FNDA:0,isTransientError
FNDA:0,isRetryableError
FNDA:0,isNetworkError
FNDA:0,(anonymous_11)
FNDA:0,isDatabaseError
FNDA:0,(anonymous_13)
FNDA:0,isTransientDatabaseError
FNDA:0,isAuthenticationError
FNDA:0,(anonymous_16)
FNDA:0,isAuthorizationError
FNDA:0,(anonymous_18)
FNDA:0,isValidationError
FNDA:0,(anonymous_20)
FNDA:0,isRateLimitError
FNDA:0,(anonymous_22)
FNDA:0,isServerError
FNDA:0,isTransientServerError
FNDA:0,assessErrorSeverity
FNDA:0,getErrorSuggestion
FNDA:0,formatErrorForLogging
DA:9,0
DA:10,0
DA:19,0
DA:20,0
DA:21,0
DA:22,0
DA:23,0
DA:24,0
DA:25,0
DA:29,0
DA:30,0
DA:31,0
DA:32,0
DA:33,0
DA:34,0
DA:37,0
DA:41,0
DA:42,0
DA:43,0
DA:44,0
DA:45,0
DA:46,0
DA:47,0
DA:51,0
DA:52,0
DA:53,0
DA:54,0
DA:55,0
DA:56,0
DA:57,0
DA:61,0
DA:62,0
DA:63,0
DA:64,0
DA:65,0
DA:66,0
DA:67,0
DA:71,0
DA:72,0
DA:73,0
DA:74,0
DA:75,0
DA:76,0
DA:77,0
DA:81,0
DA:82,0
DA:83,0
DA:84,0
DA:85,0
DA:86,0
DA:89,0
DA:92,0
DA:95,0
DA:96,0
DA:99,0
DA:100,0
DA:105,0
DA:118,0
DA:128,0
DA:131,0
DA:138,0
DA:152,0
DA:161,0
DA:164,0
DA:170,0
DA:185,0
DA:190,0
DA:197,0
DA:206,0
DA:210,0
DA:217,0
DA:224,0
DA:233,0
DA:237,0
DA:244,0
DA:251,0
DA:260,0
DA:264,0
DA:271,0
DA:277,0
DA:284,0
DA:288,0
DA:295,0
DA:299,0
DA:300,0
DA:304,0
DA:305,0
DA:308,0
DA:309,0
DA:313,0
DA:314,0
DA:318,0
DA:319,0
DA:323,0
DA:324,0
DA:328,0
DA:329,0
DA:333,0
DA:334,0
DA:337,0
DA:341,0
DA:342,0
DA:343,0
DA:347,0
DA:348,0
DA:350,0
LF:106
LH:0
BRDA:19,0,0,0
BRDA:29,1,0,0
BRDA:32,2,0,0
BRDA:32,2,1,0
BRDA:34,3,0,0
BRDA:34,3,1,0
BRDA:41,4,0,0
BRDA:51,5,0,0
BRDA:61,6,0,0
BRDA:71,7,0,0
BRDA:81,8,0,0
BRDA:84,9,0,0
BRDA:84,9,1,0
BRDA:86,10,0,0
BRDA:86,10,1,0
BRDA:129,11,0,0
BRDA:129,11,1,0
BRDA:129,11,2,0
BRDA:129,11,3,0
BRDA:162,12,0,0
BRDA:162,12,1,0
BRDA:162,12,2,0
BRDA:162,12,3,0
BRDA:185,13,0,0
BRDA:185,13,1,0
BRDA:207,14,0,0
BRDA:207,14,1,0
BRDA:207,14,2,0
BRDA:207,14,3,0
BRDA:207,14,4,0
BRDA:234,15,0,0
BRDA:234,15,1,0
BRDA:234,15,2,0
BRDA:234,15,3,0
BRDA:234,15,4,0
BRDA:261,16,0,0
BRDA:261,16,1,0
BRDA:261,16,2,0
BRDA:261,16,3,0
BRDA:261,16,4,0
BRDA:285,17,0,0
BRDA:285,17,1,0
BRDA:285,17,2,0
BRDA:285,17,3,0
BRDA:285,17,4,0
BRDA:295,18,0,0
BRDA:295,18,1,0
BRDA:300,19,0,0
BRDA:300,19,1,0
BRDA:308,20,0,0
BRDA:308,21,0,0
BRDA:308,21,1,0
BRDA:313,22,0,0
BRDA:313,23,0,0
BRDA:313,23,1,0
BRDA:318,24,0,0
BRDA:318,25,0,0
BRDA:318,25,1,0
BRDA:323,26,0,0
BRDA:328,27,0,0
BRDA:333,28,0,0
BRDA:351,29,0,0
BRDA:351,29,1,0
BRDA:352,30,0,0
BRDA:352,30,1,0
BRDA:352,30,2,0
BRF:66
BRH:0
end_of_record
TN:
SF:lib/redis.ts
FN:18,(anonymous_3)
FN:26,(anonymous_4)
FN:37,(anonymous_5)
FN:42,(anonymous_6)
FN:47,(anonymous_7)
FN:52,(anonymous_8)
FN:57,(anonymous_9)
FN:61,(anonymous_10)
FN:72,(anonymous_11)
FN:76,(anonymous_12)
FN:87,(anonymous_13)
FN:91,(anonymous_14)
FNF:12
FNH:0
FNDA:0,(anonymous_3)
FNDA:0,(anonymous_4)
FNDA:0,(anonymous_5)
FNDA:0,(anonymous_6)
FNDA:0,(anonymous_7)
FNDA:0,(anonymous_8)
FNDA:0,(anonymous_9)
FNDA:0,(anonymous_10)
FNDA:0,(anonymous_11)
FNDA:0,(anonymous_12)
FNDA:0,(anonymous_13)
FNDA:0,(anonymous_14)
DA:1,0
DA:3,0
DA:4,0
DA:6,0
DA:7,0
DA:10,0
DA:16,0
DA:19,0
DA:20,0
DA:22,0
DA:27,0
DA:28,0
DA:29,0
DA:30,0
DA:32,0
DA:38,0
DA:43,0
DA:48,0
DA:53,0
DA:58,0
DA:62,0
DA:63,0
DA:64,0
DA:65,0
DA:67,0
DA:73,0
DA:77,0
DA:78,0
DA:79,0
DA:80,0
DA:82,0
DA:88,0
DA:92,0
LF:33
LH:0
BRDA:6,0,0,0
BRDA:6,1,0,0
BRDA:6,1,1,0
BRDA:19,2,0,0
BRDA:28,3,0,0
BRDA:63,4,0,0
BRDA:78,5,0,0
BRF:7
BRH:0
end_of_record
TN:
SF:lib/utils.ts
FN:4,cn
FN:8,formatCurrency
FN:15,truncate
FN:19,formatDate
FN:27,formatDateTime
FN:37,generateId
FN:41,debounce
FN:46,(anonymous_17)
FN:48,(anonymous_18)
FN:52,isValidEmail
FN:57,calculateAge
FNF:11
FNH:1
FNDA:60,cn
FNDA:0,formatCurrency
FNDA:0,truncate
FNDA:0,formatDate
FNDA:0,formatDateTime
FNDA:0,generateId
FNDA:0,debounce
FNDA:0,(anonymous_17)
FNDA:0,(anonymous_18)
FNDA:0,isValidEmail
FNDA:0,calculateAge
DA:1,3
DA:2,3
DA:4,60
DA:5,60
DA:8,0
DA:9,0
DA:15,0
DA:16,0
DA:19,0
DA:20,0
DA:27,0
DA:28,0
DA:37,0
DA:38,0
DA:41,0
DA:46,0
DA:47,0
DA:48,0
DA:52,0
DA:53,0
DA:54,0
DA:57,0
DA:58,0
DA:59,0
DA:60,0
DA:61,0
DA:63,0
DA:64,0
DA:67,0
LF:29
LH:4
BRDA:15,0,0,0
BRDA:16,1,0,0
BRDA:16,1,1,0
BRDA:63,2,0,0
BRDA:63,3,0,0
BRDA:63,3,1,0
BRDA:63,3,2,0
BRF:7
BRH:0
end_of_record
TN:
SF:lib/database/connection-manager.ts
FN:28,(anonymous_3)
FN:57,(anonymous_4)
FN:67,(anonymous_5)
FN:81,(anonymous_6)
FN:99,(anonymous_7)
FN:120,(anonymous_8)
FN:148,(anonymous_9)
FN:149,(anonymous_10)
FN:153,(anonymous_11)
FN:158,(anonymous_12)
FN:177,(anonymous_13)
FN:178,(anonymous_14)
FN:191,(anonymous_15)
FN:222,(anonymous_16)
FN:232,(anonymous_17)
FN:237,(anonymous_18)
FN:251,(anonymous_19)
FNF:17
FNH:0
FNDA:0,(anonymous_3)
FNDA:0,(anonymous_4)
FNDA:0,(anonymous_5)
FNDA:0,(anonymous_6)
FNDA:0,(anonymous_7)
FNDA:0,(anonymous_8)
FNDA:0,(anonymous_9)
FNDA:0,(anonymous_10)
FNDA:0,(anonymous_11)
FNDA:0,(anonymous_12)
FNDA:0,(anonymous_13)
FNDA:0,(anonymous_14)
FNDA:0,(anonymous_15)
FNDA:0,(anonymous_16)
FNDA:0,(anonymous_17)
FNDA:0,(anonymous_18)
FNDA:0,(anonymous_19)
DA:1,0
DA:2,0
DA:21,0
DA:26,0
DA:29,0
DA:36,0
DA:48,0
DA:58,0
DA:59,0
DA:60,0
DA:62,0
DA:64,0
DA:68,0
DA:70,0
DA:72,0
DA:73,0
DA:74,0
DA:76,0
DA:77,0
DA:82,0
DA:83,0
DA:84,0
DA:89,0
DA:91,0
DA:92,0
DA:94,0
DA:95,0
DA:100,0
DA:101,0
DA:103,0
DA:104,0
DA:105,0
DA:107,0
DA:111,0
DA:112,0
DA:113,0
DA:114,0
DA:116,0
DA:124,0
DA:126,0
DA:127,0
DA:128,0
DA:129,0
DA:130,0
DA:132,0
DA:133,0
DA:135,0
DA:137,0
DA:138,0
DA:139,0
DA:140,0
DA:145,0
DA:149,0
DA:158,0
DA:159,0
DA:161,0
DA:163,0
DA:165,0
DA:167,0
DA:169,0
DA:171,0
DA:178,0
DA:179,0
DA:181,0
DA:182,0
DA:183,0
DA:186,0
DA:196,0
DA:198,0
DA:199,0
DA:200,0
DA:201,0
DA:204,0
DA:208,0
DA:210,0
DA:212,0
DA:213,0
DA:215,0
DA:218,0
DA:223,0
DA:224,0
DA:226,0
DA:228,0
DA:233,0
DA:238,0
DA:239,0
DA:247,0
DA:252,0
DA:266,0
LF:89
LH:0
BRDA:58,0,0,0
BRDA:59,1,0,0
BRDA:68,2,0,0
BRDA:89,3,0,0
BRDA:103,4,0,0
BRDA:103,4,1,0
BRDA:111,5,0,0
BRDA:111,5,1,0
BRDA:113,6,0,0
BRDA:113,6,1,0
BRDA:122,7,0,0
BRDA:137,8,0,0
BRDA:156,9,0,0
BRDA:161,10,0,0
BRDA:161,10,1,0
BRDA:161,10,2,0
BRDA:161,10,3,0
BRDA:161,10,4,0
BRDA:163,11,0,0
BRDA:163,11,1,0
BRDA:194,12,0,0
BRDA:199,13,0,0
BRF:22
BRH:0
end_of_record
TN:
SF:lib/matching/engine.ts
FN:41,(anonymous_1)
FN:48,(anonymous_2)
FN:59,(anonymous_3)
FN:64,(anonymous_4)
FN:89,(anonymous_5)
FN:93,(anonymous_6)
FN:105,(anonymous_7)
FN:110,(anonymous_8)
FN:120,(anonymous_9)
FN:130,(anonymous_10)
FN:136,(anonymous_11)
FN:141,(anonymous_12)
FN:158,(anonymous_13)
FN:169,(anonymous_14)
FN:181,(anonymous_15)
FN:184,(anonymous_16)
FN:197,(anonymous_17)
FN:215,(anonymous_18)
FN:240,(anonymous_19)
FN:251,(anonymous_20)
FNF:20
FNH:0
FNDA:0,(anonymous_1)
FNDA:0,(anonymous_2)
FNDA:0,(anonymous_3)
FNDA:0,(anonymous_4)
FNDA:0,(anonymous_5)
FNDA:0,(anonymous_6)
FNDA:0,(anonymous_7)
FNDA:0,(anonymous_8)
FNDA:0,(anonymous_9)
FNDA:0,(anonymous_10)
FNDA:0,(anonymous_11)
FNDA:0,(anonymous_12)
FNDA:0,(anonymous_13)
FNDA:0,(anonymous_14)
FNDA:0,(anonymous_15)
FNDA:0,(anonymous_16)
FNDA:0,(anonymous_17)
FNDA:0,(anonymous_18)
FNDA:0,(anonymous_19)
FNDA:0,(anonymous_20)
DA:1,0
DA:3,0
DA:37,0
DA:39,0
DA:42,0
DA:43,0
DA:45,0
DA:49,0
DA:53,0
DA:54,0
DA:55,0
DA:58,0
DA:59,0
DA:60,0
DA:65,0
DA:66,0
DA:67,0
DA:70,0
DA:72,0
DA:73,0
DA:75,0
DA:76,0
DA:77,0
DA:79,0
DA:88,0
DA:89,0
DA:94,0
DA:97,0
DA:105,0
DA:106,0
DA:111,0
DA:121,0
DA:122,0
DA:123,0
DA:124,0
DA:127,0
DA:128,0
DA:130,0
DA:131,0
DA:133,0
DA:137,0
DA:138,0
DA:141,0
DA:143,0
DA:145,0
DA:146,0
DA:147,0
DA:148,0
DA:151,0
DA:152,0
DA:155,0
DA:159,0
DA:160,0
DA:162,0
DA:166,0
DA:170,0
DA:173,0
DA:181,0
DA:182,0
DA:183,0
DA:184,0
DA:185,0
DA:188,0
DA:191,0
DA:192,0
DA:194,0
DA:198,0
DA:199,0
DA:200,0
DA:202,0
DA:205,0
DA:212,0
DA:216,0
DA:217,0
DA:219,0
DA:220,0
DA:223,0
DA:224,0
DA:227,0
DA:228,0
DA:231,0
DA:232,0
DA:235,0
DA:236,0
DA:240,0
DA:241,0
DA:244,0
DA:245,0
DA:248,0
DA:252,0
LF:90
LH:0
BRDA:42,0,0,0
BRDA:53,1,0,0
BRDA:64,2,0,0
BRDA:66,3,0,0
BRDA:73,4,0,0
BRDA:133,5,0,0
BRDA:133,5,1,0
BRDA:137,6,0,0
BRDA:137,6,1,0
BRDA:138,7,0,0
BRDA:138,7,1,0
BRDA:143,8,0,0
BRDA:170,9,0,0
BRDA:170,10,0,0
BRDA:170,10,1,0
BRDA:184,11,0,0
BRDA:194,12,0,0
BRDA:194,12,1,0
BRDA:199,13,0,0
BRDA:199,13,1,0
BRDA:200,14,0,0
BRDA:200,14,1,0
BRDA:202,15,0,0
BRDA:212,16,0,0
BRDA:212,16,1,0
BRDA:219,17,0,0
BRDA:223,18,0,0
BRDA:227,19,0,0
BRDA:231,20,0,0
BRDA:235,21,0,0
BRDA:244,22,0,0
BRDA:248,23,0,0
BRDA:248,23,1,0
BRF:33
BRH:0
end_of_record
TN:
SF:lib/middleware/db-error-handler.ts
FN:16,(anonymous_5)
FN:41,(anonymous_6)
FN:45,(anonymous_7)
FN:49,(anonymous_8)
FN:64,(anonymous_9)
FN:84,(anonymous_10)
FN:91,(anonymous_11)
FN:107,(anonymous_12)
FN:128,(anonymous_13)
FN:151,withDatabaseErrorHandling
FN:155,(anonymous_15)
FN:165,databaseErrorMiddleware
FNF:12
FNH:0
FNDA:0,(anonymous_5)
FNDA:0,(anonymous_6)
FNDA:0,(anonymous_7)
FNDA:0,(anonymous_8)
FNDA:0,(anonymous_9)
FNDA:0,(anonymous_10)
FNDA:0,(anonymous_11)
FNDA:0,(anonymous_12)
FNDA:0,(anonymous_13)
FNDA:0,withDatabaseErrorHandling
FNDA:0,(anonymous_15)
FNDA:0,databaseErrorMiddleware
DA:2,0
DA:12,0
DA:13,0
DA:14,0
DA:17,0
DA:25,0
DA:28,0
DA:29,0
DA:32,0
DA:38,0
DA:42,0
DA:46,0
DA:50,0
DA:58,0
DA:71,0
DA:72,0
DA:73,0
DA:75,0
DA:76,0
DA:78,0
DA:79,0
DA:83,0
DA:84,0
DA:88,0
DA:92,0
DA:94,0
DA:95,0
DA:97,0
DA:109,0
DA:110,0
DA:113,0
DA:114,0
DA:117,0
DA:118,0
DA:121,0
DA:122,0
DA:125,0
DA:130,0
DA:131,0
DA:134,0
DA:135,0
DA:138,0
DA:139,0
DA:142,0
DA:143,0
DA:146,0
DA:151,0
DA:155,0
DA:156,0
DA:157,0
DA:159,0
DA:165,0
DA:169,0
DA:170,0
DA:172,0
LF:55
LH:0
BRDA:18,0,0,0
BRDA:18,0,1,0
BRDA:19,1,0,0
BRDA:19,1,1,0
BRDA:20,2,0,0
BRDA:20,2,1,0
BRDA:28,3,0,0
BRDA:58,4,0,0
BRDA:58,4,1,0
BRDA:58,4,2,0
BRDA:58,4,3,0
BRDA:67,5,0,0
BRDA:78,6,0,0
BRDA:78,7,0,0
BRDA:78,7,1,0
BRDA:109,8,0,0
BRDA:113,9,0,0
BRDA:117,10,0,0
BRDA:117,11,0,0
BRDA:117,11,1,0
BRDA:121,12,0,0
BRDA:121,13,0,0
BRDA:121,13,1,0
BRDA:130,14,0,0
BRDA:134,15,0,0
BRDA:138,16,0,0
BRDA:142,17,0,0
BRF:27
BRH:0
end_of_record
TN:
SF:lib/supabase/client.ts
FNF:0
FNH:0
DA:1,0
DA:4,0
DA:8,0
DA:9,0
DA:11,0
LF:5
LH:0
BRDA:4,0,0,0
BRDA:4,0,1,0
BRDA:4,0,2,0
BRDA:8,1,0,0
BRDA:8,1,1,0
BRDA:9,2,0,0
BRDA:9,2,1,0
BRF:7
BRH:0
end_of_record
TN:
SF:lib/supabase/server.ts
FN:12,(anonymous_3)
FN:19,(anonymous_4)
FN:22,(anonymous_5)
FN:25,(anonymous_6)
FN:33,(anonymous_7)
FN:40,(anonymous_8)
FN:43,(anonymous_9)
FN:46,(anonymous_10)
FNF:8
FNH:0
FNDA:0,(anonymous_3)
FNDA:0,(anonymous_4)
FNDA:0,(anonymous_5)
FNDA:0,(anonymous_6)
FNDA:0,(anonymous_7)
FNDA:0,(anonymous_8)
FNDA:0,(anonymous_9)
FNDA:0,(anonymous_10)
DA:1,0
DA:2,0
DA:5,0
DA:9,0
DA:10,0
DA:12,0
DA:13,0
DA:14,0
DA:20,0
DA:23,0
DA:26,0
DA:33,0
DA:34,0
DA:35,0
DA:41,0
DA:44,0
DA:47,0
LF:17
LH:0
BRDA:5,0,0,0
BRDA:5,0,1,0
BRDA:5,0,2,0
BRDA:9,1,0,0
BRDA:9,1,1,0
BRDA:10,2,0,0
BRDA:10,2,1,0
BRF:7
BRH:0
end_of_record
TN:
SF:lib/utils/circuitBreaker.ts
FN:53,(anonymous_5)
FN:61,(anonymous_6)
FN:100,(anonymous_7)
FN:101,(anonymous_8)
FN:102,(anonymous_9)
FN:108,(anonymous_10)
FN:128,(anonymous_11)
FN:142,(anonymous_12)
FN:151,(anonymous_13)
FN:158,(anonymous_14)
FN:167,(anonymous_15)
FN:172,(anonymous_16)
FN:181,(anonymous_17)
FN:184,(anonymous_18)
FN:201,(anonymous_19)
FN:205,(anonymous_20)
FN:220,(anonymous_21)
FN:224,(anonymous_22)
FN:229,(anonymous_23)
FN:234,(anonymous_24)
FN:242,(anonymous_25)
FN:254,(anonymous_26)
FN:258,(anonymous_27)
FN:266,(anonymous_28)
FN:268,(anonymous_29)
FN:274,(anonymous_30)
FN:276,(anonymous_31)
FN:282,(anonymous_32)
FN:283,(anonymous_33)
FN:286,(anonymous_34)
FN:287,(anonymous_35)
FN:290,(anonymous_36)
FN:291,(anonymous_37)
FN:295,(anonymous_38)
FN:304,(anonymous_39)
FN:305,(anonymous_40)
FN:306,(anonymous_41)
FNF:37
FNH:0
FNDA:0,(anonymous_5)
FNDA:0,(anonymous_6)
FNDA:0,(anonymous_7)
FNDA:0,(anonymous_8)
FNDA:0,(anonymous_9)
FNDA:0,(anonymous_10)
FNDA:0,(anonymous_11)
FNDA:0,(anonymous_12)
FNDA:0,(anonymous_13)
FNDA:0,(anonymous_14)
FNDA:0,(anonymous_15)
FNDA:0,(anonymous_16)
FNDA:0,(anonymous_17)
FNDA:0,(anonymous_18)
FNDA:0,(anonymous_19)
FNDA:0,(anonymous_20)
FNDA:0,(anonymous_21)
FNDA:0,(anonymous_22)
FNDA:0,(anonymous_23)
FNDA:0,(anonymous_24)
FNDA:0,(anonymous_25)
FNDA:0,(anonymous_26)
FNDA:0,(anonymous_27)
FNDA:0,(anonymous_28)
FNDA:0,(anonymous_29)
FNDA:0,(anonymous_30)
FNDA:0,(anonymous_31)
FNDA:0,(anonymous_32)
FNDA:0,(anonymous_33)
FNDA:0,(anonymous_34)
FNDA:0,(anonymous_35)
FNDA:0,(anonymous_36)
FNDA:0,(anonymous_37)
FNDA:0,(anonymous_38)
FNDA:0,(anonymous_39)
FNDA:0,(anonymous_40)
FNDA:0,(anonymous_41)
DA:32,0
DA:33,0
DA:34,0
DA:35,0
DA:39,0
DA:40,0
DA:41,0
DA:43,0
DA:51,0
DA:54,0
DA:62,0
DA:63,0
DA:66,0
DA:67,0
DA:68,0
DA:70,0
DA:76,0
DA:77,0
DA:78,0
DA:83,0
DA:84,0
DA:87,0
DA:88,0
DA:89,0
DA:92,0
DA:93,0
DA:95,0
DA:96,0
DA:101,0
DA:102,0
DA:103,0
DA:109,0
DA:110,0
DA:111,0
DA:112,0
DA:113,0
DA:115,0
DA:116,0
DA:119,0
DA:120,0
DA:122,0
DA:124,0
DA:129,0
DA:130,0
DA:131,0
DA:132,0
DA:133,0
DA:135,0
DA:136,0
DA:137,0
DA:138,0
DA:143,0
DA:144,0
DA:145,0
DA:146,0
DA:148,0
DA:152,0
DA:153,0
DA:154,0
DA:155,0
DA:159,0
DA:160,0
DA:161,0
DA:162,0
DA:163,0
DA:164,0
DA:168,0
DA:169,0
DA:173,0
DA:176,0
DA:177,0
DA:181,0
DA:185,0
DA:187,0
DA:202,0
DA:206,0
DA:207,0
DA:208,0
DA:209,0
DA:210,0
DA:211,0
DA:212,0
DA:213,0
DA:214,0
DA:215,0
DA:217,0
DA:221,0
DA:225,0
DA:230,0
DA:235,0
DA:236,0
DA:241,0
DA:243,0
DA:244,0
DA:249,0
DA:250,0
DA:252,0
DA:255,0
DA:259,0
DA:260,0
DA:261,0
DA:263,0
DA:267,0
DA:268,0
DA:269,0
DA:271,0
DA:275,0
DA:276,0
DA:277,0
DA:279,0
DA:283,0
DA:287,0
DA:291,0
DA:302,0
DA:303,0
DA:304,0
DA:305,0
DA:306,0
DA:308,0
DA:310,0
DA:311,0
DA:312,0
DA:313,0
DA:316,0
DA:327,0
LF:125
LH:0
BRDA:66,0,0,0
BRDA:67,1,0,0
BRDA:67,1,1,0
BRDA:87,2,0,0
BRDA:115,3,0,0
BRDA:115,3,1,0
BRDA:119,4,0,0
BRDA:122,5,0,0
BRDA:135,6,0,0
BRDA:135,6,1,0
BRDA:135,7,0,0
BRDA:135,7,1,0
BRDA:137,8,0,0
BRDA:168,9,0,0
BRDA:176,10,0,0
BRDA:185,11,0,0
BRDA:185,11,1,0
BRDA:259,12,0,0
BRDA:310,13,0,0
BRDA:310,13,1,0
BRDA:311,14,0,0
BRDA:311,14,1,0
BRDA:312,15,0,0
BRF:23
BRH:0
end_of_record
TN:
SF:lib/utils/retry.ts
FN:16,isTransientError
FN:51,(anonymous_9)
FN:63,exponentialBackoff
FN:81,withRetry
FN:136,withRetryAndTimeout
FN:142,(anonymous_13)
FN:144,(anonymous_14)
FN:145,(anonymous_15)
FN:153,withBatchRetry
FN:174,(anonymous_17)
FN:176,(anonymous_18)
FN:188,(anonymous_19)
FN:205,withConditionalRetry
FN:210,(anonymous_21)
FN:220,sleep
FN:221,(anonymous_23)
FN:225,Retryable
FN:226,(anonymous_25)
FN:229,(anonymous_26)
FN:230,(anonymous_27)
FNF:20
FNH:0
FNDA:0,isTransientError
FNDA:0,(anonymous_9)
FNDA:0,exponentialBackoff
FNDA:0,withRetry
FNDA:0,withRetryAndTimeout
FNDA:0,(anonymous_13)
FNDA:0,(anonymous_14)
FNDA:0,(anonymous_15)
FNDA:0,withBatchRetry
FNDA:0,(anonymous_17)
FNDA:0,(anonymous_18)
FNDA:0,(anonymous_19)
FNDA:0,withConditionalRetry
FNDA:0,(anonymous_21)
FNDA:0,sleep
FNDA:0,(anonymous_23)
FNDA:0,Retryable
FNDA:0,(anonymous_25)
FNDA:0,(anonymous_26)
FNDA:0,(anonymous_27)
DA:16,0
DA:17,0
DA:19,0
DA:31,0
DA:44,0
DA:45,0
DA:49,0
DA:50,0
DA:51,0
DA:55,0
DA:56,0
DA:59,0
DA:63,0
DA:69,0
DA:75,0
DA:77,0
DA:81,0
DA:91,0
DA:93,0
DA:94,0
DA:96,0
DA:97,0
DA:98,0
DA:99,0
DA:101,0
DA:107,0
DA:110,0
DA:111,0
DA:115,0
DA:116,0
DA:120,0
DA:124,0
DA:125,0
DA:129,0
DA:130,0
DA:136,0
DA:141,0
DA:142,0
DA:145,0
DA:153,0
DA:165,0
DA:167,0
DA:168,0
DA:171,0
DA:172,0
DA:174,0
DA:175,0
DA:176,0
DA:177,0
DA:179,0
DA:180,0
DA:182,0
DA:186,0
DA:188,0
DA:189,0
DA:190,0
DA:191,0
DA:193,0
DA:196,0
DA:201,0
DA:205,0
DA:210,0
DA:211,0
DA:212,0
DA:213,0
DA:215,0
DA:221,0
DA:225,0
DA:226,0
DA:227,0
DA:229,0
DA:230,0
LF:72
LH:0
BRDA:17,0,0,0
BRDA:44,1,0,0
BRDA:44,2,0,0
BRDA:44,2,1,0
BRDA:49,3,0,0
BRDA:55,4,0,0
BRDA:65,5,0,0
BRDA:66,6,0,0
BRDA:67,7,0,0
BRDA:83,8,0,0
BRDA:86,9,0,0
BRDA:87,10,0,0
BRDA:88,11,0,0
BRDA:89,12,0,0
BRDA:90,13,0,0
BRDA:110,14,0,0
BRDA:115,15,0,0
BRDA:120,16,0,0
BRDA:120,16,1,0
BRDA:138,17,0,0
BRDA:139,18,0,0
BRDA:156,19,0,0
BRDA:162,20,0,0
BRDA:163,21,0,0
BRDA:179,22,0,0
BRDA:189,23,0,0
BRDA:189,23,1,0
BRDA:190,24,0,0
BRDA:190,24,1,0
BRDA:193,25,0,0
BRDA:193,25,1,0
BRDA:208,26,0,0
BRDA:212,27,0,0
BRDA:225,28,0,0
BRF:34
BRH:0
end_of_record
